Using pre-set license
Built from '2021.3/staging' branch; Version is '2021.3.1f1 (3b70a0754835) revision 3895456'; Using compiler version '192829333'; Build Type 'Release'
OS: 'Windows 11  (10.0.22621) 64bit Professional' Language: 'en' Physical Memory: 23873 MB
BatchMode: 1, IsHumanControllingUs: 0, StartBugReporterOnCrash: 0, Is64bit: 1, IsPro: 1

COMMAND LINE ARGUMENTS:
C:\Program Files\Unity\Hub\Editor\2021.3.1f1\Editor\Unity.exe
-adb2
-batchMode
-noUpm
-name
AssetImportWorker2
-projectPath
C:/Users/jakew/OneDrive/Desktop/Adam/Games/Brain-Games
-logFile
Logs/AssetImportWorker2.log
-srvPort
49760
Successfully changed project path to: C:/Users/jakew/OneDrive/Desktop/Adam/Games/Brain-Games
C:/Users/jakew/OneDrive/Desktop/Adam/Games/Brain-Games
[UnityMemory] Configuration Parameters - Can be set up in boot.config
    "memorysetup-bucket-allocator-granularity=16"
    "memorysetup-bucket-allocator-bucket-count=8"
    "memorysetup-bucket-allocator-block-size=33554432"
    "memorysetup-bucket-allocator-block-count=8"
    "memorysetup-main-allocator-block-size=16777216"
    "memorysetup-thread-allocator-block-size=16777216"
    "memorysetup-gfx-main-allocator-block-size=16777216"
    "memorysetup-gfx-thread-allocator-block-size=16777216"
    "memorysetup-cache-allocator-block-size=4194304"
    "memorysetup-typetree-allocator-block-size=2097152"
    "memorysetup-profiler-bucket-allocator-granularity=16"
    "memorysetup-profiler-bucket-allocator-bucket-count=8"
    "memorysetup-profiler-bucket-allocator-block-size=33554432"
    "memorysetup-profiler-bucket-allocator-block-count=8"
    "memorysetup-profiler-allocator-block-size=16777216"
    "memorysetup-profiler-editor-allocator-block-size=1048576"
    "memorysetup-temp-allocator-size-main=16777216"
    "memorysetup-job-temp-allocator-block-size=2097152"
    "memorysetup-job-temp-allocator-block-size-background=1048576"
    "memorysetup-job-temp-allocator-reduction-small-platforms=262144"
    "memorysetup-temp-allocator-size-background-worker=32768"
    "memorysetup-temp-allocator-size-job-worker=262144"
    "memorysetup-temp-allocator-size-preload-manager=33554432"
    "memorysetup-temp-allocator-size-nav-mesh-worker=65536"
    "memorysetup-temp-allocator-size-audio-worker=65536"
    "memorysetup-temp-allocator-size-cloud-worker=32768"
    "memorysetup-temp-allocator-size-gi-baking-worker=262144"
    "memorysetup-temp-allocator-size-gfx=262144"
Refreshing native plugins compatible for Editor in 204.84 ms, found 3 plugins.
Preloading 0 native plugins for Editor in 0.00 ms.
Initialize engine version: 2021.3.1f1 (3b70a0754835)
[Subsystems] Discovering subsystems at path C:/Program Files/Unity/Hub/Editor/2021.3.1f1/Editor/Data/Resources/UnitySubsystems
[Subsystems] Discovering subsystems at path C:/Users/jakew/OneDrive/Desktop/Adam/Games/Brain-Games/Assets
GfxDevice: creating device client; threaded=0; jobified=0
Direct3D:
    Version:  Direct3D 11.0 [level 11.1]
    Renderer: AMD Radeon(TM) Graphics (ID=0x1638)
    Vendor:   ATI
    VRAM:     11936 MB
    Driver:   30.0.13024.4001
Initialize mono
Mono path[0] = 'C:/Program Files/Unity/Hub/Editor/2021.3.1f1/Editor/Data/Managed'
Mono path[1] = 'C:/Program Files/Unity/Hub/Editor/2021.3.1f1/Editor/Data/MonoBleedingEdge/lib/mono/unityjit-win32'
Mono config path = 'C:/Program Files/Unity/Hub/Editor/2021.3.1f1/Editor/Data/MonoBleedingEdge/etc'
Using monoOptions --debugger-agent=transport=dt_socket,embedding=1,server=y,suspend=n,address=127.0.0.1:56232
Begin MonoManager ReloadAssembly
Registering precompiled unity dll's ...
Register platform support module: C:/Program Files/Unity/Hub/Editor/2021.3.1f1/Editor/Data/PlaybackEngines/WebGLSupport/UnityEditor.WebGL.Extensions.dll
Register platform support module: C:/Program Files/Unity/Hub/Editor/2021.3.1f1/Editor/Data/PlaybackEngines/MacStandaloneSupport/UnityEditor.OSXStandalone.Extensions.dll
Register platform support module: C:/Program Files/Unity/Hub/Editor/2021.3.1f1/Editor/Data/PlaybackEngines/AndroidPlayer/UnityEditor.Android.Extensions.dll
Register platform support module: C:/Program Files/Unity/Hub/Editor/2021.3.1f1/Editor/Data/PlaybackEngines/iOSSupport/UnityEditor.iOS.Extensions.dll
Register platform support module: C:/Program Files/Unity/Hub/Editor/2021.3.1f1/Editor/Data/PlaybackEngines/WindowsStandaloneSupport/UnityEditor.WindowsStandalone.Extensions.dll
Register platform support module: C:/Program Files/Unity/Hub/Editor/2021.3.1f1/Editor/Data/PlaybackEngines/MetroSupport/UnityEditor.UWP.Extensions.dll
Registered in 0.020978 seconds.
Native extension for UWP target not found
Native extension for WindowsStandalone target not found
[usbmuxd] Start listen thread
[usbmuxd] Listen thread started
Native extension for iOS target not found
Native extension for Android target not found
Native extension for OSXStandalone target not found
Native extension for WebGL target not found
Refreshing native plugins compatible for Editor in 194.85 ms, found 3 plugins.
Preloading 0 native plugins for Editor in 0.00 ms.
Mono: successfully reloaded assembly
- Completed reload, in  1.839 seconds
Domain Reload Profiling:
	ReloadAssembly (1840ms)
		BeginReloadAssembly (158ms)
			ExecutionOrderSort (0ms)
			DisableScriptedObjects (0ms)
			BackupInstance (0ms)
			ReleaseScriptingObjects (0ms)
			CreateAndSetChildDomain (1ms)
		EndReloadAssembly (1270ms)
			LoadAssemblies (159ms)
			RebuildTransferFunctionScriptingTraits (0ms)
			SetupTypeCache (466ms)
			ReleaseScriptCaches (0ms)
			RebuildScriptCaches (51ms)
			SetupLoadedEditorAssemblies (633ms)
				LogAssemblyErrors (0ms)
				InitializePlatformSupportModulesInManaged (188ms)
				SetLoadedEditorAssemblies (3ms)
				RefreshPlugins (195ms)
				BeforeProcessingInitializeOnLoad (2ms)
				ProcessInitializeOnLoadAttributes (162ms)
				ProcessInitializeOnLoadMethodAttributes (84ms)
				AfterProcessingInitializeOnLoad (0ms)
				EditorAssembliesLoaded (0ms)
			ExecutionOrderSort2 (0ms)
			AwakeInstancesAfterBackupRestoration (0ms)
Platform modules already initialized, skipping
Registering precompiled user dll's ...
Registered in 0.016965 seconds.
Begin MonoManager ReloadAssembly
Symbol file LoadedFromMemory is not a mono symbol file
Native extension for UWP target not found
Native extension for WindowsStandalone target not found
Native extension for iOS target not found
Native extension for Android target not found
Native extension for OSXStandalone target not found
Native extension for WebGL target not found
Refreshing native plugins compatible for Editor in 158.02 ms, found 3 plugins.
Preloading 0 native plugins for Editor in 0.00 ms.
Package Manager log level set to [2]
Mono: successfully reloaded assembly
- Completed reload, in  2.137 seconds
Domain Reload Profiling:
	ReloadAssembly (2138ms)
		BeginReloadAssembly (279ms)
			ExecutionOrderSort (0ms)
			DisableScriptedObjects (8ms)
			BackupInstance (0ms)
			ReleaseScriptingObjects (0ms)
			CreateAndSetChildDomain (135ms)
		EndReloadAssembly (1639ms)
			LoadAssemblies (167ms)
			RebuildTransferFunctionScriptingTraits (0ms)
			SetupTypeCache (286ms)
			ReleaseScriptCaches (1ms)
			RebuildScriptCaches (112ms)
			SetupLoadedEditorAssemblies (1015ms)
				LogAssemblyErrors (0ms)
				InitializePlatformSupportModulesInManaged (45ms)
				SetLoadedEditorAssemblies (0ms)
				RefreshPlugins (158ms)
				BeforeProcessingInitializeOnLoad (136ms)
				ProcessInitializeOnLoadAttributes (508ms)
				ProcessInitializeOnLoadMethodAttributes (154ms)
				AfterProcessingInitializeOnLoad (14ms)
				EditorAssembliesLoaded (0ms)
			ExecutionOrderSort2 (0ms)
			AwakeInstancesAfterBackupRestoration (10ms)
Platform modules already initialized, skipping
========================================================================
Worker process is ready to serve import requests
Launched and connected shader compiler UnityShaderCompiler.exe after 0.11 seconds
Refreshing native plugins compatible for Editor in 1.85 ms, found 3 plugins.
Preloading 0 native plugins for Editor in 0.00 ms.
Unloading 4156 Unused Serialized files (Serialized files now loaded: 0)
Unloading 69 unused Assets / (56.8 KB). Loaded Objects now: 4594.
Memory consumption went from 167.9 MB to 167.8 MB.
Total: 10.116300 ms (FindLiveObjects: 0.391200 ms CreateObjectMapping: 0.224900 ms MarkObjects: 9.368700 ms  DeleteObjects: 0.130000 ms)

AssetImportParameters requested are different than current active one (requested -> active):
  custom:video-decoder-ogg-theora: a1e56fd34408186e4bbccfd4996cb3dc -> 
  custom:container-muxer-webm: aa71ff27fc2769a1b78a27578f13a17b -> 
  custom:container-demuxer-webm: 4f35f7cbe854078d1ac9338744f61a02 -> 
  custom:video-encoder-webm-vp8: eb34c28f22e8b96e1ab97ce403110664 -> 
  custom:audio-encoder-webm-vorbis: bf7c407c2cedff20999df2af8eb42d56 -> 
  custom:framework-win-MediaFoundation: 216162199b28c13a410421893ffa2e32 -> 
  custom:container-demuxer-ogg: 62fdf1f143b41e24485cea50d1cbac27 -> 
  custom:video-decoder-webm-vp8: 9c59270c3fd7afecdb556c50c9e8de78 -> 
  custom:audio-decoder-ogg-vorbis: bf7c407c2cedff20999df2af8eb42d56 -> 
========================================================================
Received Import Request.
  Time since last request: 264661.141697 seconds.
  path: Assets/Doozy/_Extras/Sprites/Wallpapers/LiquidMarbling_2.png
  artifactKey: Guid(e277fc8a74fce1f449c5da1f3e1979df) Importer(815301076,1909f56bfc062723c751e8b465ee728b)
Start importing Assets/Doozy/_Extras/Sprites/Wallpapers/LiquidMarbling_2.png using Guid(e277fc8a74fce1f449c5da1f3e1979df) Importer(815301076,1909f56bfc062723c751e8b465ee728b)  -> (artifact id: 'a47921f65e002bfed8e41b3648c2af7b') in 0.239943 seconds 
========================================================================
Received Import Request.
  Time since last request: 0.000029 seconds.
  path: Assets/Doozy/_Extras/Sprites/Wallpapers/LiquidMarbling_7.png
  artifactKey: Guid(b630b62b16c059e48b4b1b8e883e67cb) Importer(815301076,1909f56bfc062723c751e8b465ee728b)
Start importing Assets/Doozy/_Extras/Sprites/Wallpapers/LiquidMarbling_7.png using Guid(b630b62b16c059e48b4b1b8e883e67cb) Importer(815301076,1909f56bfc062723c751e8b465ee728b)  -> (artifact id: '734d76f9ba423d8c00cce329105e3cb4') in 0.050646 seconds 
========================================================================
Received Import Request.
  Time since last request: 0.000036 seconds.
  path: Assets/Doozy/_Extras/Sprites/Icons/location-dot_regular.png
  artifactKey: Guid(9d2db833689dd584b8f89837ac3f34c7) Importer(815301076,1909f56bfc062723c751e8b465ee728b)
Start importing Assets/Doozy/_Extras/Sprites/Icons/location-dot_regular.png using Guid(9d2db833689dd584b8f89837ac3f34c7) Importer(815301076,1909f56bfc062723c751e8b465ee728b)  -> (artifact id: '662947d44244ce2be1564be8aed782cf') in 0.041085 seconds 
========================================================================
Received Import Request.
  Time since last request: 0.000028 seconds.
  path: Assets/Doozy/_Extras/Sprites/Icons/magnifying-glass_solid.png
  artifactKey: Guid(9945d334425622242bc15c8ccba319ce) Importer(815301076,1909f56bfc062723c751e8b465ee728b)
Start importing Assets/Doozy/_Extras/Sprites/Icons/magnifying-glass_solid.png using Guid(9945d334425622242bc15c8ccba319ce) Importer(815301076,1909f56bfc062723c751e8b465ee728b)  -> (artifact id: '1e4fe3fd0799ed53492c0b329c6be729') in 0.035777 seconds 
========================================================================
Received Import Request.
  Time since last request: 0.000025 seconds.
  path: Assets/Doozy/_Extras/Sprites/Icons/location-check_solid.png
  artifactKey: Guid(6cb4905fc071cf14e9e9b6e721ec9b96) Importer(815301076,1909f56bfc062723c751e8b465ee728b)
Start importing Assets/Doozy/_Extras/Sprites/Icons/location-check_solid.png using Guid(6cb4905fc071cf14e9e9b6e721ec9b96) Importer(815301076,1909f56bfc062723c751e8b465ee728b)  -> (artifact id: '897a65775c5520e404d5b0ddfd7d6850') in 0.037875 seconds 
========================================================================
Received Import Request.
  Time since last request: 0.000031 seconds.
  path: Assets/Doozy/_Extras/Sprites/Icons/magnifying-glass_regular.png
  artifactKey: Guid(a7cd484891cc89c469706798e30d86b5) Importer(815301076,1909f56bfc062723c751e8b465ee728b)
Start importing Assets/Doozy/_Extras/Sprites/Icons/magnifying-glass_regular.png using Guid(a7cd484891cc89c469706798e30d86b5) Importer(815301076,1909f56bfc062723c751e8b465ee728b)  -> (artifact id: '597749e7ee3fcf5626f386b27ba545ca') in 0.035330 seconds 
========================================================================
Received Import Request.
  Time since last request: 0.000036 seconds.
  path: Assets/Doozy/_Extras/Sprites/Icons/lock-open_light.png
  artifactKey: Guid(3465baba39a34fd4fa8b2e02d13c0fc9) Importer(815301076,1909f56bfc062723c751e8b465ee728b)
Start importing Assets/Doozy/_Extras/Sprites/Icons/lock-open_light.png using Guid(3465baba39a34fd4fa8b2e02d13c0fc9) Importer(815301076,1909f56bfc062723c751e8b465ee728b)  -> (artifact id: '051ca46a3da8b3d4338d3e28038c2f36') in 0.052989 seconds 
========================================================================
Received Import Request.
  Time since last request: 0.000030 seconds.
  path: Assets/Doozy/_Extras/Sprites/Logos/_Big/Logo - Doozy Entertainment.png
  artifactKey: Guid(9fe5e65bd731c984a8c5c5b78abc6610) Importer(815301076,1909f56bfc062723c751e8b465ee728b)
Start importing Assets/Doozy/_Extras/Sprites/Logos/_Big/Logo - Doozy Entertainment.png using Guid(9fe5e65bd731c984a8c5c5b78abc6610) Importer(815301076,1909f56bfc062723c751e8b465ee728b)  -> (artifact id: '590bbd4d746f4e2ac4adaa8f9c2f52f4') in 0.048183 seconds 
========================================================================
Received Import Request.
  Time since last request: 0.000041 seconds.
  path: Assets/Doozy/_Extras/Sprites/Icons/message_solid.png
  artifactKey: Guid(55cb501389c836844994268b00bc4ca9) Importer(815301076,1909f56bfc062723c751e8b465ee728b)
Start importing Assets/Doozy/_Extras/Sprites/Icons/message_solid.png using Guid(55cb501389c836844994268b00bc4ca9) Importer(815301076,1909f56bfc062723c751e8b465ee728b)  -> (artifact id: '18b71b67326932bc4b0aec0ca6e3aabd') in 0.032352 seconds 
========================================================================
Received Import Request.
  Time since last request: 0.000026 seconds.
  path: Assets/Doozy/_Extras/MicroAnimations/Logos/NodyIcon/Nody05.png
  artifactKey: Guid(63c93d5a091f70247bd4f3df8db0a799) Importer(815301076,1909f56bfc062723c751e8b465ee728b)
Start importing Assets/Doozy/_Extras/MicroAnimations/Logos/NodyIcon/Nody05.png using Guid(63c93d5a091f70247bd4f3df8db0a799) Importer(815301076,1909f56bfc062723c751e8b465ee728b)  -> (artifact id: 'e66374a663af377ae5df0b3aac7f2771') in 0.033959 seconds 
========================================================================
Received Import Request.
  Time since last request: 0.000023 seconds.
  path: Assets/Doozy/_Extras/Sprites/Icons/paperclip-vertical_regular.png
  artifactKey: Guid(751139f25e1cffa4cbb520f53caeec7d) Importer(815301076,1909f56bfc062723c751e8b465ee728b)
Start importing Assets/Doozy/_Extras/Sprites/Icons/paperclip-vertical_regular.png using Guid(751139f25e1cffa4cbb520f53caeec7d) Importer(815301076,1909f56bfc062723c751e8b465ee728b)  -> (artifact id: '5b2449ceac016c63e49414020d122c86') in 0.032951 seconds 
========================================================================
Received Import Request.
  Time since last request: 0.000033 seconds.
  path: Assets/Doozy/_Extras/Sprites/Icons/music_light.png
  artifactKey: Guid(ef53d5d61cb620842aa71d47a3df3ee3) Importer(815301076,1909f56bfc062723c751e8b465ee728b)
Start importing Assets/Doozy/_Extras/Sprites/Icons/music_light.png using Guid(ef53d5d61cb620842aa71d47a3df3ee3) Importer(815301076,1909f56bfc062723c751e8b465ee728b)  -> (artifact id: '374a9522662a1eb78f6be92ca1e7e6d7') in 0.034609 seconds 
========================================================================
Received Import Request.
  Time since last request: 0.000027 seconds.
  path: Assets/Doozy/_Extras/MicroAnimations/Logos/NodyIcon/Nody25.png
  artifactKey: Guid(f4539b4ac0248e24398e29cb5983e5ae) Importer(815301076,1909f56bfc062723c751e8b465ee728b)
Start importing Assets/Doozy/_Extras/MicroAnimations/Logos/NodyIcon/Nody25.png using Guid(f4539b4ac0248e24398e29cb5983e5ae) Importer(815301076,1909f56bfc062723c751e8b465ee728b)  -> (artifact id: '4238b506f11ec4fce10c5d3193849458') in 0.030186 seconds 
========================================================================
Received Import Request.
  Time since last request: 0.000032 seconds.
  path: Assets/Doozy/_Extras/Sprites/Icons/plug_regular.png
  artifactKey: Guid(94ae788dff59c1140b8abd8d84bfd971) Importer(815301076,1909f56bfc062723c751e8b465ee728b)
Start importing Assets/Doozy/_Extras/Sprites/Icons/plug_regular.png using Guid(94ae788dff59c1140b8abd8d84bfd971) Importer(815301076,1909f56bfc062723c751e8b465ee728b)  -> (artifact id: 'd49ce7074bfdccfdb173d2ca2092806a') in 0.038759 seconds 
========================================================================
Received Import Request.
  Time since last request: 0.000045 seconds.
  path: Assets/Doozy/_Extras/Sprites/Wallpapers/PinkPurpleChaos_4.png
  artifactKey: Guid(14b77eed6b4126647952475c37360858) Importer(815301076,1909f56bfc062723c751e8b465ee728b)
Start importing Assets/Doozy/_Extras/Sprites/Wallpapers/PinkPurpleChaos_4.png using Guid(14b77eed6b4126647952475c37360858) Importer(815301076,1909f56bfc062723c751e8b465ee728b)  -> (artifact id: 'b9de516d314e7853e44775fd28879b86') in 0.068426 seconds 
========================================================================
Received Import Request.
  Time since last request: 0.000037 seconds.
  path: Assets/Doozy/_Extras/MicroAnimations/Logos/ReactorIcon/Reactor06.png
  artifactKey: Guid(ab9548f5e7b227342a58a8f91a097026) Importer(815301076,1909f56bfc062723c751e8b465ee728b)
Start importing Assets/Doozy/_Extras/MicroAnimations/Logos/ReactorIcon/Reactor06.png using Guid(ab9548f5e7b227342a58a8f91a097026) Importer(815301076,1909f56bfc062723c751e8b465ee728b)  -> (artifact id: 'b37ad889ae168571e60078c07dc47fe7') in 0.031916 seconds 
========================================================================
Received Import Request.
  Time since last request: 0.000034 seconds.
  path: Assets/Doozy/_Extras/MicroAnimations/Logos/NodyIcon/Nody16.png
  artifactKey: Guid(f042231271ca64448996d0b116974882) Importer(815301076,1909f56bfc062723c751e8b465ee728b)
Start importing Assets/Doozy/_Extras/MicroAnimations/Logos/NodyIcon/Nody16.png using Guid(f042231271ca64448996d0b116974882) Importer(815301076,1909f56bfc062723c751e8b465ee728b)  -> (artifact id: '78f6632ac6970bc47bbf09faba2adfa8') in 0.038471 seconds 
========================================================================
Received Import Request.
  Time since last request: 0.000031 seconds.
  path: Assets/Doozy/_Extras/Sprites/Icons/presentation-screen_regular.png
  artifactKey: Guid(b7818dcbbfec60e4d93ac4e92b5fe9d8) Importer(815301076,1909f56bfc062723c751e8b465ee728b)
Start importing Assets/Doozy/_Extras/Sprites/Icons/presentation-screen_regular.png using Guid(b7818dcbbfec60e4d93ac4e92b5fe9d8) Importer(815301076,1909f56bfc062723c751e8b465ee728b)  -> (artifact id: '2848b216274f4440e98eaa1728c48879') in 0.032522 seconds 
========================================================================
Received Import Request.
  Time since last request: 0.000027 seconds.
  path: Assets/Doozy/_Extras/Sprites/Wallpapers/OrangeStack_11.png
  artifactKey: Guid(f88036519f044be4ea28a7d95d5998e3) Importer(815301076,1909f56bfc062723c751e8b465ee728b)
Start importing Assets/Doozy/_Extras/Sprites/Wallpapers/OrangeStack_11.png using Guid(f88036519f044be4ea28a7d95d5998e3) Importer(815301076,1909f56bfc062723c751e8b465ee728b)  -> (artifact id: '83eb3f9c581b3e6ef880e292e6eadbea') in 0.057999 seconds 
========================================================================
Received Import Request.
  Time since last request: 0.000041 seconds.
  path: Assets/Doozy/_Extras/Sprites/Icons/print_solid.png
  artifactKey: Guid(742e7791137e70c4c91736154e57c9f5) Importer(815301076,1909f56bfc062723c751e8b465ee728b)
Start importing Assets/Doozy/_Extras/Sprites/Icons/print_solid.png using Guid(742e7791137e70c4c91736154e57c9f5) Importer(815301076,1909f56bfc062723c751e8b465ee728b)  -> (artifact id: '1628217faeb520640901dcc3b19fcf95') in 0.034557 seconds 
========================================================================
Received Import Request.
  Time since last request: 0.000028 seconds.
  path: Assets/Doozy/_Extras/Sprites/Wallpapers/NeumorphOrnament_11.png
  artifactKey: Guid(4472c63910fb0d2479b239e7342777de) Importer(815301076,1909f56bfc062723c751e8b465ee728b)
Start importing Assets/Doozy/_Extras/Sprites/Wallpapers/NeumorphOrnament_11.png using Guid(4472c63910fb0d2479b239e7342777de) Importer(815301076,1909f56bfc062723c751e8b465ee728b)  -> (artifact id: '7d6a76ae48efa6bc99919e83c221d9cc') in 0.043088 seconds 
========================================================================
Received Import Request.
  Time since last request: 0.000028 seconds.
  path: Assets/Doozy/_Extras/MicroAnimations/Logos/NodyIcon/Nody28.png
  artifactKey: Guid(f6b428d91613f604ab6d8771658751d3) Importer(815301076,1909f56bfc062723c751e8b465ee728b)
Start importing Assets/Doozy/_Extras/MicroAnimations/Logos/NodyIcon/Nody28.png using Guid(f6b428d91613f604ab6d8771658751d3) Importer(815301076,1909f56bfc062723c751e8b465ee728b)  -> (artifact id: '64edf1ef6acfad21139abaaca5ab501b') in 0.032849 seconds 
========================================================================
Received Import Request.
  Time since last request: 0.000024 seconds.
  path: Assets/Doozy/_Extras/Sprites/Wallpapers/PinkPurpleChaos_8.png
  artifactKey: Guid(833bf84c4779d6c42a54726e6b9d5503) Importer(815301076,1909f56bfc062723c751e8b465ee728b)
Start importing Assets/Doozy/_Extras/Sprites/Wallpapers/PinkPurpleChaos_8.png using Guid(833bf84c4779d6c42a54726e6b9d5503) Importer(815301076,1909f56bfc062723c751e8b465ee728b)  -> (artifact id: 'a44d4974a0969bee5972b7494cab95e6') in 0.065945 seconds 
========================================================================
Received Import Request.
  Time since last request: 0.000031 seconds.
  path: Assets/Doozy/_Extras/Sprites/Icons/microphone-slash_light.png
  artifactKey: Guid(78d02c6a5dc9c384ab448820149f3758) Importer(815301076,1909f56bfc062723c751e8b465ee728b)
Start importing Assets/Doozy/_Extras/Sprites/Icons/microphone-slash_light.png using Guid(78d02c6a5dc9c384ab448820149f3758) Importer(815301076,1909f56bfc062723c751e8b465ee728b)  -> (artifact id: '353a71539e16b409bf7fc2b8e07ec073') in 0.034646 seconds 
========================================================================
Received Import Request.
  Time since last request: 0.000039 seconds.
  path: Assets/Doozy/_Extras/Sprites/Logos/Nody/NodyWordmarkOnDark.png
  artifactKey: Guid(8051e6fdf764ba04ea8d560c27f53e05) Importer(815301076,1909f56bfc062723c751e8b465ee728b)
Start importing Assets/Doozy/_Extras/Sprites/Logos/Nody/NodyWordmarkOnDark.png using Guid(8051e6fdf764ba04ea8d560c27f53e05) Importer(815301076,1909f56bfc062723c751e8b465ee728b)  -> (artifact id: '2daa6da44eb77e06458ff8083800de3e') in 0.112625 seconds 
========================================================================
Received Import Request.
  Time since last request: 0.000034 seconds.
  path: Assets/Doozy/_Extras/Sprites/Icons/percent_regular.png
  artifactKey: Guid(7458fa534cdeca14587c263234079414) Importer(815301076,1909f56bfc062723c751e8b465ee728b)
Start importing Assets/Doozy/_Extras/Sprites/Icons/percent_regular.png using Guid(7458fa534cdeca14587c263234079414) Importer(815301076,1909f56bfc062723c751e8b465ee728b)  -> (artifact id: '31b9140cb03e7f05eb18531d89a7ca04') in 0.034989 seconds 
========================================================================
Received Import Request.
  Time since last request: 0.000044 seconds.
  path: Assets/Doozy/_Extras/Sprites/Logos/Reactor/ReactorIcon.png
  artifactKey: Guid(e6fde2eee436c4347bfca1f13f75d402) Importer(815301076,1909f56bfc062723c751e8b465ee728b)
Start importing Assets/Doozy/_Extras/Sprites/Logos/Reactor/ReactorIcon.png using Guid(e6fde2eee436c4347bfca1f13f75d402) Importer(815301076,1909f56bfc062723c751e8b465ee728b)  -> (artifact id: 'fe3454098eae2bb973250d5348e7a21a') in 0.092873 seconds 
========================================================================
Received Import Request.
  Time since last request: 0.000027 seconds.
  path: Assets/Doozy/_Extras/Sprites/Icons/paste_solid.png
  artifactKey: Guid(8b5f6459eb0c79e4f9354fcd93eea4cb) Importer(815301076,1909f56bfc062723c751e8b465ee728b)
Start importing Assets/Doozy/_Extras/Sprites/Icons/paste_solid.png using Guid(8b5f6459eb0c79e4f9354fcd93eea4cb) Importer(815301076,1909f56bfc062723c751e8b465ee728b)  -> (artifact id: '0a33edff54a1c4e144c97ba252f61f67') in 0.035568 seconds 
========================================================================
Received Import Request.
  Time since last request: 0.000038 seconds.
  path: Assets/Art/mapTile_128.png
  artifactKey: Guid(5654cece6be221447be597769c586f19) Importer(815301076,1909f56bfc062723c751e8b465ee728b)
Start importing Assets/Art/mapTile_128.png using Guid(5654cece6be221447be597769c586f19) Importer(815301076,1909f56bfc062723c751e8b465ee728b)  -> (artifact id: '2045a873adfdc21ee68fe5c34f75ecb9') in 0.027494 seconds 
========================================================================
Received Import Request.
  Time since last request: 0.000026 seconds.
  path: Assets/Doozy/_Extras/Sprites/Wallpapers/NeumorphOrnament_8.png
  artifactKey: Guid(9cf45f2be18eaa346bc05337c529153b) Importer(815301076,1909f56bfc062723c751e8b465ee728b)
Start importing Assets/Doozy/_Extras/Sprites/Wallpapers/NeumorphOrnament_8.png using Guid(9cf45f2be18eaa346bc05337c529153b) Importer(815301076,1909f56bfc062723c751e8b465ee728b)  -> (artifact id: 'a6c4f09c2aedb7f48e89340c2aa62d84') in 0.045363 seconds 
========================================================================
Received Import Request.
  Time since last request: 0.000023 seconds.
  path: Assets/Doozy/_Extras/Sprites/Wallpapers/NebulaInk_8.png
  artifactKey: Guid(62f4d524d31259d49a890ff44221b243) Importer(815301076,1909f56bfc062723c751e8b465ee728b)
Start importing Assets/Doozy/_Extras/Sprites/Wallpapers/NebulaInk_8.png using Guid(62f4d524d31259d49a890ff44221b243) Importer(815301076,1909f56bfc062723c751e8b465ee728b)  -> (artifact id: '9a347e3d51cf7dc7256459653a8553a2') in 0.084331 seconds 
========================================================================
Received Import Request.
  Time since last request: 0.000024 seconds.
  path: Assets/Doozy/_Extras/MicroAnimations/Logos/ReactorIcon/Reactor26.png
  artifactKey: Guid(d1c264f005754c843a2f431c5284c0b7) Importer(815301076,1909f56bfc062723c751e8b465ee728b)
Start importing Assets/Doozy/_Extras/MicroAnimations/Logos/ReactorIcon/Reactor26.png using Guid(d1c264f005754c843a2f431c5284c0b7) Importer(815301076,1909f56bfc062723c751e8b465ee728b)  -> (artifact id: 'd61fe12c6cc2421a4daa7b998b2eb100') in 0.032404 seconds 
========================================================================
Received Import Request.
  Time since last request: 0.000045 seconds.
  path: Assets/Doozy/_Extras/MicroAnimations/Logos/ReactorIcon/Reactor03.png
  artifactKey: Guid(103c303c33c77a148a6078b4a662f6b9) Importer(815301076,1909f56bfc062723c751e8b465ee728b)
Start importing Assets/Doozy/_Extras/MicroAnimations/Logos/ReactorIcon/Reactor03.png using Guid(103c303c33c77a148a6078b4a662f6b9) Importer(815301076,1909f56bfc062723c751e8b465ee728b)  -> (artifact id: '1706e07dc520797acd23dcd08ebe9721') in 0.033609 seconds 
========================================================================
Received Import Request.
  Time since last request: 0.000039 seconds.
  path: Assets/Doozy/_Extras/Sprites/Icons/plus_solid.png
  artifactKey: Guid(24c63deaf55ee604ea8fe0ee2a288fcc) Importer(815301076,1909f56bfc062723c751e8b465ee728b)
Start importing Assets/Doozy/_Extras/Sprites/Icons/plus_solid.png using Guid(24c63deaf55ee604ea8fe0ee2a288fcc) Importer(815301076,1909f56bfc062723c751e8b465ee728b)  -> (artifact id: '62848e87e5d81fda9943323edd39b58e') in 0.033766 seconds 
========================================================================
Received Import Request.
  Time since last request: 0.000023 seconds.
  path: Assets/Doozy/_Extras/Sprites/Icons/play-pause_regular.png
  artifactKey: Guid(041135d627468994aa592556e94485fb) Importer(815301076,1909f56bfc062723c751e8b465ee728b)
Start importing Assets/Doozy/_Extras/Sprites/Icons/play-pause_regular.png using Guid(041135d627468994aa592556e94485fb) Importer(815301076,1909f56bfc062723c751e8b465ee728b)  -> (artifact id: '38866c4a3f45620f936b1a78f2192d31') in 0.051826 seconds 
========================================================================
Received Import Request.
  Time since last request: 0.000031 seconds.
  path: Assets/Doozy/_Extras/Sprites/Icons/music_regular.png
  artifactKey: Guid(c760b724ed12b994182aef8df78dcf8e) Importer(815301076,1909f56bfc062723c751e8b465ee728b)
Start importing Assets/Doozy/_Extras/Sprites/Icons/music_regular.png using Guid(c760b724ed12b994182aef8df78dcf8e) Importer(815301076,1909f56bfc062723c751e8b465ee728b)  -> (artifact id: '9dec03c00a1c64d34412c8138e99152a') in 0.033825 seconds 
========================================================================
Received Import Request.
  Time since last request: 0.000024 seconds.
  path: Assets/Doozy/_Extras/MicroAnimations/Logos/NodyIcon/Nody13.png
  artifactKey: Guid(8c02dc3bce9bdff4eb4a0cd05066fe52) Importer(815301076,1909f56bfc062723c751e8b465ee728b)
Start importing Assets/Doozy/_Extras/MicroAnimations/Logos/NodyIcon/Nody13.png using Guid(8c02dc3bce9bdff4eb4a0cd05066fe52) Importer(815301076,1909f56bfc062723c751e8b465ee728b)  -> (artifact id: '4cc2e368637ac5a6199958cf01fb8042') in 0.030866 seconds 
========================================================================
Received Import Request.
  Time since last request: 0.000028 seconds.
  path: Assets/Doozy/_Extras/Sprites/Wallpapers/OrangeStack_6.png
  artifactKey: Guid(f6d4f3ff1bcedc74d8ea7862d420b200) Importer(815301076,1909f56bfc062723c751e8b465ee728b)
Start importing Assets/Doozy/_Extras/Sprites/Wallpapers/OrangeStack_6.png using Guid(f6d4f3ff1bcedc74d8ea7862d420b200) Importer(815301076,1909f56bfc062723c751e8b465ee728b)  -> (artifact id: '8b8a464d5b5c8ecaf29d0fbf2b44479a') in 0.066954 seconds 
========================================================================
Received Import Request.
  Time since last request: 0.000043 seconds.
  path: Assets/Art/mapTile_129.png
  artifactKey: Guid(4b7987b0d9e60bb4d82c1abfcde111cc) Importer(815301076,1909f56bfc062723c751e8b465ee728b)
Start importing Assets/Art/mapTile_129.png using Guid(4b7987b0d9e60bb4d82c1abfcde111cc) Importer(815301076,1909f56bfc062723c751e8b465ee728b)  -> (artifact id: '8d8c84ad9d3104784e886d00106d3657') in 0.027632 seconds 
========================================================================
Received Import Request.
  Time since last request: 0.000030 seconds.
  path: Assets/Doozy/_Extras/Sprites/Icons/message_light.png
  artifactKey: Guid(dca314beaf314584993394527b15b57d) Importer(815301076,1909f56bfc062723c751e8b465ee728b)
Start importing Assets/Doozy/_Extras/Sprites/Icons/message_light.png using Guid(dca314beaf314584993394527b15b57d) Importer(815301076,1909f56bfc062723c751e8b465ee728b)  -> (artifact id: 'bd1b4ef155f74e09f9dedd1e084e0f26') in 0.032086 seconds 
========================================================================
Received Import Request.
  Time since last request: 0.000029 seconds.
  path: Assets/Doozy/_Extras/Sprites/Wallpapers/NeumorphOrnament_12.png
  artifactKey: Guid(711a0378f30d0704e98bf29b6167eaec) Importer(815301076,1909f56bfc062723c751e8b465ee728b)
Start importing Assets/Doozy/_Extras/Sprites/Wallpapers/NeumorphOrnament_12.png using Guid(711a0378f30d0704e98bf29b6167eaec) Importer(815301076,1909f56bfc062723c751e8b465ee728b)  -> (artifact id: '946cbbcabbf4ac37d584942dd1227f91') in 0.043369 seconds 
========================================================================
Received Import Request.
  Time since last request: 0.000028 seconds.
  path: Assets/Doozy/_Extras/Sprites/Icons/phone_regular.png
  artifactKey: Guid(aa75c4118e7fedc4a99803f2f5f66bfa) Importer(815301076,1909f56bfc062723c751e8b465ee728b)
Start importing Assets/Doozy/_Extras/Sprites/Icons/phone_regular.png using Guid(aa75c4118e7fedc4a99803f2f5f66bfa) Importer(815301076,1909f56bfc062723c751e8b465ee728b)  -> (artifact id: '6e4014b9c5e8a272b373ff777063d500') in 0.040654 seconds 
========================================================================
Received Import Request.
  Time since last request: 0.000046 seconds.
  path: Assets/Doozy/_Extras/Sprites/Icons/pen_solid.png
  artifactKey: Guid(cbb3fd7e5121c764eac46bdac96c2de3) Importer(815301076,1909f56bfc062723c751e8b465ee728b)
Start importing Assets/Doozy/_Extras/Sprites/Icons/pen_solid.png using Guid(cbb3fd7e5121c764eac46bdac96c2de3) Importer(815301076,1909f56bfc062723c751e8b465ee728b)  -> (artifact id: '8b486b9c18d1c26fcb6a2f5c0f62a958') in 0.035740 seconds 
========================================================================
Received Import Request.
  Time since last request: 0.000028 seconds.
  path: Assets/Doozy/_Extras/Sprites/Icons/map-pin_solid.png
  artifactKey: Guid(baa6b22137af2974ca17a657f9285966) Importer(815301076,1909f56bfc062723c751e8b465ee728b)
Start importing Assets/Doozy/_Extras/Sprites/Icons/map-pin_solid.png using Guid(baa6b22137af2974ca17a657f9285966) Importer(815301076,1909f56bfc062723c751e8b465ee728b)  -> (artifact id: '05d00cbc5743d7fa612caf8bfe5b2549') in 0.037644 seconds 
========================================================================
Received Import Request.
  Time since last request: 0.000031 seconds.
  path: Assets/Doozy/_Extras/Sprites/Icons/location-crosshairs_light.png
  artifactKey: Guid(feb8aea371613484d9f9332cd219e3ee) Importer(815301076,1909f56bfc062723c751e8b465ee728b)
Start importing Assets/Doozy/_Extras/Sprites/Icons/location-crosshairs_light.png using Guid(feb8aea371613484d9f9332cd219e3ee) Importer(815301076,1909f56bfc062723c751e8b465ee728b)  -> (artifact id: '327099c5a94c414b7d95497ae6f24969') in 0.037292 seconds 
========================================================================
Received Import Request.
  Time since last request: 0.000056 seconds.
  path: Assets/Doozy/_Extras/Sprites/Wallpapers/OrangeStack_8.png
  artifactKey: Guid(6e4874ede019f234eabe5cf1ab9f8e18) Importer(815301076,1909f56bfc062723c751e8b465ee728b)
Start importing Assets/Doozy/_Extras/Sprites/Wallpapers/OrangeStack_8.png using Guid(6e4874ede019f234eabe5cf1ab9f8e18) Importer(815301076,1909f56bfc062723c751e8b465ee728b)  -> (artifact id: '01fdfd35474cec372a85ce3ec302901e') in 0.071202 seconds 
========================================================================
Received Import Request.
  Time since last request: 0.000051 seconds.
  path: Assets/Doozy/_Extras/Sprites/Logos/Nody/NodyIconWhiteBlack.png
  artifactKey: Guid(9c8ea935e2492094c958e94a180103c8) Importer(815301076,1909f56bfc062723c751e8b465ee728b)
Start importing Assets/Doozy/_Extras/Sprites/Logos/Nody/NodyIconWhiteBlack.png using Guid(9c8ea935e2492094c958e94a180103c8) Importer(815301076,1909f56bfc062723c751e8b465ee728b)  -> (artifact id: '6bb2a72f37efb4632eba876a32e7e13f') in 0.098267 seconds 
========================================================================
Received Import Request.
  Time since last request: 0.000049 seconds.
  path: Assets/Doozy/_Extras/Sprites/Icons/paperclip_regular.png
  artifactKey: Guid(53a978ebfb9dc684fa76ea3bf4d002ab) Importer(815301076,1909f56bfc062723c751e8b465ee728b)
Start importing Assets/Doozy/_Extras/Sprites/Icons/paperclip_regular.png using Guid(53a978ebfb9dc684fa76ea3bf4d002ab) Importer(815301076,1909f56bfc062723c751e8b465ee728b)  -> (artifact id: 'c8405cd1fe63dad003c702a1f583fe3c') in 0.036880 seconds 
========================================================================
Received Import Request.
  Time since last request: 0.000032 seconds.
  path: Assets/Doozy/_Extras/Sprites/Icons/pro_solid.png
  artifactKey: Guid(b9601b9c29fb13c49b5eea2437232a67) Importer(815301076,1909f56bfc062723c751e8b465ee728b)
Start importing Assets/Doozy/_Extras/Sprites/Icons/pro_solid.png using Guid(b9601b9c29fb13c49b5eea2437232a67) Importer(815301076,1909f56bfc062723c751e8b465ee728b)  -> (artifact id: '1d6076408b16dce517cac09e1ce476a1') in 0.033932 seconds 
========================================================================
Received Import Request.
  Time since last request: 0.000024 seconds.
  path: Assets/Doozy/_Extras/Sprites/Wallpapers/LiquidMarbling_8.png
  artifactKey: Guid(0538ab348bac8a94eb2749657e4db798) Importer(815301076,1909f56bfc062723c751e8b465ee728b)
Start importing Assets/Doozy/_Extras/Sprites/Wallpapers/LiquidMarbling_8.png using Guid(0538ab348bac8a94eb2749657e4db798) Importer(815301076,1909f56bfc062723c751e8b465ee728b)  -> (artifact id: 'c5c94c16c9722c1e27e6447ca0b71197') in 0.060200 seconds 
========================================================================
Received Import Request.
  Time since last request: 0.000029 seconds.
  path: Assets/Doozy/_Extras/Sprites/Wallpapers/OrangeStack_12.png
  artifactKey: Guid(ac2da6af2e285ba4e873462baa9a21ba) Importer(815301076,1909f56bfc062723c751e8b465ee728b)
Start importing Assets/Doozy/_Extras/Sprites/Wallpapers/OrangeStack_12.png using Guid(ac2da6af2e285ba4e873462baa9a21ba) Importer(815301076,1909f56bfc062723c751e8b465ee728b)  -> (artifact id: '442dd728f32c3619a30434b9eab0a267') in 0.059303 seconds 
========================================================================
Received Import Request.
  Time since last request: 0.000027 seconds.
  path: Assets/Doozy/_Extras/Sprites/Wallpapers/PinkPurpleChaos_9.png
  artifactKey: Guid(5a711820418d91343a3a29779f499de2) Importer(815301076,1909f56bfc062723c751e8b465ee728b)
Start importing Assets/Doozy/_Extras/Sprites/Wallpapers/PinkPurpleChaos_9.png using Guid(5a711820418d91343a3a29779f499de2) Importer(815301076,1909f56bfc062723c751e8b465ee728b)  -> (artifact id: '9e09f4a8453b9432db31bb53256ce038') in 0.070077 seconds 
========================================================================
Received Import Request.
  Time since last request: 0.000029 seconds.
  path: Assets/Doozy/_Extras/Sprites/Icons/paperclip_light.png
  artifactKey: Guid(51d50b4e61d274547a4cf9050e274859) Importer(815301076,1909f56bfc062723c751e8b465ee728b)
Start importing Assets/Doozy/_Extras/Sprites/Icons/paperclip_light.png using Guid(51d50b4e61d274547a4cf9050e274859) Importer(815301076,1909f56bfc062723c751e8b465ee728b)  -> (artifact id: '9270404d63173bb3c2e0dd81611a818e') in 0.036325 seconds 
========================================================================
Received Import Request.
  Time since last request: 0.000042 seconds.
  path: Assets/Doozy/_Extras/Sprites/Wallpapers/NebulaInk_7.png
  artifactKey: Guid(7336a496233ed4e4aa0e436f361a5da5) Importer(815301076,1909f56bfc062723c751e8b465ee728b)
Start importing Assets/Doozy/_Extras/Sprites/Wallpapers/NebulaInk_7.png using Guid(7336a496233ed4e4aa0e436f361a5da5) Importer(815301076,1909f56bfc062723c751e8b465ee728b)  -> (artifact id: '80b1ab98b27d2cc09700b9080c1270c1') in 0.065587 seconds 
========================================================================
Received Import Request.
  Time since last request: 0.000029 seconds.
  path: Assets/Doozy/_Extras/Sprites/Icons/print_regular.png
  artifactKey: Guid(584d3a57e874ac049b54a33831eb74d8) Importer(815301076,1909f56bfc062723c751e8b465ee728b)
Start importing Assets/Doozy/_Extras/Sprites/Icons/print_regular.png using Guid(584d3a57e874ac049b54a33831eb74d8) Importer(815301076,1909f56bfc062723c751e8b465ee728b)  -> (artifact id: '0b65d7f7843f35ddccd71c37420e0339') in 0.031137 seconds 
========================================================================
Received Import Request.
  Time since last request: 0.000034 seconds.
  path: Assets/Doozy/_Extras/Sprites/Wallpapers/OrangeStack_4.png
  artifactKey: Guid(97900925dd004724dbd466afd67fb9e7) Importer(815301076,1909f56bfc062723c751e8b465ee728b)
Start importing Assets/Doozy/_Extras/Sprites/Wallpapers/OrangeStack_4.png using Guid(97900925dd004724dbd466afd67fb9e7) Importer(815301076,1909f56bfc062723c751e8b465ee728b)  -> (artifact id: '6a17e9e96eb1c6d117a6d01c2d47ef42') in 0.074487 seconds 
========================================================================
Received Import Request.
  Time since last request: 0.000033 seconds.
  path: Assets/Doozy/_Extras/Sprites/Icons/magnet_regular.png
  artifactKey: Guid(4d3f85688c6a77c448cd180423ba56fc) Importer(815301076,1909f56bfc062723c751e8b465ee728b)
Start importing Assets/Doozy/_Extras/Sprites/Icons/magnet_regular.png using Guid(4d3f85688c6a77c448cd180423ba56fc) Importer(815301076,1909f56bfc062723c751e8b465ee728b)  -> (artifact id: '285f177d06e2023a66972d3c5a509870') in 0.035490 seconds 
========================================================================
Received Import Request.
  Time since last request: 0.000049 seconds.
  path: Assets/Doozy/_Extras/MicroAnimations/Logos/NodyIcon/Nody18.png
  artifactKey: Guid(3907115a55f5eb84d9708750fa496f41) Importer(815301076,1909f56bfc062723c751e8b465ee728b)
Start importing Assets/Doozy/_Extras/MicroAnimations/Logos/NodyIcon/Nody18.png using Guid(3907115a55f5eb84d9708750fa496f41) Importer(815301076,1909f56bfc062723c751e8b465ee728b)  -> (artifact id: 'd5b280e25eea4eec43d388b49797c702') in 0.034465 seconds 
========================================================================
Received Import Request.
  Time since last request: 0.000029 seconds.
  path: Assets/Doozy/_Extras/Sprites/Wallpapers/NeumorphOrnament_5.png
  artifactKey: Guid(d3dd980b05520214188c18778fb3abfb) Importer(815301076,1909f56bfc062723c751e8b465ee728b)
Start importing Assets/Doozy/_Extras/Sprites/Wallpapers/NeumorphOrnament_5.png using Guid(d3dd980b05520214188c18778fb3abfb) Importer(815301076,1909f56bfc062723c751e8b465ee728b)  -> (artifact id: 'bbcfb9bbcba3bc5400b760c672033031') in 0.049856 seconds 
========================================================================
Received Import Request.
  Time since last request: 0.000035 seconds.
  path: Assets/Doozy/_Extras/Sprites/Logos/Nody/NodyLogoWideOnDark.png
  artifactKey: Guid(a4a2e6177fc2cd64b8be681953f76330) Importer(815301076,1909f56bfc062723c751e8b465ee728b)
Start importing Assets/Doozy/_Extras/Sprites/Logos/Nody/NodyLogoWideOnDark.png using Guid(a4a2e6177fc2cd64b8be681953f76330) Importer(815301076,1909f56bfc062723c751e8b465ee728b)  -> (artifact id: '8873560301493c8aec8c8f39796a37ba') in 0.098055 seconds 
========================================================================
Received Import Request.
  Time since last request: 0.000029 seconds.
  path: Assets/Doozy/_Extras/Sprites/Icons/map-location_regular.png
  artifactKey: Guid(db5ad8895893d7b458ea03a72ab11c67) Importer(815301076,1909f56bfc062723c751e8b465ee728b)
Start importing Assets/Doozy/_Extras/Sprites/Icons/map-location_regular.png using Guid(db5ad8895893d7b458ea03a72ab11c67) Importer(815301076,1909f56bfc062723c751e8b465ee728b)  -> (artifact id: '5c45521af08ff7e13ead18f80c24a4ec') in 0.035216 seconds 
========================================================================
Received Import Request.
  Time since last request: 0.000039 seconds.
  path: Assets/Doozy/_Extras/UIMenu/Previews/Containers/Tab Layout/Top Right.png
  artifactKey: Guid(2a8addcc1b1add442bad7da62a94c82d) Importer(815301076,1909f56bfc062723c751e8b465ee728b)
Start importing Assets/Doozy/_Extras/UIMenu/Previews/Containers/Tab Layout/Top Right.png using Guid(2a8addcc1b1add442bad7da62a94c82d) Importer(815301076,1909f56bfc062723c751e8b465ee728b)  -> (artifact id: '3ed0f3931a64f0da97f42da75370caa8') in 0.406053 seconds 
========================================================================
Received Import Request.
  Time since last request: 0.000032 seconds.
  path: Assets/Doozy/_Extras/Sprites/Logos/Artworks/NodyArtwork@1920x1080.png
  artifactKey: Guid(0d8515574d47e0744bfbe377ef67ca3a) Importer(815301076,1909f56bfc062723c751e8b465ee728b)
Start importing Assets/Doozy/_Extras/Sprites/Logos/Artworks/NodyArtwork@1920x1080.png using Guid(0d8515574d47e0744bfbe377ef67ca3a) Importer(815301076,1909f56bfc062723c751e8b465ee728b)  -> (artifact id: '2a6983c9ae879e17a03c69c063354f68') in 0.357178 seconds 
========================================================================
Received Import Request.
  Time since last request: 0.000046 seconds.
  path: Assets/Doozy/_Extras/Sprites/Icons/paste_light.png
  artifactKey: Guid(3e550e5b6fd4e104985ef401d57832fb) Importer(815301076,1909f56bfc062723c751e8b465ee728b)
Start importing Assets/Doozy/_Extras/Sprites/Icons/paste_light.png using Guid(3e550e5b6fd4e104985ef401d57832fb) Importer(815301076,1909f56bfc062723c751e8b465ee728b)  -> (artifact id: 'da4631ca66df646536a275c25d70b936') in 0.033784 seconds 
========================================================================
Received Import Request.
  Time since last request: 0.000027 seconds.
  path: Assets/Doozy/_Extras/Sprites/Logos/Nody/NodyLogoCompactWhite.png
  artifactKey: Guid(054fd9cf4d0405c44bf8e60fc1b6c324) Importer(815301076,1909f56bfc062723c751e8b465ee728b)
Start importing Assets/Doozy/_Extras/Sprites/Logos/Nody/NodyLogoCompactWhite.png using Guid(054fd9cf4d0405c44bf8e60fc1b6c324) Importer(815301076,1909f56bfc062723c751e8b465ee728b)  -> (artifact id: 'f2c2a30d11890d373177abe6fab364d5') in 0.093779 seconds 
========================================================================
Received Import Request.
  Time since last request: 0.000027 seconds.
  path: Assets/Doozy/_Extras/MicroAnimations/Logos/ReactorIcon/Reactor16.png
  artifactKey: Guid(f6f6f54926d68a344aa789d58f4dbbec) Importer(815301076,1909f56bfc062723c751e8b465ee728b)
Start importing Assets/Doozy/_Extras/MicroAnimations/Logos/ReactorIcon/Reactor16.png using Guid(f6f6f54926d68a344aa789d58f4dbbec) Importer(815301076,1909f56bfc062723c751e8b465ee728b)  -> (artifact id: '33d80a964dc39690ec192cc183bd44b7') in 0.036275 seconds 
========================================================================
Received Import Request.
  Time since last request: 0.000043 seconds.
  path: Assets/Doozy/_Extras/Sprites/Logos/Nody/NodyLogoCompactOnLight.png
  artifactKey: Guid(aaeda8e12edce40448116446251664f9) Importer(815301076,1909f56bfc062723c751e8b465ee728b)
Start importing Assets/Doozy/_Extras/Sprites/Logos/Nody/NodyLogoCompactOnLight.png using Guid(aaeda8e12edce40448116446251664f9) Importer(815301076,1909f56bfc062723c751e8b465ee728b)  -> (artifact id: '8cc0dcfd93f4aeafa378a8be46aaeddc') in 0.092091 seconds 
========================================================================
Received Import Request.
  Time since last request: 0.000026 seconds.
  path: Assets/Doozy/_Extras/Sprites/Icons/percent_light.png
  artifactKey: Guid(d818380e629fbb14f996697c5ba123e0) Importer(815301076,1909f56bfc062723c751e8b465ee728b)
Start importing Assets/Doozy/_Extras/Sprites/Icons/percent_light.png using Guid(d818380e629fbb14f996697c5ba123e0) Importer(815301076,1909f56bfc062723c751e8b465ee728b)  -> (artifact id: 'ab88c31036f1573ec78106671044daa0') in 0.034031 seconds 
========================================================================
Received Import Request.
  Time since last request: 0.000037 seconds.
  path: Assets/Doozy/_Extras/Sprites/Icons/qrcode_light.png
  artifactKey: Guid(84ece9057aaced84398af81fd884d441) Importer(815301076,1909f56bfc062723c751e8b465ee728b)
Start importing Assets/Doozy/_Extras/Sprites/Icons/qrcode_light.png using Guid(84ece9057aaced84398af81fd884d441) Importer(815301076,1909f56bfc062723c751e8b465ee728b)  -> (artifact id: '7403700da6386964d6dca36a41eefc0e') in 0.035431 seconds 
========================================================================
Received Import Request.
  Time since last request: 0.000047 seconds.
  path: Assets/Doozy/Editor/UIManager/SpriteSheets/UIMenu/TabButtonTopRight.png
  artifactKey: Guid(3bdfcb25038d3014b9b967d610d2cf4b) Importer(815301076,1909f56bfc062723c751e8b465ee728b)
Start importing Assets/Doozy/Editor/UIManager/SpriteSheets/UIMenu/TabButtonTopRight.png using Guid(3bdfcb25038d3014b9b967d610d2cf4b) Importer(815301076,1909f56bfc062723c751e8b465ee728b)  -> (artifact id: '1eff275953931328a416bd28f1fbda50') in 0.173505 seconds 
========================================================================
Received Import Request.
  Time since last request: 0.000032 seconds.
  path: Assets/Doozy/_Extras/Sprites/Wallpapers/OrangeStack_3.png
  artifactKey: Guid(7187d7778384cba47868b232a9aad576) Importer(815301076,1909f56bfc062723c751e8b465ee728b)
Start importing Assets/Doozy/_Extras/Sprites/Wallpapers/OrangeStack_3.png using Guid(7187d7778384cba47868b232a9aad576) Importer(815301076,1909f56bfc062723c751e8b465ee728b)  -> (artifact id: '5c928893f1136cf384389adf63aa8d56') in 0.057025 seconds 
========================================================================
Received Import Request.
  Time since last request: 0.000040 seconds.
  path: Assets/Doozy/_Extras/Sprites/Wallpapers/NebulaInk_9.png
  artifactKey: Guid(c4f936e852ad0144a91516a3b73bae54) Importer(815301076,1909f56bfc062723c751e8b465ee728b)
Start importing Assets/Doozy/_Extras/Sprites/Wallpapers/NebulaInk_9.png using Guid(c4f936e852ad0144a91516a3b73bae54) Importer(815301076,1909f56bfc062723c751e8b465ee728b)  -> (artifact id: '2b70f327213c86aa798efb65d3a976dd') in 0.068959 seconds 
========================================================================
Received Import Request.
  Time since last request: 0.000033 seconds.
  path: Assets/Doozy/_Extras/MicroAnimations/Logos/NodyIcon/Nody15.png
  artifactKey: Guid(abc03868e1cfb714492c5d98c49475f9) Importer(815301076,1909f56bfc062723c751e8b465ee728b)
Start importing Assets/Doozy/_Extras/MicroAnimations/Logos/NodyIcon/Nody15.png using Guid(abc03868e1cfb714492c5d98c49475f9) Importer(815301076,1909f56bfc062723c751e8b465ee728b)  -> (artifact id: '8251c0bcaec554a06b96dcb099b73d28') in 0.036305 seconds 
========================================================================
Received Import Request.
  Time since last request: 0.000024 seconds.
  path: Assets/Doozy/_Extras/Sprites/Icons/map-location_solid.png
  artifactKey: Guid(c547ab6904863ca4dabdc27c85b981b4) Importer(815301076,1909f56bfc062723c751e8b465ee728b)
Start importing Assets/Doozy/_Extras/Sprites/Icons/map-location_solid.png using Guid(c547ab6904863ca4dabdc27c85b981b4) Importer(815301076,1909f56bfc062723c751e8b465ee728b)  -> (artifact id: 'c87a4e873ede4bbb89f190d8fab22845') in 0.045125 seconds 
========================================================================
Received Import Request.
  Time since last request: 0.000031 seconds.
  path: Assets/Art/mapTile_122.png
  artifactKey: Guid(50ef6e25a11152f4384edde5bfda9ddb) Importer(815301076,1909f56bfc062723c751e8b465ee728b)
Start importing Assets/Art/mapTile_122.png using Guid(50ef6e25a11152f4384edde5bfda9ddb) Importer(815301076,1909f56bfc062723c751e8b465ee728b)  -> (artifact id: 'acc977236ce6067b73227046bd6f1ac2') in 0.030152 seconds 
========================================================================
Received Import Request.
  Time since last request: 0.000033 seconds.
  path: Assets/Doozy/_Extras/Sprites/Icons/microphone_light.png
  artifactKey: Guid(545526400f9b87a42adc33195962f591) Importer(815301076,1909f56bfc062723c751e8b465ee728b)
Start importing Assets/Doozy/_Extras/Sprites/Icons/microphone_light.png using Guid(545526400f9b87a42adc33195962f591) Importer(815301076,1909f56bfc062723c751e8b465ee728b)  -> (artifact id: 'baf537d81865c3773107317467e9a372') in 0.035044 seconds 
========================================================================
Received Import Request.
  Time since last request: 0.000041 seconds.
  path: Assets/Doozy/_Extras/Sprites/Wallpapers/NebulaInk_6.png
  artifactKey: Guid(1a76e1d04e189de45b700fd200fee50a) Importer(815301076,1909f56bfc062723c751e8b465ee728b)
Start importing Assets/Doozy/_Extras/Sprites/Wallpapers/NebulaInk_6.png using Guid(1a76e1d04e189de45b700fd200fee50a) Importer(815301076,1909f56bfc062723c751e8b465ee728b)  -> (artifact id: '9d26c54468eaae7e1b7c89f05f160126') in 0.071314 seconds 
========================================================================
Received Import Request.
  Time since last request: 0.000032 seconds.
  path: Assets/Doozy/_Extras/Sprites/Wallpapers/NebulaInk_4.png
  artifactKey: Guid(ab5cdab04debe4641b93bd0185a0ca38) Importer(815301076,1909f56bfc062723c751e8b465ee728b)
Start importing Assets/Doozy/_Extras/Sprites/Wallpapers/NebulaInk_4.png using Guid(ab5cdab04debe4641b93bd0185a0ca38) Importer(815301076,1909f56bfc062723c751e8b465ee728b)  -> (artifact id: '1bff43b3071c5282028cf0cf9f0ac54b') in 0.081679 seconds 
========================================================================
Received Import Request.
  Time since last request: 0.000028 seconds.
  path: Assets/Doozy/_Extras/Sprites/Icons/plus_light.png
  artifactKey: Guid(74c8f81aeccf5de4c9e2aca98eca92e0) Importer(815301076,1909f56bfc062723c751e8b465ee728b)
Start importing Assets/Doozy/_Extras/Sprites/Icons/plus_light.png using Guid(74c8f81aeccf5de4c9e2aca98eca92e0) Importer(815301076,1909f56bfc062723c751e8b465ee728b)  -> (artifact id: '4d8b6ed314a4d46da858f59f258cebdb') in 0.038631 seconds 
========================================================================
Received Import Request.
  Time since last request: 0.000039 seconds.
  path: Assets/Doozy/_Extras/Sprites/Icons/right_solid.png
  artifactKey: Guid(ab8a690d61c3d554880cd10cf1067dcc) Importer(815301076,1909f56bfc062723c751e8b465ee728b)
Start importing Assets/Doozy/_Extras/Sprites/Icons/right_solid.png using Guid(ab8a690d61c3d554880cd10cf1067dcc) Importer(815301076,1909f56bfc062723c751e8b465ee728b)  -> (artifact id: '7e1825c05ad97d0337cec92a11bdd5fc') in 0.035723 seconds 
========================================================================
Received Import Request.
  Time since last request: 0.000041 seconds.
  path: Assets/Doozy/_Extras/MicroAnimations/Logos/NodyIcon/Nody19.png
  artifactKey: Guid(185091a65c4fe644f89b3326620d0cc8) Importer(815301076,1909f56bfc062723c751e8b465ee728b)
Start importing Assets/Doozy/_Extras/MicroAnimations/Logos/NodyIcon/Nody19.png using Guid(185091a65c4fe644f89b3326620d0cc8) Importer(815301076,1909f56bfc062723c751e8b465ee728b)  -> (artifact id: 'd8da91eed652dfe3160396267eb49a52') in 0.032710 seconds 
========================================================================
Received Import Request.
  Time since last request: 0.000022 seconds.
  path: Assets/Doozy/_Extras/Sprites/Icons/microphone_regular.png
  artifactKey: Guid(f009af4350618164db12bfa0353beca1) Importer(815301076,1909f56bfc062723c751e8b465ee728b)
Start importing Assets/Doozy/_Extras/Sprites/Icons/microphone_regular.png using Guid(f009af4350618164db12bfa0353beca1) Importer(815301076,1909f56bfc062723c751e8b465ee728b)  -> (artifact id: 'e29182582f6bd4a5a79c3e1133ec99d5') in 0.032443 seconds 
========================================================================
Received Import Request.
  Time since last request: 0.000023 seconds.
  path: Assets/Doozy/_Extras/Sprites/Icons/moon_solid.png
  artifactKey: Guid(d62d827af016d2448ae6cf5bd9e376f3) Importer(815301076,1909f56bfc062723c751e8b465ee728b)
Start importing Assets/Doozy/_Extras/Sprites/Icons/moon_solid.png using Guid(d62d827af016d2448ae6cf5bd9e376f3) Importer(815301076,1909f56bfc062723c751e8b465ee728b)  -> (artifact id: '8fa7b3414b2deb6447307facdf603c33') in 0.035051 seconds 
========================================================================
Received Import Request.
  Time since last request: 0.000028 seconds.
  path: Assets/Doozy/_Extras/Sprites/Icons/map-pin_light.png
  artifactKey: Guid(b65318c2399dafa4893782963cfe8ae5) Importer(815301076,1909f56bfc062723c751e8b465ee728b)
Start importing Assets/Doozy/_Extras/Sprites/Icons/map-pin_light.png using Guid(b65318c2399dafa4893782963cfe8ae5) Importer(815301076,1909f56bfc062723c751e8b465ee728b)  -> (artifact id: '5b3951b2a3f08a1b787a25035682a4e4') in 0.035225 seconds 
========================================================================
Received Import Request.
  Time since last request: 0.000026 seconds.
  path: Assets/Doozy/Editor/UIManager/SpriteSheets/UIMenu/TabButtonMiddleRight.png
  artifactKey: Guid(5c45c026081e97148893df5aab6084c4) Importer(815301076,1909f56bfc062723c751e8b465ee728b)
Start importing Assets/Doozy/Editor/UIManager/SpriteSheets/UIMenu/TabButtonMiddleRight.png using Guid(5c45c026081e97148893df5aab6084c4) Importer(815301076,1909f56bfc062723c751e8b465ee728b)  -> (artifact id: '5cca12591e63b6cae1c6f3f2afff84d6') in 0.151717 seconds 
========================================================================
Received Import Request.
  Time since last request: 0.000037 seconds.
  path: Assets/Doozy/_Extras/Sprites/Icons/play_solid.png
  artifactKey: Guid(714794a8ccee8cf48aaa856b15eaab17) Importer(815301076,1909f56bfc062723c751e8b465ee728b)
Start importing Assets/Doozy/_Extras/Sprites/Icons/play_solid.png using Guid(714794a8ccee8cf48aaa856b15eaab17) Importer(815301076,1909f56bfc062723c751e8b465ee728b)  -> (artifact id: 'f379a4df2b52128891fc86db2c58ed33') in 0.031532 seconds 
========================================================================
Received Import Request.
  Time since last request: 0.000071 seconds.
  path: Assets/Doozy/_Extras/MicroAnimations/Logos/ReactorIcon/Reactor09.png
  artifactKey: Guid(8ad06595ccb760646a9efc2ad741ae99) Importer(815301076,1909f56bfc062723c751e8b465ee728b)
Start importing Assets/Doozy/_Extras/MicroAnimations/Logos/ReactorIcon/Reactor09.png using Guid(8ad06595ccb760646a9efc2ad741ae99) Importer(815301076,1909f56bfc062723c751e8b465ee728b)  -> (artifact id: '0a5b21039e488e931e8d8a9cfe701c54') in 0.033554 seconds 
========================================================================
Received Import Request.
  Time since last request: 0.000038 seconds.
  path: Assets/Doozy/_Extras/MicroAnimations/Logos/NodyIcon/Nody07.png
  artifactKey: Guid(8d629de8d292b9149b9a4473677eded8) Importer(815301076,1909f56bfc062723c751e8b465ee728b)
Start importing Assets/Doozy/_Extras/MicroAnimations/Logos/NodyIcon/Nody07.png using Guid(8d629de8d292b9149b9a4473677eded8) Importer(815301076,1909f56bfc062723c751e8b465ee728b)  -> (artifact id: '8d02d037940ad9d1d8e4c07a68104013') in 0.030732 seconds 
========================================================================
Received Import Request.
  Time since last request: 0.000030 seconds.
  path: Assets/Doozy/_Extras/MicroAnimations/Logos/NodyIcon/Nody11.png
  artifactKey: Guid(5ea4cb2f5fa21b347ade88efaae264c4) Importer(815301076,1909f56bfc062723c751e8b465ee728b)
Start importing Assets/Doozy/_Extras/MicroAnimations/Logos/NodyIcon/Nody11.png using Guid(5ea4cb2f5fa21b347ade88efaae264c4) Importer(815301076,1909f56bfc062723c751e8b465ee728b)  -> (artifact id: '1156d1a9264d459b8a8c2421d7859dd2') in 0.031557 seconds 
========================================================================
Received Import Request.
  Time since last request: 0.000027 seconds.
  path: Assets/Doozy/_Extras/Sprites/Icons/pro_light.png
  artifactKey: Guid(8dc1a06213ce91642b2957a04f5ab57a) Importer(815301076,1909f56bfc062723c751e8b465ee728b)
Start importing Assets/Doozy/_Extras/Sprites/Icons/pro_light.png using Guid(8dc1a06213ce91642b2957a04f5ab57a) Importer(815301076,1909f56bfc062723c751e8b465ee728b)  -> (artifact id: 'b3f6e1354f5ccd026a6dad25e76c30f2') in 0.047323 seconds 
========================================================================
Received Import Request.
  Time since last request: 0.000028 seconds.
  path: Assets/Doozy/_Extras/MicroAnimations/Logos/NodyIcon/Nody12.png
  artifactKey: Guid(2375f23ea70361147b1642e99cdcfb64) Importer(815301076,1909f56bfc062723c751e8b465ee728b)
Start importing Assets/Doozy/_Extras/MicroAnimations/Logos/NodyIcon/Nody12.png using Guid(2375f23ea70361147b1642e99cdcfb64) Importer(815301076,1909f56bfc062723c751e8b465ee728b)  -> (artifact id: '5d59ca280503aa568d899d19988c02fa') in 0.030122 seconds 
========================================================================
Received Import Request.
  Time since last request: 0.000034 seconds.
  path: Assets/Doozy/_Extras/MicroAnimations/Logos/ReactorIcon/Reactor10.png
  artifactKey: Guid(cbb8def0bc8f0514fbec9b7fdbe062cc) Importer(815301076,1909f56bfc062723c751e8b465ee728b)
Start importing Assets/Doozy/_Extras/MicroAnimations/Logos/ReactorIcon/Reactor10.png using Guid(cbb8def0bc8f0514fbec9b7fdbe062cc) Importer(815301076,1909f56bfc062723c751e8b465ee728b)  -> (artifact id: '4ebf87217d61fb86c1951638e56664b0') in 0.032812 seconds 
========================================================================
Received Import Request.
  Time since last request: 0.000034 seconds.
  path: Assets/Doozy/_Extras/MicroAnimations/Logos/ReactorIcon/Reactor17.png
  artifactKey: Guid(668d86195014f04478b68948d030f7b5) Importer(815301076,1909f56bfc062723c751e8b465ee728b)
Start importing Assets/Doozy/_Extras/MicroAnimations/Logos/ReactorIcon/Reactor17.png using Guid(668d86195014f04478b68948d030f7b5) Importer(815301076,1909f56bfc062723c751e8b465ee728b)  -> (artifact id: 'a4c869bba75bb1851f3b1746094d531e') in 0.034542 seconds 
========================================================================
Received Import Request.
  Time since last request: 0.000034 seconds.
  path: Assets/Doozy/_Extras/Sprites/Logos/_Big/Reactor@1024x1024.png
  artifactKey: Guid(12723f8bef1094c4798446eb363936af) Importer(815301076,1909f56bfc062723c751e8b465ee728b)
Start importing Assets/Doozy/_Extras/Sprites/Logos/_Big/Reactor@1024x1024.png using Guid(12723f8bef1094c4798446eb363936af) Importer(815301076,1909f56bfc062723c751e8b465ee728b)  -> (artifact id: '4570cb4776e047d284d57829f2809987') in 0.090156 seconds 
========================================================================
Received Import Request.
  Time since last request: 0.000031 seconds.
  path: Assets/Doozy/_Extras/Sprites/Icons/minus_light.png
  artifactKey: Guid(cf29fe6c0cb3b4f448c641711f795794) Importer(815301076,1909f56bfc062723c751e8b465ee728b)
Start importing Assets/Doozy/_Extras/Sprites/Icons/minus_light.png using Guid(cf29fe6c0cb3b4f448c641711f795794) Importer(815301076,1909f56bfc062723c751e8b465ee728b)  -> (artifact id: 'f246c6be2fdf4e5b89fefb21e9de1683') in 0.034011 seconds 
========================================================================
Received Import Request.
  Time since last request: 0.000038 seconds.
  path: Assets/Doozy/_Extras/MicroAnimations/Logos/ReactorIcon/Reactor27.png
  artifactKey: Guid(1da8baa8d848fa0469cbd91de71a179e) Importer(815301076,1909f56bfc062723c751e8b465ee728b)
Start importing Assets/Doozy/_Extras/MicroAnimations/Logos/ReactorIcon/Reactor27.png using Guid(1da8baa8d848fa0469cbd91de71a179e) Importer(815301076,1909f56bfc062723c751e8b465ee728b)  -> (artifact id: '533c445add7804b036d1a55fadd7722d') in 0.032532 seconds 
========================================================================
Received Import Request.
  Time since last request: 0.000031 seconds.
  path: Assets/Doozy/_Extras/MicroAnimations/Logos/NodyIcon/Nody10.png
  artifactKey: Guid(8e0e7e6b60df60c48945a1970f4597dc) Importer(815301076,1909f56bfc062723c751e8b465ee728b)
Start importing Assets/Doozy/_Extras/MicroAnimations/Logos/NodyIcon/Nody10.png using Guid(8e0e7e6b60df60c48945a1970f4597dc) Importer(815301076,1909f56bfc062723c751e8b465ee728b)  -> (artifact id: 'b879aeece5fe360cddfc1b6d355775cc') in 0.032915 seconds 
========================================================================
Received Import Request.
  Time since last request: 0.000038 seconds.
  path: Assets/Doozy/_Extras/Sprites/Icons/pro_regular.png
  artifactKey: Guid(2a9df46ee0cda1c47a9e490275be91db) Importer(815301076,1909f56bfc062723c751e8b465ee728b)
Start importing Assets/Doozy/_Extras/Sprites/Icons/pro_regular.png using Guid(2a9df46ee0cda1c47a9e490275be91db) Importer(815301076,1909f56bfc062723c751e8b465ee728b)  -> (artifact id: '92509cf63276328186517522462a7265') in 0.035715 seconds 
========================================================================
Received Import Request.
  Time since last request: 0.000040 seconds.
  path: Assets/Doozy/_Extras/Sprites/Icons/plug_light.png
  artifactKey: Guid(32cc6ac4375e35c4abb2c0d2bba78777) Importer(815301076,1909f56bfc062723c751e8b465ee728b)
Start importing Assets/Doozy/_Extras/Sprites/Icons/plug_light.png using Guid(32cc6ac4375e35c4abb2c0d2bba78777) Importer(815301076,1909f56bfc062723c751e8b465ee728b)  -> (artifact id: '363cbeed9319a99c1eea00e909614764') in 0.033953 seconds 
========================================================================
Received Import Request.
  Time since last request: 0.000027 seconds.
  path: Assets/Doozy/_Extras/Sprites/Icons/magnet_solid.png
  artifactKey: Guid(6616053df1caed44da4fc115fefe2a02) Importer(815301076,1909f56bfc062723c751e8b465ee728b)
Start importing Assets/Doozy/_Extras/Sprites/Icons/magnet_solid.png using Guid(6616053df1caed44da4fc115fefe2a02) Importer(815301076,1909f56bfc062723c751e8b465ee728b)  -> (artifact id: 'd424adbafb51c00ed8f403a39614e5f2') in 0.031882 seconds 
========================================================================
Received Import Request.
  Time since last request: 0.000026 seconds.
  path: Assets/Doozy/_Extras/MicroAnimations/Logos/ReactorIcon/Reactor01.png
  artifactKey: Guid(9497ec808a0dfcd418811da68e84169d) Importer(815301076,1909f56bfc062723c751e8b465ee728b)
Start importing Assets/Doozy/_Extras/MicroAnimations/Logos/ReactorIcon/Reactor01.png using Guid(9497ec808a0dfcd418811da68e84169d) Importer(815301076,1909f56bfc062723c751e8b465ee728b)  -> (artifact id: '168806b63a1fb7fbd3de1c3d9d4e5021') in 0.036459 seconds 
========================================================================
Received Import Request.
  Time since last request: 0.000026 seconds.
  path: Assets/Doozy/_Extras/Sprites/Icons/lock_solid.png
  artifactKey: Guid(8d8bb49ae6d4d6545b0224a85b4fda7f) Importer(815301076,1909f56bfc062723c751e8b465ee728b)
Start importing Assets/Doozy/_Extras/Sprites/Icons/lock_solid.png using Guid(8d8bb49ae6d4d6545b0224a85b4fda7f) Importer(815301076,1909f56bfc062723c751e8b465ee728b)  -> (artifact id: '09a3710b4d41da55ae6db0a75f8d3890') in 0.028002 seconds 
========================================================================
Received Import Request.
  Time since last request: 0.000027 seconds.
  path: Assets/Doozy/_Extras/Sprites/Logos/Nody/NodyLogoCompactOnDark.png
  artifactKey: Guid(08949d83dc4f4ee4ebbe78ab6abd5e75) Importer(815301076,1909f56bfc062723c751e8b465ee728b)
Start importing Assets/Doozy/_Extras/Sprites/Logos/Nody/NodyLogoCompactOnDark.png using Guid(08949d83dc4f4ee4ebbe78ab6abd5e75) Importer(815301076,1909f56bfc062723c751e8b465ee728b)  -> (artifact id: 'f6f9b1ff03481322df8ad399da4fc186') in 0.084174 seconds 
========================================================================
Received Import Request.
  Time since last request: 0.000032 seconds.
  path: Assets/Doozy/_Extras/Sprites/Icons/message_regular.png
  artifactKey: Guid(9f1a6b855931a474391e857ba4cd8984) Importer(815301076,1909f56bfc062723c751e8b465ee728b)
Start importing Assets/Doozy/_Extras/Sprites/Icons/message_regular.png using Guid(9f1a6b855931a474391e857ba4cd8984) Importer(815301076,1909f56bfc062723c751e8b465ee728b)  -> (artifact id: 'cf890e71c245c13084033d94e6bd7026') in 0.029645 seconds 
========================================================================
Received Import Request.
  Time since last request: 0.000023 seconds.
  path: Assets/Doozy/_Extras/Sprites/Icons/location-arrow_solid.png
  artifactKey: Guid(9e37ddf83a856854e969e5df65cf7f81) Importer(815301076,1909f56bfc062723c751e8b465ee728b)
Start importing Assets/Doozy/_Extras/Sprites/Icons/location-arrow_solid.png using Guid(9e37ddf83a856854e969e5df65cf7f81) Importer(815301076,1909f56bfc062723c751e8b465ee728b)  -> (artifact id: '15b2f1cd1535119d18a321fe50aeaf5c') in 0.031354 seconds 
========================================================================
Received Import Request.
  Time since last request: 0.000041 seconds.
  path: Assets/Doozy/_Extras/Sprites/Icons/paperclip_solid.png
  artifactKey: Guid(c1edc9ad30dc7cc41b4d904a728715ff) Importer(815301076,1909f56bfc062723c751e8b465ee728b)
Start importing Assets/Doozy/_Extras/Sprites/Icons/paperclip_solid.png using Guid(c1edc9ad30dc7cc41b4d904a728715ff) Importer(815301076,1909f56bfc062723c751e8b465ee728b)  -> (artifact id: '94dda26c493414bf789345c06538d58f') in 0.030904 seconds 
========================================================================
Received Import Request.
  Time since last request: 0.000021 seconds.
  path: Assets/Doozy/_Extras/Sprites/Brands/paypal.png
  artifactKey: Guid(c71122954ba0dbd4b8c1cad5b3daa272) Importer(815301076,1909f56bfc062723c751e8b465ee728b)
Start importing Assets/Doozy/_Extras/Sprites/Brands/paypal.png using Guid(c71122954ba0dbd4b8c1cad5b3daa272) Importer(815301076,1909f56bfc062723c751e8b465ee728b)  -> (artifact id: 'd9aea78fc235e49ad88e374171e6eb6d') in 0.029088 seconds 
========================================================================
Received Import Request.
  Time since last request: 0.000029 seconds.
  path: Assets/Doozy/_Extras/Sprites/Wallpapers/NeumorphOrnament_6.png
  artifactKey: Guid(71057da685f1fef469d3c4761aff79ba) Importer(815301076,1909f56bfc062723c751e8b465ee728b)
Start importing Assets/Doozy/_Extras/Sprites/Wallpapers/NeumorphOrnament_6.png using Guid(71057da685f1fef469d3c4761aff79ba) Importer(815301076,1909f56bfc062723c751e8b465ee728b)  -> (artifact id: 'a0f16c450cae8d2184a560f4e144453f') in 0.036674 seconds 
========================================================================
Received Import Request.
  Time since last request: 0.000042 seconds.
  path: Assets/Doozy/_Extras/Sprites/Wallpapers/NebulaInk_1.png
  artifactKey: Guid(40ff0e805d6fdad4f860d41c3ccf8a24) Importer(815301076,1909f56bfc062723c751e8b465ee728b)
Start importing Assets/Doozy/_Extras/Sprites/Wallpapers/NebulaInk_1.png using Guid(40ff0e805d6fdad4f860d41c3ccf8a24) Importer(815301076,1909f56bfc062723c751e8b465ee728b)  -> (artifact id: 'd809549915886dbfac3ea16863e3b861') in 0.079027 seconds 
========================================================================
Received Import Request.
  Time since last request: 0.000047 seconds.
  path: Assets/Doozy/_Extras/Sprites/Icons/magnet_light.png
  artifactKey: Guid(ba2c2a0514a16e445b1b036e8e0637ed) Importer(815301076,1909f56bfc062723c751e8b465ee728b)
Start importing Assets/Doozy/_Extras/Sprites/Icons/magnet_light.png using Guid(ba2c2a0514a16e445b1b036e8e0637ed) Importer(815301076,1909f56bfc062723c751e8b465ee728b)  -> (artifact id: 'a0800e47dd140ca7e2a1a88799c47f7f') in 0.027256 seconds 
========================================================================
Received Import Request.
  Time since last request: 0.000032 seconds.
  path: Assets/Doozy/_Extras/Sprites/Logos/Nody/NodyIcon.png
  artifactKey: Guid(f91cb12cff2771d40a68d4babe8a04c1) Importer(815301076,1909f56bfc062723c751e8b465ee728b)
Start importing Assets/Doozy/_Extras/Sprites/Logos/Nody/NodyIcon.png using Guid(f91cb12cff2771d40a68d4babe8a04c1) Importer(815301076,1909f56bfc062723c751e8b465ee728b)  -> (artifact id: '7029af11c33f6429e73c58e012a9eb6a') in 0.074318 seconds 
========================================================================
Received Import Request.
  Time since last request: 0.000023 seconds.
  path: Assets/Doozy/_Extras/Sprites/Icons/phone_light.png
  artifactKey: Guid(0b39f2d9bb378dd4baec37643e091d50) Importer(815301076,1909f56bfc062723c751e8b465ee728b)
Start importing Assets/Doozy/_Extras/Sprites/Icons/phone_light.png using Guid(0b39f2d9bb378dd4baec37643e091d50) Importer(815301076,1909f56bfc062723c751e8b465ee728b)  -> (artifact id: 'd357de4e05c24845d12ab8e16f141bc7') in 0.025114 seconds 
========================================================================
Received Import Request.
  Time since last request: 0.000021 seconds.
  path: Assets/Doozy/_Extras/MicroAnimations/Logos/NodyIcon/Nody20.png
  artifactKey: Guid(2b9d93ce570be4f4cbd898e52c47a492) Importer(815301076,1909f56bfc062723c751e8b465ee728b)
Start importing Assets/Doozy/_Extras/MicroAnimations/Logos/NodyIcon/Nody20.png using Guid(2b9d93ce570be4f4cbd898e52c47a492) Importer(815301076,1909f56bfc062723c751e8b465ee728b)  -> (artifact id: '51e17411550b7b332898f3af4de330c6') in 0.030289 seconds 
========================================================================
Received Import Request.
  Time since last request: 0.000037 seconds.
  path: Assets/Doozy/_Extras/Sprites/Icons/play-pause_solid.png
  artifactKey: Guid(d77a4c50c7a09bd48923b5c6b9eee1c9) Importer(815301076,1909f56bfc062723c751e8b465ee728b)
Start importing Assets/Doozy/_Extras/Sprites/Icons/play-pause_solid.png using Guid(d77a4c50c7a09bd48923b5c6b9eee1c9) Importer(815301076,1909f56bfc062723c751e8b465ee728b)  -> (artifact id: 'd721e8f995c3dcb92ab5ae1ea924201e') in 0.027737 seconds 
========================================================================
Received Import Request.
  Time since last request: 0.000029 seconds.
  path: Assets/Doozy/_Extras/Sprites/Wallpapers/LiquidMarbling_4.png
  artifactKey: Guid(b932790516a1c05428377b9beb9f4634) Importer(815301076,1909f56bfc062723c751e8b465ee728b)
Start importing Assets/Doozy/_Extras/Sprites/Wallpapers/LiquidMarbling_4.png using Guid(b932790516a1c05428377b9beb9f4634) Importer(815301076,1909f56bfc062723c751e8b465ee728b)  -> (artifact id: 'bea7ce28318936e301114a13a4814290') in 0.049489 seconds 
========================================================================
Received Import Request.
  Time since last request: 0.000030 seconds.
  path: Assets/Doozy/_Extras/Sprites/Icons/location-crosshairs_solid.png
  artifactKey: Guid(b43c3dafd60cdac4da639b6e25e8a946) Importer(815301076,1909f56bfc062723c751e8b465ee728b)
Start importing Assets/Doozy/_Extras/Sprites/Icons/location-crosshairs_solid.png using Guid(b43c3dafd60cdac4da639b6e25e8a946) Importer(815301076,1909f56bfc062723c751e8b465ee728b)  -> (artifact id: 'e078e5f4e82f898eb66b84b17a6fe8e7') in 0.031783 seconds 
========================================================================
Received Import Request.
  Time since last request: 0.000054 seconds.
  path: Assets/Doozy/_Extras/Sprites/Wallpapers/LiquidMarbling_9.png
  artifactKey: Guid(9c3c7a038b79f8f468c0eb7cd6d434c0) Importer(815301076,1909f56bfc062723c751e8b465ee728b)
Start importing Assets/Doozy/_Extras/Sprites/Wallpapers/LiquidMarbling_9.png using Guid(9c3c7a038b79f8f468c0eb7cd6d434c0) Importer(815301076,1909f56bfc062723c751e8b465ee728b)  -> (artifact id: 'e883f41e4a508cee869b70e0dcbdec33') in 0.047678 seconds 
========================================================================
Received Import Request.
  Time since last request: 0.000023 seconds.
  path: Assets/Doozy/_Extras/Sprites/Wallpapers/NeumorphOrnament_9.png
  artifactKey: Guid(006df458f6a19aa4ab8dc998d190338c) Importer(815301076,1909f56bfc062723c751e8b465ee728b)
Start importing Assets/Doozy/_Extras/Sprites/Wallpapers/NeumorphOrnament_9.png using Guid(006df458f6a19aa4ab8dc998d190338c) Importer(815301076,1909f56bfc062723c751e8b465ee728b)  -> (artifact id: '92f6dd272a201ec877efb7223af215b2') in 0.035972 seconds 
========================================================================
Received Import Request.
  Time since last request: 0.000034 seconds.
  path: Assets/Doozy/_Extras/MicroAnimations/Logos/NodyIcon/Nody23.png
  artifactKey: Guid(c0ea7f4f6953334429f5072fad879ce5) Importer(815301076,1909f56bfc062723c751e8b465ee728b)
Start importing Assets/Doozy/_Extras/MicroAnimations/Logos/NodyIcon/Nody23.png using Guid(c0ea7f4f6953334429f5072fad879ce5) Importer(815301076,1909f56bfc062723c751e8b465ee728b)  -> (artifact id: 'b7d5512bbfe02a5fe7f2790ca6e9c869') in 0.028608 seconds 
========================================================================
Received Import Request.
  Time since last request: 0.000025 seconds.
  path: Assets/Doozy/_Extras/Sprites/Icons/qrcode_solid.png
  artifactKey: Guid(ed9ff3bb23e7ced45910f3896d7a0ba3) Importer(815301076,1909f56bfc062723c751e8b465ee728b)
Start importing Assets/Doozy/_Extras/Sprites/Icons/qrcode_solid.png using Guid(ed9ff3bb23e7ced45910f3896d7a0ba3) Importer(815301076,1909f56bfc062723c751e8b465ee728b)  -> (artifact id: '51aaf20abbc11bf166907a75a070a3dc') in 0.029541 seconds 
Editor requested this worker to shutdown with reason: Scaling down because of idle timeout
AssetImportWorker is now disconnected from the server
Process exiting
Exiting without the bug reporter. Application will terminate with return code 0