Using pre-set license
Built from '2021.3/staging' branch; Version is '2021.3.1f1 (3b70a0754835) revision 3895456'; Using compiler version '192829333'; Build Type 'Release'
OS: 'Windows 11  (10.0.22621) 64bit Professional' Language: 'en' Physical Memory: 23873 MB
BatchMode: 1, IsHumanControllingUs: 0, StartBugReporterOnCrash: 0, Is64bit: 1, IsPro: 1

COMMAND LINE ARGUMENTS:
C:\Program Files\Unity\Hub\Editor\2021.3.1f1\Editor\Unity.exe
-adb2
-batchMode
-noUpm
-name
AssetImportWorker6
-projectPath
C:/Users/jakew/OneDrive/Desktop/Adam/Games/Brain-Games
-logFile
Logs/AssetImportWorker6.log
-srvPort
49760
Successfully changed project path to: C:/Users/jakew/OneDrive/Desktop/Adam/Games/Brain-Games
C:/Users/jakew/OneDrive/Desktop/Adam/Games/Brain-Games
[UnityMemory] Configuration Parameters - Can be set up in boot.config
    "memorysetup-bucket-allocator-granularity=16"
    "memorysetup-bucket-allocator-bucket-count=8"
    "memorysetup-bucket-allocator-block-size=33554432"
    "memorysetup-bucket-allocator-block-count=8"
    "memorysetup-main-allocator-block-size=16777216"
    "memorysetup-thread-allocator-block-size=16777216"
    "memorysetup-gfx-main-allocator-block-size=16777216"
    "memorysetup-gfx-thread-allocator-block-size=16777216"
    "memorysetup-cache-allocator-block-size=4194304"
    "memorysetup-typetree-allocator-block-size=2097152"
    "memorysetup-profiler-bucket-allocator-granularity=16"
    "memorysetup-profiler-bucket-allocator-bucket-count=8"
    "memorysetup-profiler-bucket-allocator-block-size=33554432"
    "memorysetup-profiler-bucket-allocator-block-count=8"
    "memorysetup-profiler-allocator-block-size=16777216"
    "memorysetup-profiler-editor-allocator-block-size=1048576"
    "memorysetup-temp-allocator-size-main=16777216"
    "memorysetup-job-temp-allocator-block-size=2097152"
    "memorysetup-job-temp-allocator-block-size-background=1048576"
    "memorysetup-job-temp-allocator-reduction-small-platforms=262144"
    "memorysetup-temp-allocator-size-background-worker=32768"
    "memorysetup-temp-allocator-size-job-worker=262144"
    "memorysetup-temp-allocator-size-preload-manager=33554432"
    "memorysetup-temp-allocator-size-nav-mesh-worker=65536"
    "memorysetup-temp-allocator-size-audio-worker=65536"
    "memorysetup-temp-allocator-size-cloud-worker=32768"
    "memorysetup-temp-allocator-size-gi-baking-worker=262144"
    "memorysetup-temp-allocator-size-gfx=262144"
Refreshing native plugins compatible for Editor in 183.14 ms, found 3 plugins.
Preloading 0 native plugins for Editor in 0.00 ms.
Initialize engine version: 2021.3.1f1 (3b70a0754835)
[Subsystems] Discovering subsystems at path C:/Program Files/Unity/Hub/Editor/2021.3.1f1/Editor/Data/Resources/UnitySubsystems
[Subsystems] Discovering subsystems at path C:/Users/jakew/OneDrive/Desktop/Adam/Games/Brain-Games/Assets
GfxDevice: creating device client; threaded=0; jobified=0
Direct3D:
    Version:  Direct3D 11.0 [level 11.1]
    Renderer: AMD Radeon(TM) Graphics (ID=0x1638)
    Vendor:   ATI
    VRAM:     11936 MB
    Driver:   30.0.13024.4001
Initialize mono
Mono path[0] = 'C:/Program Files/Unity/Hub/Editor/2021.3.1f1/Editor/Data/Managed'
Mono path[1] = 'C:/Program Files/Unity/Hub/Editor/2021.3.1f1/Editor/Data/MonoBleedingEdge/lib/mono/unityjit-win32'
Mono config path = 'C:/Program Files/Unity/Hub/Editor/2021.3.1f1/Editor/Data/MonoBleedingEdge/etc'
Using monoOptions --debugger-agent=transport=dt_socket,embedding=1,server=y,suspend=n,address=127.0.0.1:56732
Begin MonoManager ReloadAssembly
Registering precompiled unity dll's ...
Register platform support module: C:/Program Files/Unity/Hub/Editor/2021.3.1f1/Editor/Data/PlaybackEngines/WebGLSupport/UnityEditor.WebGL.Extensions.dll
Register platform support module: C:/Program Files/Unity/Hub/Editor/2021.3.1f1/Editor/Data/PlaybackEngines/MacStandaloneSupport/UnityEditor.OSXStandalone.Extensions.dll
Register platform support module: C:/Program Files/Unity/Hub/Editor/2021.3.1f1/Editor/Data/PlaybackEngines/AndroidPlayer/UnityEditor.Android.Extensions.dll
Register platform support module: C:/Program Files/Unity/Hub/Editor/2021.3.1f1/Editor/Data/PlaybackEngines/iOSSupport/UnityEditor.iOS.Extensions.dll
Register platform support module: C:/Program Files/Unity/Hub/Editor/2021.3.1f1/Editor/Data/PlaybackEngines/WindowsStandaloneSupport/UnityEditor.WindowsStandalone.Extensions.dll
Register platform support module: C:/Program Files/Unity/Hub/Editor/2021.3.1f1/Editor/Data/PlaybackEngines/MetroSupport/UnityEditor.UWP.Extensions.dll
Registered in 0.020137 seconds.
Native extension for UWP target not found
Native extension for WindowsStandalone target not found
[usbmuxd] Start listen thread
[usbmuxd] Listen thread started
Native extension for iOS target not found
Native extension for Android target not found
Native extension for OSXStandalone target not found
Native extension for WebGL target not found
Refreshing native plugins compatible for Editor in 167.80 ms, found 3 plugins.
Preloading 0 native plugins for Editor in 0.00 ms.
Mono: successfully reloaded assembly
- Completed reload, in  1.582 seconds
Domain Reload Profiling:
	ReloadAssembly (1583ms)
		BeginReloadAssembly (142ms)
			ExecutionOrderSort (0ms)
			DisableScriptedObjects (0ms)
			BackupInstance (0ms)
			ReleaseScriptingObjects (0ms)
			CreateAndSetChildDomain (1ms)
		EndReloadAssembly (1002ms)
			LoadAssemblies (139ms)
			RebuildTransferFunctionScriptingTraits (0ms)
			SetupTypeCache (317ms)
			ReleaseScriptCaches (0ms)
			RebuildScriptCaches (43ms)
			SetupLoadedEditorAssemblies (555ms)
				LogAssemblyErrors (0ms)
				InitializePlatformSupportModulesInManaged (155ms)
				SetLoadedEditorAssemblies (2ms)
				RefreshPlugins (168ms)
				BeforeProcessingInitializeOnLoad (2ms)
				ProcessInitializeOnLoadAttributes (146ms)
				ProcessInitializeOnLoadMethodAttributes (81ms)
				AfterProcessingInitializeOnLoad (0ms)
				EditorAssembliesLoaded (0ms)
			ExecutionOrderSort2 (0ms)
			AwakeInstancesAfterBackupRestoration (0ms)
Platform modules already initialized, skipping
Registering precompiled user dll's ...
Registered in 0.156880 seconds.
Begin MonoManager ReloadAssembly
Symbol file LoadedFromMemory is not a mono symbol file
Native extension for UWP target not found
Native extension for WindowsStandalone target not found
Native extension for iOS target not found
Native extension for Android target not found
Native extension for OSXStandalone target not found
Native extension for WebGL target not found
Refreshing native plugins compatible for Editor in 141.93 ms, found 3 plugins.
Preloading 0 native plugins for Editor in 0.00 ms.
Package Manager log level set to [2]
Mono: successfully reloaded assembly
- Completed reload, in  2.086 seconds
Domain Reload Profiling:
	ReloadAssembly (2089ms)
		BeginReloadAssembly (271ms)
			ExecutionOrderSort (0ms)
			DisableScriptedObjects (10ms)
			BackupInstance (0ms)
			ReleaseScriptingObjects (0ms)
			CreateAndSetChildDomain (137ms)
		EndReloadAssembly (1633ms)
			LoadAssemblies (145ms)
			RebuildTransferFunctionScriptingTraits (0ms)
			SetupTypeCache (317ms)
			ReleaseScriptCaches (1ms)
			RebuildScriptCaches (98ms)
			SetupLoadedEditorAssemblies (994ms)
				LogAssemblyErrors (0ms)
				InitializePlatformSupportModulesInManaged (56ms)
				SetLoadedEditorAssemblies (0ms)
				RefreshPlugins (142ms)
				BeforeProcessingInitializeOnLoad (124ms)
				ProcessInitializeOnLoadAttributes (499ms)
				ProcessInitializeOnLoadMethodAttributes (159ms)
				AfterProcessingInitializeOnLoad (14ms)
				EditorAssembliesLoaded (0ms)
			ExecutionOrderSort2 (0ms)
			AwakeInstancesAfterBackupRestoration (8ms)
Platform modules already initialized, skipping
========================================================================
Worker process is ready to serve import requests
Launched and connected shader compiler UnityShaderCompiler.exe after 0.13 seconds
Refreshing native plugins compatible for Editor in 2.25 ms, found 3 plugins.
Preloading 0 native plugins for Editor in 0.00 ms.
Unloading 4159 Unused Serialized files (Serialized files now loaded: 0)
Unloading 69 unused Assets / (56.7 KB). Loaded Objects now: 4597.
Memory consumption went from 168.0 MB to 167.9 MB.
Total: 12.691300 ms (FindLiveObjects: 0.379900 ms CreateObjectMapping: 0.169700 ms MarkObjects: 12.029000 ms  DeleteObjects: 0.111700 ms)

AssetImportParameters requested are different than current active one (requested -> active):
  custom:video-decoder-ogg-theora: a1e56fd34408186e4bbccfd4996cb3dc -> 
  custom:container-muxer-webm: aa71ff27fc2769a1b78a27578f13a17b -> 
  custom:container-demuxer-webm: 4f35f7cbe854078d1ac9338744f61a02 -> 
  custom:video-encoder-webm-vp8: eb34c28f22e8b96e1ab97ce403110664 -> 
  custom:audio-encoder-webm-vorbis: bf7c407c2cedff20999df2af8eb42d56 -> 
  custom:framework-win-MediaFoundation: 216162199b28c13a410421893ffa2e32 -> 
  custom:container-demuxer-ogg: 62fdf1f143b41e24485cea50d1cbac27 -> 
  custom:video-decoder-webm-vp8: 9c59270c3fd7afecdb556c50c9e8de78 -> 
  custom:audio-decoder-ogg-vorbis: bf7c407c2cedff20999df2af8eb42d56 -> 
========================================================================
Received Import Request.
  Time since last request: 602800.671022 seconds.
  path: Assets/Scripts/Games/Minigames/ColorDissonanceController.cs
  artifactKey: Guid(ccc88edc83113e64ab004a8f249373aa) Importer(815301076,1909f56bfc062723c751e8b465ee728b)
Start importing Assets/Scripts/Games/Minigames/ColorDissonanceController.cs using Guid(ccc88edc83113e64ab004a8f249373aa) Importer(815301076,1909f56bfc062723c751e8b465ee728b)  -> (artifact id: '06bd8b686c3618427b8e7cb37e7d0bb2') in 0.042500 seconds 
========================================================================
Received Import Request.
  Time since last request: 177.617379 seconds.
  path: Assets/Scenes/Battle Scene.unity
  artifactKey: Guid(e57243f70e60a344da99514dbafb5023) Importer(815301076,1909f56bfc062723c751e8b465ee728b)
Start importing Assets/Scenes/Battle Scene.unity using Guid(e57243f70e60a344da99514dbafb5023) Importer(815301076,1909f56bfc062723c751e8b465ee728b)  -> (artifact id: '5c62f16aee91c21eb3517830657a5f45') in 0.017400 seconds 
========================================================================
Received Prepare
Registering precompiled user dll's ...
Registered in 0.009509 seconds.
Begin MonoManager ReloadAssembly
Symbol file LoadedFromMemory is not a mono symbol file
Native extension for UWP target not found
Native extension for WindowsStandalone target not found
Native extension for iOS target not found
Native extension for Android target not found
Native extension for OSXStandalone target not found
Native extension for WebGL target not found
Refreshing native plugins compatible for Editor in 1.55 ms, found 3 plugins.
Preloading 0 native plugins for Editor in 0.00 ms.
Mono: successfully reloaded assembly
- Completed reload, in  1.526 seconds
Domain Reload Profiling:
	ReloadAssembly (1527ms)
		BeginReloadAssembly (225ms)
			ExecutionOrderSort (0ms)
			DisableScriptedObjects (6ms)
			BackupInstance (0ms)
			ReleaseScriptingObjects (0ms)
			CreateAndSetChildDomain (55ms)
		EndReloadAssembly (1177ms)
			LoadAssemblies (175ms)
			RebuildTransferFunctionScriptingTraits (0ms)
			SetupTypeCache (388ms)
			ReleaseScriptCaches (2ms)
			RebuildScriptCaches (62ms)
			SetupLoadedEditorAssemblies (535ms)
				LogAssemblyErrors (0ms)
				InitializePlatformSupportModulesInManaged (43ms)
				SetLoadedEditorAssemblies (0ms)
				RefreshPlugins (2ms)
				BeforeProcessingInitializeOnLoad (73ms)
				ProcessInitializeOnLoadAttributes (289ms)
				ProcessInitializeOnLoadMethodAttributes (118ms)
				AfterProcessingInitializeOnLoad (9ms)
				EditorAssembliesLoaded (0ms)
			ExecutionOrderSort2 (0ms)
			AwakeInstancesAfterBackupRestoration (11ms)
Platform modules already initialized, skipping
Refreshing native plugins compatible for Editor in 12.87 ms, found 3 plugins.
Preloading 0 native plugins for Editor in 0.00 ms.
Unloading 4133 Unused Serialized files (Serialized files now loaded: 0)
Unloading 53 unused Assets / (25.8 KB). Loaded Objects now: 4600.
Memory consumption went from 165.9 MB to 165.9 MB.
Total: 8.187800 ms (FindLiveObjects: 0.442800 ms CreateObjectMapping: 0.113600 ms MarkObjects: 7.545200 ms  DeleteObjects: 0.084600 ms)

AssetImportParameters requested are different than current active one (requested -> active):
  custom:video-decoder-ogg-theora: a1e56fd34408186e4bbccfd4996cb3dc -> 
  custom:container-muxer-webm: aa71ff27fc2769a1b78a27578f13a17b -> 
  custom:container-demuxer-webm: 4f35f7cbe854078d1ac9338744f61a02 -> 
  custom:video-encoder-webm-vp8: eb34c28f22e8b96e1ab97ce403110664 -> 
  custom:audio-encoder-webm-vorbis: bf7c407c2cedff20999df2af8eb42d56 -> 
  custom:framework-win-MediaFoundation: 216162199b28c13a410421893ffa2e32 -> 
  custom:container-demuxer-ogg: 62fdf1f143b41e24485cea50d1cbac27 -> 
  custom:video-decoder-webm-vp8: 9c59270c3fd7afecdb556c50c9e8de78 -> 
  custom:audio-decoder-ogg-vorbis: bf7c407c2cedff20999df2af8eb42d56 -> 
========================================================================
Received Import Request.
  Time since last request: 133.577393 seconds.
  path: Assets/Resources/Prefabs/Battle Game Boards/Arrow Swipe Board 1.prefab
  artifactKey: Guid(ba4797a0234f86948b547ed3307174f0) Importer(815301076,1909f56bfc062723c751e8b465ee728b)
Start importing Assets/Resources/Prefabs/Battle Game Boards/Arrow Swipe Board 1.prefab using Guid(ba4797a0234f86948b547ed3307174f0) Importer(815301076,1909f56bfc062723c751e8b465ee728b)  -> (artifact id: 'b32409c83293887bae253eb37e77b325') in 0.075141 seconds 
========================================================================
Received Import Request.
  Time since last request: 5.059825 seconds.
  path: Assets/Resources/Prefabs/Battle Game Boards/Color Dissonance Board.prefab
  artifactKey: Guid(ba4797a0234f86948b547ed3307174f0) Importer(815301076,1909f56bfc062723c751e8b465ee728b)
Start importing Assets/Resources/Prefabs/Battle Game Boards/Color Dissonance Board.prefab using Guid(ba4797a0234f86948b547ed3307174f0) Importer(815301076,1909f56bfc062723c751e8b465ee728b)  -> (artifact id: 'bfff35f02aa2d9e36b6e048e97c05ac1') in 0.019578 seconds 
========================================================================
Received Import Request.
  Time since last request: 769.102378 seconds.
  path: Assets/Resources/Prefabs/Battle Game Boards/Color Dissonance Board.prefab
  artifactKey: Guid(ba4797a0234f86948b547ed3307174f0) Importer(815301076,1909f56bfc062723c751e8b465ee728b)
Start importing Assets/Resources/Prefabs/Battle Game Boards/Color Dissonance Board.prefab using Guid(ba4797a0234f86948b547ed3307174f0) Importer(815301076,1909f56bfc062723c751e8b465ee728b)  -> (artifact id: '644ee6292d67de3aad5aa83db52a349c') in 0.061986 seconds 
========================================================================
Received Import Request.
  Time since last request: 30.653856 seconds.
  path: Assets/Doozy/_Extras/Sprites/Brands/git-square.png
  artifactKey: Guid(5113ff171c48b964097439a8a39e69bd) Importer(815301076,1909f56bfc062723c751e8b465ee728b)
Start importing Assets/Doozy/_Extras/Sprites/Brands/git-square.png using Guid(5113ff171c48b964097439a8a39e69bd) Importer(815301076,1909f56bfc062723c751e8b465ee728b)  -> (artifact id: '04b781afc82fecd5128d64519282906a') in 0.212458 seconds 
========================================================================
Received Import Request.
  Time since last request: 43.693788 seconds.
  path: Assets/Doozy/_Extras/Sprites/Icons/shield-check_light.png
  artifactKey: Guid(0a0ccd426d7592045876a97cb9d03ccb) Importer(815301076,1909f56bfc062723c751e8b465ee728b)
Start importing Assets/Doozy/_Extras/Sprites/Icons/shield-check_light.png using Guid(0a0ccd426d7592045876a97cb9d03ccb) Importer(815301076,1909f56bfc062723c751e8b465ee728b)  -> (artifact id: '64403ac76ca1cc7e6eb87d59f924da40') in 0.046513 seconds 
========================================================================
Received Import Request.
  Time since last request: 0.144508 seconds.
  path: Assets/Doozy/_Extras/Sprites/Icons/shield-check_solid.png
  artifactKey: Guid(9ccb68c3da0190b40af0e6ed4dbfe2a4) Importer(815301076,1909f56bfc062723c751e8b465ee728b)
Start importing Assets/Doozy/_Extras/Sprites/Icons/shield-check_solid.png using Guid(9ccb68c3da0190b40af0e6ed4dbfe2a4) Importer(815301076,1909f56bfc062723c751e8b465ee728b)  -> (artifact id: 'ed178a5d8caf59c6b78ab15ea298f3b6') in 0.110734 seconds 
========================================================================
Received Import Request.
  Time since last request: 0.000038 seconds.
  path: Assets/Doozy/Editor/UIManager/SpriteSheets/UIMenu/Checkbox.png
  artifactKey: Guid(cac9b6f90d122c448acf7c1b549c6ac0) Importer(815301076,1909f56bfc062723c751e8b465ee728b)
Start importing Assets/Doozy/Editor/UIManager/SpriteSheets/UIMenu/Checkbox.png using Guid(cac9b6f90d122c448acf7c1b549c6ac0) Importer(815301076,1909f56bfc062723c751e8b465ee728b)  -> (artifact id: 'd8f9859cbaa0f09d10d8c4ccc308d688') in 0.182495 seconds 
========================================================================
Received Import Request.
  Time since last request: 3.853396 seconds.
  path: Assets/Doozy/Editor/EditorUI/SpriteSheets/Components/Checkmark.png
  artifactKey: Guid(868b7b5667f3ff64991ecb5c6658f17d) Importer(815301076,1909f56bfc062723c751e8b465ee728b)
Start importing Assets/Doozy/Editor/EditorUI/SpriteSheets/Components/Checkmark.png using Guid(868b7b5667f3ff64991ecb5c6658f17d) Importer(815301076,1909f56bfc062723c751e8b465ee728b)  -> (artifact id: 'd555a3c8d6e85648397996d34a0f62c3') in 0.175703 seconds 
========================================================================
Received Import Request.
  Time since last request: 3.707251 seconds.
  path: Assets/Doozy/_Extras/UIMenu/Previews/Components/Toggle/Checkbox/Flex Checkbox.png
  artifactKey: Guid(5beeae46c2468d94cb1cb8001b2a5c1b) Importer(815301076,1909f56bfc062723c751e8b465ee728b)
Start importing Assets/Doozy/_Extras/UIMenu/Previews/Components/Toggle/Checkbox/Flex Checkbox.png using Guid(5beeae46c2468d94cb1cb8001b2a5c1b) Importer(815301076,1909f56bfc062723c751e8b465ee728b)  -> (artifact id: 'ed13d2b0a169a36e48b190699fc291f2') in 0.687629 seconds 
========================================================================
Received Import Request.
  Time since last request: 257.763698 seconds.
  path: Assets/Doozy/_Extras/UIMenu/Previews/Containers/Tab Layout/Bottom Expanded.png
  artifactKey: Guid(e2f2c41d1677de04081c8eb67256c71b) Importer(815301076,1909f56bfc062723c751e8b465ee728b)
Start importing Assets/Doozy/_Extras/UIMenu/Previews/Containers/Tab Layout/Bottom Expanded.png using Guid(e2f2c41d1677de04081c8eb67256c71b) Importer(815301076,1909f56bfc062723c751e8b465ee728b)  -> (artifact id: '81e1999d91e6fd7759501975b178969f') in 0.353676 seconds 
========================================================================
Received Import Request.
  Time since last request: 0.733498 seconds.
  path: Assets/Doozy/_Extras/UIMenu/Previews/Components/Button/General/Close XMark.png
  artifactKey: Guid(cd096674734af6240bfcb2acc19d8d99) Importer(815301076,1909f56bfc062723c751e8b465ee728b)
Start importing Assets/Doozy/_Extras/UIMenu/Previews/Components/Button/General/Close XMark.png using Guid(cd096674734af6240bfcb2acc19d8d99) Importer(815301076,1909f56bfc062723c751e8b465ee728b)  -> (artifact id: 'ccba766011cee825eb07a4fe46278689') in 0.285762 seconds 
========================================================================
Received Import Request.
  Time since last request: 0.129002 seconds.
  path: Assets/Doozy/Editor/EditorUI/SpriteSheets/Components/EditorTextureGroup.png
  artifactKey: Guid(7d9e473506982bb46b56e91ac85ba082) Importer(815301076,1909f56bfc062723c751e8b465ee728b)
Start importing Assets/Doozy/Editor/EditorUI/SpriteSheets/Components/EditorTextureGroup.png using Guid(7d9e473506982bb46b56e91ac85ba082) Importer(815301076,1909f56bfc062723c751e8b465ee728b)  -> (artifact id: '5d5644f88f917b156db92a778918fde9') in 0.133395 seconds 
========================================================================
Received Import Request.
  Time since last request: 0.381247 seconds.
  path: Assets/Doozy/Editor/EditorUI/SpriteSheets/Icons/Export.png
  artifactKey: Guid(a40ab2133e19de0409cd6d9a74462baf) Importer(815301076,1909f56bfc062723c751e8b465ee728b)
Start importing Assets/Doozy/Editor/EditorUI/SpriteSheets/Icons/Export.png using Guid(a40ab2133e19de0409cd6d9a74462baf) Importer(815301076,1909f56bfc062723c751e8b465ee728b)  -> (artifact id: '31f0bbc2d219dc779a68d1e5f6ff135b') in 0.143021 seconds 
========================================================================
Received Import Request.
  Time since last request: 0.461686 seconds.
  path: Assets/Doozy/Editor/EditorUI/SpriteSheets/Icons/FixedUpdate.png
  artifactKey: Guid(30ba2263f5f79084a96bf2a8a69a4c05) Importer(815301076,1909f56bfc062723c751e8b465ee728b)
Start importing Assets/Doozy/Editor/EditorUI/SpriteSheets/Icons/FixedUpdate.png using Guid(30ba2263f5f79084a96bf2a8a69a4c05) Importer(815301076,1909f56bfc062723c751e8b465ee728b)  -> (artifact id: 'e11b9a49ddd77a9480eb7885db4d61db') in 0.143252 seconds 
========================================================================
Received Import Request.
  Time since last request: 0.759483 seconds.
  path: Assets/Doozy/_Extras/UIMenu/Previews/Components/Button/Basic/Flex Button.png
  artifactKey: Guid(446a46efcf0fd0249b7a8c0d83d2a011) Importer(815301076,1909f56bfc062723c751e8b465ee728b)
Start importing Assets/Doozy/_Extras/UIMenu/Previews/Components/Button/Basic/Flex Button.png using Guid(446a46efcf0fd0249b7a8c0d83d2a011) Importer(815301076,1909f56bfc062723c751e8b465ee728b)  -> (artifact id: '1a8aee2f40512f14fb022385539d5c5e') in 0.496827 seconds 
========================================================================
Received Import Request.
  Time since last request: 0.714530 seconds.
  path: Assets/Doozy/_Extras/UIMenu/Previews/Components/Button/Basic/Flex Icon Button.png
  artifactKey: Guid(1681630720984a8419cc806fa62f855f) Importer(815301076,1909f56bfc062723c751e8b465ee728b)
Start importing Assets/Doozy/_Extras/UIMenu/Previews/Components/Button/Basic/Flex Icon Button.png using Guid(1681630720984a8419cc806fa62f855f) Importer(815301076,1909f56bfc062723c751e8b465ee728b)  -> (artifact id: '2f6101a50f111e0b780acc3a8c6a01da') in 0.278881 seconds 
========================================================================
Received Import Request.
  Time since last request: 0.076260 seconds.
  path: Assets/Doozy/_Extras/UIMenu/Previews/Components/Toggle/Radio/Flex Radio.png
  artifactKey: Guid(32bca0a0265112a4696d12321aa38411) Importer(815301076,1909f56bfc062723c751e8b465ee728b)
Start importing Assets/Doozy/_Extras/UIMenu/Previews/Components/Toggle/Radio/Flex Radio.png using Guid(32bca0a0265112a4696d12321aa38411) Importer(815301076,1909f56bfc062723c751e8b465ee728b)  -> (artifact id: '9e3ea07b1a82c73e2e54f02822db754a') in 0.619310 seconds 
========================================================================
Received Import Request.
  Time since last request: 0.062789 seconds.
  path: Assets/Doozy/_Extras/UIMenu/Previews/Components/Toggle/Switch/Flex Switch.png
  artifactKey: Guid(dfa531f332432c94eb7b79386499ebd3) Importer(815301076,1909f56bfc062723c751e8b465ee728b)
Start importing Assets/Doozy/_Extras/UIMenu/Previews/Components/Toggle/Switch/Flex Switch.png using Guid(dfa531f332432c94eb7b79386499ebd3) Importer(815301076,1909f56bfc062723c751e8b465ee728b)  -> (artifact id: '0870fa30a28bf53ec6f2d622e56fe221') in 0.653104 seconds 
========================================================================
Received Import Request.
  Time since last request: 0.057376 seconds.
  path: Assets/Doozy/Editor/EditorUI/SpriteSheets/Components/LineMixedValues.png
  artifactKey: Guid(0dc8befffd3e223449ac49370ee58555) Importer(815301076,1909f56bfc062723c751e8b465ee728b)
Start importing Assets/Doozy/Editor/EditorUI/SpriteSheets/Components/LineMixedValues.png using Guid(0dc8befffd3e223449ac49370ee58555) Importer(815301076,1909f56bfc062723c751e8b465ee728b)  -> (artifact id: '50e92d46064c45314fc9990ac9ed8735') in 0.119282 seconds 
========================================================================
Received Import Request.
  Time since last request: 0.498909 seconds.
  path: Assets/Doozy/_Extras/UIMenu/Previews/Containers/Tab Layout/Right Expanded.png
  artifactKey: Guid(cfde6d145aa900f4e8e0cffe11c9b47c) Importer(815301076,1909f56bfc062723c751e8b465ee728b)
Start importing Assets/Doozy/_Extras/UIMenu/Previews/Containers/Tab Layout/Right Expanded.png using Guid(cfde6d145aa900f4e8e0cffe11c9b47c) Importer(815301076,1909f56bfc062723c751e8b465ee728b)  -> (artifact id: 'e2ac99ef13459dda2a2f23cbef5a7780') in 0.362689 seconds 
========================================================================
Received Import Request.
  Time since last request: 0.132965 seconds.
  path: Assets/Doozy/Editor/Reactor/SpriteSheets/Icons/TextProgressTarget.png
  artifactKey: Guid(320152e0e68afb54695c4fe11645e87d) Importer(815301076,1909f56bfc062723c751e8b465ee728b)
Start importing Assets/Doozy/Editor/Reactor/SpriteSheets/Icons/TextProgressTarget.png using Guid(320152e0e68afb54695c4fe11645e87d) Importer(815301076,1909f56bfc062723c751e8b465ee728b)  -> (artifact id: 'f6db7886bcd3b94d8e1d7ffc44b77a01') in 0.139973 seconds 
========================================================================
Received Import Request.
  Time since last request: 0.306405 seconds.
  path: Assets/Doozy/Editor/EditorUI/SpriteSheets/Icons/Texture.png
  artifactKey: Guid(deb0099a30bf2354bb7d35e960d3d220) Importer(815301076,1909f56bfc062723c751e8b465ee728b)
Start importing Assets/Doozy/Editor/EditorUI/SpriteSheets/Icons/Texture.png using Guid(deb0099a30bf2354bb7d35e960d3d220) Importer(815301076,1909f56bfc062723c751e8b465ee728b)  -> (artifact id: '68464569348a25665d3d59a1d0d13b88') in 0.153112 seconds 
========================================================================
Received Import Request.
  Time since last request: 0.355621 seconds.
  path: Assets/Doozy/_Extras/UIMenu/Previews/Containers/Tab Layout/Top Expanded.png
  artifactKey: Guid(6806058ec3485574db3668ec74bff6c8) Importer(815301076,1909f56bfc062723c751e8b465ee728b)
Start importing Assets/Doozy/_Extras/UIMenu/Previews/Containers/Tab Layout/Top Expanded.png using Guid(6806058ec3485574db3668ec74bff6c8) Importer(815301076,1909f56bfc062723c751e8b465ee728b)  -> (artifact id: 'eff1327d7c6f71be4ffb2c770ca15f51') in 0.319399 seconds 
========================================================================
Received Import Request.
  Time since last request: 0.161991 seconds.
  path: Assets/Doozy/Editor/UIManager/SpriteSheets/UIMenu/UIFX.png
  artifactKey: Guid(eb662b3f25a99454687b0ccd4a4fe891) Importer(815301076,1909f56bfc062723c751e8b465ee728b)
Start importing Assets/Doozy/Editor/UIManager/SpriteSheets/UIMenu/UIFX.png using Guid(eb662b3f25a99454687b0ccd4a4fe891) Importer(815301076,1909f56bfc062723c751e8b465ee728b)  -> (artifact id: 'e64257fdd40391d77f9f13d235668353') in 0.144704 seconds 
========================================================================
Received Import Request.
  Time since last request: 2.813803 seconds.
  path: Assets/Doozy/Editor/EditorUI/SpriteSheets/Icons/AudioMixerGroup.png
  artifactKey: Guid(8caaf8e67c0d2b24f844934cf5d93662) Importer(815301076,1909f56bfc062723c751e8b465ee728b)
Start importing Assets/Doozy/Editor/EditorUI/SpriteSheets/Icons/AudioMixerGroup.png using Guid(8caaf8e67c0d2b24f844934cf5d93662) Importer(815301076,1909f56bfc062723c751e8b465ee728b)  -> (artifact id: '8ac06feeb45b4982d5c9854c65103aff') in 0.205432 seconds 
========================================================================
Received Import Request.
  Time since last request: 0.000029 seconds.
  path: Assets/Doozy/_Examples/E03 - Signals - On Boarding (Portrait)/Sprites/Signals@512x512.png
  artifactKey: Guid(514ecae26591b4843a8e2d239ae91c89) Importer(815301076,1909f56bfc062723c751e8b465ee728b)
Start importing Assets/Doozy/_Examples/E03 - Signals - On Boarding (Portrait)/Sprites/Signals@512x512.png using Guid(514ecae26591b4843a8e2d239ae91c89) Importer(815301076,1909f56bfc062723c751e8b465ee728b)  -> (artifact id: '13bdea81ad7636b08af4e23e458c54bd') in 0.054340 seconds 
========================================================================
Received Import Request.
  Time since last request: 0.000068 seconds.
  path: Assets/Doozy/_Extras/Sprites/Shapes/Squares/Square @ 512x512 - Stroke 2.png
  artifactKey: Guid(5da8b9dfc7ca013429923201650a9305) Importer(815301076,1909f56bfc062723c751e8b465ee728b)
Start importing Assets/Doozy/_Extras/Sprites/Shapes/Squares/Square @ 512x512 - Stroke 2.png using Guid(5da8b9dfc7ca013429923201650a9305) Importer(815301076,1909f56bfc062723c751e8b465ee728b)  -> (artifact id: 'a5101287c530d5e5d10c4c6cfae0385c') in 0.048562 seconds 
========================================================================
Received Import Request.
  Time since last request: 0.000030 seconds.
  path: Assets/Doozy/Editor/EditorUI/SpriteSheets/Icons/AudioMixer.png
  artifactKey: Guid(d987b9deaea5b894e920d859d6215bd0) Importer(815301076,1909f56bfc062723c751e8b465ee728b)
Start importing Assets/Doozy/Editor/EditorUI/SpriteSheets/Icons/AudioMixer.png using Guid(d987b9deaea5b894e920d859d6215bd0) Importer(815301076,1909f56bfc062723c751e8b465ee728b)  -> (artifact id: '2989521f2d4427d33399f5c98d86fbfd') in 0.182303 seconds 
========================================================================
Received Import Request.
  Time since last request: 0.000039 seconds.
  path: Assets/Doozy/_Extras/Sprites/Shapes/CircleFrame@512 14px.png
  artifactKey: Guid(eb43fec04a4b051469be6cc4a8728b43) Importer(815301076,1909f56bfc062723c751e8b465ee728b)
Start importing Assets/Doozy/_Extras/Sprites/Shapes/CircleFrame@512 14px.png using Guid(eb43fec04a4b051469be6cc4a8728b43) Importer(815301076,1909f56bfc062723c751e8b465ee728b)  -> (artifact id: '5aef0bbf4714373dfacf4b8b1370508f') in 0.049071 seconds 
========================================================================
Received Import Request.
  Time since last request: 0.000045 seconds.
  path: Assets/Doozy/_Extras/Sprites/Icons/triangle-exclamation_regular.png
  artifactKey: Guid(9cf1f65c83cea3740bc9a850b3f4c0c3) Importer(815301076,1909f56bfc062723c751e8b465ee728b)
Start importing Assets/Doozy/_Extras/Sprites/Icons/triangle-exclamation_regular.png using Guid(9cf1f65c83cea3740bc9a850b3f4c0c3) Importer(815301076,1909f56bfc062723c751e8b465ee728b)  -> (artifact id: 'f56e87d82eafc285e25bd82fb3cf7dac') in 0.038042 seconds 
========================================================================
Received Import Request.
  Time since last request: 0.000024 seconds.
  path: Assets/Doozy/_Extras/Sprites/Shapes/Triangles/Triangle @ 128x128 - Stroke 2.png
  artifactKey: Guid(2022c7b2436902d46b32da54a47425b4) Importer(815301076,1909f56bfc062723c751e8b465ee728b)
Start importing Assets/Doozy/_Extras/Sprites/Shapes/Triangles/Triangle @ 128x128 - Stroke 2.png using Guid(2022c7b2436902d46b32da54a47425b4) Importer(815301076,1909f56bfc062723c751e8b465ee728b)  -> (artifact id: '8eb54fba16819bfdeacfedd31e8dbce8') in 0.030697 seconds 
========================================================================
Received Import Request.
  Time since last request: 0.000024 seconds.
  path: Assets/Doozy/_Examples/E03 - Signals - On Boarding (Portrait)/Sprites/StreamsConsole@512x512.png
  artifactKey: Guid(2d941745853a2314daa8e415739e5a76) Importer(815301076,1909f56bfc062723c751e8b465ee728b)
Start importing Assets/Doozy/_Examples/E03 - Signals - On Boarding (Portrait)/Sprites/StreamsConsole@512x512.png using Guid(2d941745853a2314daa8e415739e5a76) Importer(815301076,1909f56bfc062723c751e8b465ee728b)  -> (artifact id: 'e39c299aa418c4b0be4fa9af8abf42b8') in 0.053048 seconds 
========================================================================
Received Import Request.
  Time since last request: 0.000044 seconds.
  path: Assets/Doozy/_Extras/Sprites/Shapes/Triangles/Triangle @ 96x96 - Clean.png
  artifactKey: Guid(3cd56440eca61c24f98e595f428ed07c) Importer(815301076,1909f56bfc062723c751e8b465ee728b)
Start importing Assets/Doozy/_Extras/Sprites/Shapes/Triangles/Triangle @ 96x96 - Clean.png using Guid(3cd56440eca61c24f98e595f428ed07c) Importer(815301076,1909f56bfc062723c751e8b465ee728b)  -> (artifact id: 'f202d1f37586a697d9633e05c852ff85') in 0.033738 seconds 
========================================================================
Received Import Request.
  Time since last request: 0.000022 seconds.
  path: Assets/Doozy/_Extras/Sprites/Shapes/Squares/Square @ 128x128 - Stroke 4.png
  artifactKey: Guid(9ddf11ab83a5140469d7d6fdd3a48385) Importer(815301076,1909f56bfc062723c751e8b465ee728b)
Start importing Assets/Doozy/_Extras/Sprites/Shapes/Squares/Square @ 128x128 - Stroke 4.png using Guid(9ddf11ab83a5140469d7d6fdd3a48385) Importer(815301076,1909f56bfc062723c751e8b465ee728b)  -> (artifact id: 'b28dfb16cc1c3ade52f0195469b3d993') in 0.027722 seconds 
========================================================================
Received Import Request.
  Time since last request: 0.000034 seconds.
  path: Assets/Doozy/_Extras/Sprites/Brands/xbox.png
  artifactKey: Guid(fdc8a69f7b85cd94995b1e06a9c39f8b) Importer(815301076,1909f56bfc062723c751e8b465ee728b)
Start importing Assets/Doozy/_Extras/Sprites/Brands/xbox.png using Guid(fdc8a69f7b85cd94995b1e06a9c39f8b) Importer(815301076,1909f56bfc062723c751e8b465ee728b)  -> (artifact id: 'e7ba6168d82712d94271598b86173b71') in 0.035894 seconds 
========================================================================
Received Import Request.
  Time since last request: 0.000070 seconds.
  path: Assets/Doozy/_Extras/Sprites/Shapes/Triangles/Triangle @ 96x96 - Stroke 8.png
  artifactKey: Guid(39af8542c17f01e479c7f61ffa092472) Importer(815301076,1909f56bfc062723c751e8b465ee728b)
Start importing Assets/Doozy/_Extras/Sprites/Shapes/Triangles/Triangle @ 96x96 - Stroke 8.png using Guid(39af8542c17f01e479c7f61ffa092472) Importer(815301076,1909f56bfc062723c751e8b465ee728b)  -> (artifact id: '3e143bf30fbc9c1755f62133373d5e81') in 0.032733 seconds 
========================================================================
Received Import Request.
  Time since last request: 0.000025 seconds.
  path: Assets/Doozy/_Extras/Sprites/Shapes/Squares/Square @ 96x96 - Stroke 4.png
  artifactKey: Guid(cc59774f13052a144926b6ccf80378f1) Importer(815301076,1909f56bfc062723c751e8b465ee728b)
Start importing Assets/Doozy/_Extras/Sprites/Shapes/Squares/Square @ 96x96 - Stroke 4.png using Guid(cc59774f13052a144926b6ccf80378f1) Importer(815301076,1909f56bfc062723c751e8b465ee728b)  -> (artifact id: 'd8f0dde46b4ff691434e05ca4870fc48') in 0.031179 seconds 
========================================================================
Received Import Request.
  Time since last request: 0.000048 seconds.
  path: Assets/Doozy/_Extras/Sprites/Shapes/Triangles/Triangle @ 128x128 - Stroke 8.png
  artifactKey: Guid(0c47f52c7b3dc2b429ee244b77934b8f) Importer(815301076,1909f56bfc062723c751e8b465ee728b)
Start importing Assets/Doozy/_Extras/Sprites/Shapes/Triangles/Triangle @ 128x128 - Stroke 8.png using Guid(0c47f52c7b3dc2b429ee244b77934b8f) Importer(815301076,1909f56bfc062723c751e8b465ee728b)  -> (artifact id: '8e5753a508ef9dc5c2fb95eec3bac8ab') in 0.031121 seconds 
========================================================================
Received Import Request.
  Time since last request: 0.000030 seconds.
  path: Assets/Doozy/_Extras/Sprites/Shapes/Squares/Square @ 512x512 - Stroke 8.png
  artifactKey: Guid(b5daf50176c1e3142aa0f257c853580f) Importer(815301076,1909f56bfc062723c751e8b465ee728b)
Start importing Assets/Doozy/_Extras/Sprites/Shapes/Squares/Square @ 512x512 - Stroke 8.png using Guid(b5daf50176c1e3142aa0f257c853580f) Importer(815301076,1909f56bfc062723c751e8b465ee728b)  -> (artifact id: 'e824749e291a69458c4b0b887bd29fbf') in 0.046900 seconds 
========================================================================
Received Import Request.
  Time since last request: 0.000025 seconds.
  path: Assets/Doozy/_Extras/Sprites/Shapes/Triangles/Triangle @ 512x512 - Stroke 2.png
  artifactKey: Guid(0fa1cafdc3626ae4d92eab207cfdb04f) Importer(815301076,1909f56bfc062723c751e8b465ee728b)
Start importing Assets/Doozy/_Extras/Sprites/Shapes/Triangles/Triangle @ 512x512 - Stroke 2.png using Guid(0fa1cafdc3626ae4d92eab207cfdb04f) Importer(815301076,1909f56bfc062723c751e8b465ee728b)  -> (artifact id: '19fdaa1001aab3c51f92799bc6857720') in 0.034488 seconds 
========================================================================
Received Import Request.
  Time since last request: 0.000031 seconds.
  path: Assets/Doozy/_Extras/Sprites/Shapes/CircleFrame@512 6px.png
  artifactKey: Guid(6b766ddac3dbaac4687701175ac27164) Importer(815301076,1909f56bfc062723c751e8b465ee728b)
Start importing Assets/Doozy/_Extras/Sprites/Shapes/CircleFrame@512 6px.png using Guid(6b766ddac3dbaac4687701175ac27164) Importer(815301076,1909f56bfc062723c751e8b465ee728b)  -> (artifact id: '567b3ecd361bb5566864cd79ee8b27cc') in 0.042637 seconds 
========================================================================
Received Import Request.
  Time since last request: 0.000034 seconds.
  path: Assets/Doozy/_Extras/Sprites/Icons/triangle-exclamation_light.png
  artifactKey: Guid(4a83574da515f6c449372fa1da9b2b6a) Importer(815301076,1909f56bfc062723c751e8b465ee728b)
Start importing Assets/Doozy/_Extras/Sprites/Icons/triangle-exclamation_light.png using Guid(4a83574da515f6c449372fa1da9b2b6a) Importer(815301076,1909f56bfc062723c751e8b465ee728b)  -> (artifact id: '73e2f8d0914b77bf0a2825a2f40c9a16') in 0.032757 seconds 
========================================================================
Received Import Request.
  Time since last request: 0.000023 seconds.
  path: Assets/Doozy/_Extras/Sprites/Shapes/Squares/Square @ 128x128 - Stroke 8.png
  artifactKey: Guid(e3024ca93817a184e9ff6c89fc9742c5) Importer(815301076,1909f56bfc062723c751e8b465ee728b)
Start importing Assets/Doozy/_Extras/Sprites/Shapes/Squares/Square @ 128x128 - Stroke 8.png using Guid(e3024ca93817a184e9ff6c89fc9742c5) Importer(815301076,1909f56bfc062723c751e8b465ee728b)  -> (artifact id: '316627ae0017870ca67ff9bcde878db7') in 0.034099 seconds 
========================================================================
Received Import Request.
  Time since last request: 0.000036 seconds.
  path: Assets/Doozy/_Extras/Sprites/Shapes/CircleFrame@512 12px.png
  artifactKey: Guid(90414386487804a4282dd4bf2150b41d) Importer(815301076,1909f56bfc062723c751e8b465ee728b)
Start importing Assets/Doozy/_Extras/Sprites/Shapes/CircleFrame@512 12px.png using Guid(90414386487804a4282dd4bf2150b41d) Importer(815301076,1909f56bfc062723c751e8b465ee728b)  -> (artifact id: '498d3f4dd51177321e65baf601f5abf7') in 0.045591 seconds 
========================================================================
Received Import Request.
  Time since last request: 0.000024 seconds.
  path: Assets/Doozy/_Extras/Sprites/Icons/xmark_regular.png
  artifactKey: Guid(5a186acba2dc15c4d9ce59f4008bfbe5) Importer(815301076,1909f56bfc062723c751e8b465ee728b)
Start importing Assets/Doozy/_Extras/Sprites/Icons/xmark_regular.png using Guid(5a186acba2dc15c4d9ce59f4008bfbe5) Importer(815301076,1909f56bfc062723c751e8b465ee728b)  -> (artifact id: '3197f0e076887eb3826afdf2f9e5c0b5') in 0.035468 seconds 
========================================================================
Received Import Request.
  Time since last request: 0.000038 seconds.
  path: Assets/Doozy/_Extras/Sprites/Shapes/Squares/Square @ 96x96 - Clean.png
  artifactKey: Guid(827d15d8f910a4a44816ab2d24fcb70e) Importer(815301076,1909f56bfc062723c751e8b465ee728b)
Start importing Assets/Doozy/_Extras/Sprites/Shapes/Squares/Square @ 96x96 - Clean.png using Guid(827d15d8f910a4a44816ab2d24fcb70e) Importer(815301076,1909f56bfc062723c751e8b465ee728b)  -> (artifact id: 'd56e80f80bb570a692d532c45f437712') in 0.030578 seconds 
========================================================================
Received Import Request.
  Time since last request: 0.000032 seconds.
  path: Assets/Doozy/_Extras/Sprites/Shapes/Triangles/Triangle @ 32x32 - Clean.png
  artifactKey: Guid(a12d8c17292c45d47a1e9be9c0ed838a) Importer(815301076,1909f56bfc062723c751e8b465ee728b)
Start importing Assets/Doozy/_Extras/Sprites/Shapes/Triangles/Triangle @ 32x32 - Clean.png using Guid(a12d8c17292c45d47a1e9be9c0ed838a) Importer(815301076,1909f56bfc062723c751e8b465ee728b)  -> (artifact id: 'c2b51c32b1a547797ccceac0da7e57d6') in 0.027655 seconds 
========================================================================
Received Import Request.
  Time since last request: 0.000047 seconds.
  path: Assets/Doozy/_Examples/E03 - Signals - On Boarding (Portrait)/Sprites/SignalsConsole@512x512.png
  artifactKey: Guid(55fc0111ca2b2504fb26e9087c4c0e8c) Importer(815301076,1909f56bfc062723c751e8b465ee728b)
Start importing Assets/Doozy/_Examples/E03 - Signals - On Boarding (Portrait)/Sprites/SignalsConsole@512x512.png using Guid(55fc0111ca2b2504fb26e9087c4c0e8c) Importer(815301076,1909f56bfc062723c751e8b465ee728b)  -> (artifact id: '7b6157081897933330f3858ca729bfe1') in 0.056375 seconds 
========================================================================
Received Import Request.
  Time since last request: 0.000026 seconds.
  path: Assets/Doozy/_Extras/Sprites/Shapes/Triangles/Triangle @ 256x256 - Stroke 8.png
  artifactKey: Guid(9172a6345c18ac94fb30b87b501286e9) Importer(815301076,1909f56bfc062723c751e8b465ee728b)
Start importing Assets/Doozy/_Extras/Sprites/Shapes/Triangles/Triangle @ 256x256 - Stroke 8.png using Guid(9172a6345c18ac94fb30b87b501286e9) Importer(815301076,1909f56bfc062723c751e8b465ee728b)  -> (artifact id: '46a068c7b6d347504f07dc62cca45bce') in 0.040471 seconds 
========================================================================
Received Import Request.
  Time since last request: 0.000034 seconds.
  path: Assets/Doozy/_Extras/Sprites/Logos/_Big/UIMenu@1024x1024.png
  artifactKey: Guid(32135095b33b79c40bd65f3333875383) Importer(815301076,1909f56bfc062723c751e8b465ee728b)
Start importing Assets/Doozy/_Extras/Sprites/Logos/_Big/UIMenu@1024x1024.png using Guid(32135095b33b79c40bd65f3333875383) Importer(815301076,1909f56bfc062723c751e8b465ee728b)  -> (artifact id: 'b881bb58bf1cd0bf7bbd7b0b4172fd3e') in 0.090178 seconds 
========================================================================
Received Import Request.
  Time since last request: 0.000029 seconds.
  path: Assets/Doozy/_Extras/Sprites/Logos/Artworks/UIMenuArtwork@1920x1080.png
  artifactKey: Guid(70fefc615f95819459240536c6324bf8) Importer(815301076,1909f56bfc062723c751e8b465ee728b)
Start importing Assets/Doozy/_Extras/Sprites/Logos/Artworks/UIMenuArtwork@1920x1080.png using Guid(70fefc615f95819459240536c6324bf8) Importer(815301076,1909f56bfc062723c751e8b465ee728b)  -> (artifact id: '5a7eb16f216b67a382f656faa9c656f5') in 0.307990 seconds 
========================================================================
Received Import Request.
  Time since last request: 0.000032 seconds.
  path: Assets/Doozy/_Extras/Sprites/Shapes/CircleFrame@512 10px.png
  artifactKey: Guid(f4bdc886234ce874bb1f9c738baefadd) Importer(815301076,1909f56bfc062723c751e8b465ee728b)
Start importing Assets/Doozy/_Extras/Sprites/Shapes/CircleFrame@512 10px.png using Guid(f4bdc886234ce874bb1f9c738baefadd) Importer(815301076,1909f56bfc062723c751e8b465ee728b)  -> (artifact id: '13fe697835edd87f20961d9906cdb091') in 0.051473 seconds 
========================================================================
Received Import Request.
  Time since last request: 0.000050 seconds.
  path: Assets/Doozy/_Extras/Sprites/Icons/volume-xmark_regular.png
  artifactKey: Guid(8265b115e4a22e2419e47c0b89c78c27) Importer(815301076,1909f56bfc062723c751e8b465ee728b)
Start importing Assets/Doozy/_Extras/Sprites/Icons/volume-xmark_regular.png using Guid(8265b115e4a22e2419e47c0b89c78c27) Importer(815301076,1909f56bfc062723c751e8b465ee728b)  -> (artifact id: '16006eab76691bc8781c296eb7b71ea0') in 0.037352 seconds 
========================================================================
Received Import Request.
  Time since last request: 0.000024 seconds.
  path: Assets/Doozy/_Extras/Sprites/Shapes/Squares/Square @ 128x128 - Stroke 2.png
  artifactKey: Guid(cc85f534ebe4ef946a42c5ece5552028) Importer(815301076,1909f56bfc062723c751e8b465ee728b)
Start importing Assets/Doozy/_Extras/Sprites/Shapes/Squares/Square @ 128x128 - Stroke 2.png using Guid(cc85f534ebe4ef946a42c5ece5552028) Importer(815301076,1909f56bfc062723c751e8b465ee728b)  -> (artifact id: '802d364adaa62d9df1ea16fde8216987') in 0.033594 seconds 
========================================================================
Received Import Request.
  Time since last request: 0.000034 seconds.
  path: Assets/Doozy/_Extras/Sprites/Shapes/CircleFrame@512 16px.png
  artifactKey: Guid(24c29abc690dcf54da1ef7e798141512) Importer(815301076,1909f56bfc062723c751e8b465ee728b)
Start importing Assets/Doozy/_Extras/Sprites/Shapes/CircleFrame@512 16px.png using Guid(24c29abc690dcf54da1ef7e798141512) Importer(815301076,1909f56bfc062723c751e8b465ee728b)  -> (artifact id: 'd15a217ce15a05f539510b8ce55404c8') in 0.048203 seconds 
========================================================================
Received Import Request.
  Time since last request: 0.000039 seconds.
  path: Assets/Doozy/_Extras/Sprites/Shapes/CircleFrame@512 32px.png
  artifactKey: Guid(d61e29530b026924c8cd3dfb4b929992) Importer(815301076,1909f56bfc062723c751e8b465ee728b)
Start importing Assets/Doozy/_Extras/Sprites/Shapes/CircleFrame@512 32px.png using Guid(d61e29530b026924c8cd3dfb4b929992) Importer(815301076,1909f56bfc062723c751e8b465ee728b)  -> (artifact id: 'd289fd585ae2fb1c780bc7b818634819') in 0.051342 seconds 
========================================================================
Received Import Request.
  Time since last request: 0.000032 seconds.
  path: Assets/Doozy/_Extras/Sprites/Shapes/Triangles/Triangle @ 32x32 - Stroke 4.png
  artifactKey: Guid(4d31c570fcffa52489b36798385ac5ce) Importer(815301076,1909f56bfc062723c751e8b465ee728b)
Start importing Assets/Doozy/_Extras/Sprites/Shapes/Triangles/Triangle @ 32x32 - Stroke 4.png using Guid(4d31c570fcffa52489b36798385ac5ce) Importer(815301076,1909f56bfc062723c751e8b465ee728b)  -> (artifact id: '24e7cd1673df708f3c6ff6d4e452c680') in 0.044971 seconds 
========================================================================
Received Import Request.
  Time since last request: 0.000035 seconds.
  path: Assets/Doozy/_Extras/Sprites/Shapes/Squares/Square @ 96x96 - Stroke 8.png
  artifactKey: Guid(a2b0250ca01abf745a2aa288c3ec8cfd) Importer(815301076,1909f56bfc062723c751e8b465ee728b)
Start importing Assets/Doozy/_Extras/Sprites/Shapes/Squares/Square @ 96x96 - Stroke 8.png using Guid(a2b0250ca01abf745a2aa288c3ec8cfd) Importer(815301076,1909f56bfc062723c751e8b465ee728b)  -> (artifact id: 'c85c6cf4433717eec96646bd72182442') in 0.035843 seconds 
========================================================================
Received Import Request.
  Time since last request: 0.000032 seconds.
  path: Assets/Doozy/_Extras/Sprites/Shapes/CircleFrame@512 8px.png
  artifactKey: Guid(a8894586e0f82d74b85009b9d58a54d8) Importer(815301076,1909f56bfc062723c751e8b465ee728b)
Start importing Assets/Doozy/_Extras/Sprites/Shapes/CircleFrame@512 8px.png using Guid(a8894586e0f82d74b85009b9d58a54d8) Importer(815301076,1909f56bfc062723c751e8b465ee728b)  -> (artifact id: '7b9b6078ee9235a1bd7a14872b2a0f33') in 0.057721 seconds 
========================================================================
Received Import Request.
  Time since last request: 0.000026 seconds.
  path: Assets/Doozy/_Extras/Sprites/Shapes/Squares/Square @ 256x256 - Stroke 2.png
  artifactKey: Guid(fe2b1546eb2198c499424d086db3ee6a) Importer(815301076,1909f56bfc062723c751e8b465ee728b)
Start importing Assets/Doozy/_Extras/Sprites/Shapes/Squares/Square @ 256x256 - Stroke 2.png using Guid(fe2b1546eb2198c499424d086db3ee6a) Importer(815301076,1909f56bfc062723c751e8b465ee728b)  -> (artifact id: '5dbebf00d1b1ac8e88304b2ecd1db510') in 0.040734 seconds 
========================================================================
Received Import Request.
  Time since last request: 0.000037 seconds.
  path: Assets/Doozy/_Extras/Sprites/Shapes/Squares/Square @ 512x512 - Stroke 4.png
  artifactKey: Guid(fa2ebcdfb4318e84ab812fa56bc6072b) Importer(815301076,1909f56bfc062723c751e8b465ee728b)
Start importing Assets/Doozy/_Extras/Sprites/Shapes/Squares/Square @ 512x512 - Stroke 4.png using Guid(fa2ebcdfb4318e84ab812fa56bc6072b) Importer(815301076,1909f56bfc062723c751e8b465ee728b)  -> (artifact id: '1ac72f432d37038bd32da6bebe2ae5db') in 0.050784 seconds 
========================================================================
Received Import Request.
  Time since last request: 0.000049 seconds.
  path: Assets/Doozy/_Extras/Sprites/Icons/xmark_solid.png
  artifactKey: Guid(28c0dd0e0d15e754c9b0cf5181e50826) Importer(815301076,1909f56bfc062723c751e8b465ee728b)
Start importing Assets/Doozy/_Extras/Sprites/Icons/xmark_solid.png using Guid(28c0dd0e0d15e754c9b0cf5181e50826) Importer(815301076,1909f56bfc062723c751e8b465ee728b)  -> (artifact id: '7fe72c08a0152c36a8c199347fc80551') in 0.034234 seconds 
Editor requested this worker to shutdown with reason: Scaling down because of idle timeout
AssetImportWorker is now disconnected from the server
Process exiting
Exiting without the bug reporter. Application will terminate with return code 0