Using pre-set license
Built from '2020.3/staging' branch; Version is '2020.3.21f1 (a38c86f6690f) revision 10718342'; Using compiler version '192528614'; Build Type 'Release'
OS: 'Windows 10 Pro; OS build 22000.556; Version 2009; 64bit' Language: 'en' Physical Memory: 32711 MB
BatchMode: 1, IsHumanControllingUs: 0, StartBugReporterOnCrash: 0, Is64bit: 1, IsPro: 0

COMMAND LINE ARGUMENTS:
C:\Program Files\Unity\Hub\Editor\2020.3.21f1\Editor\Unity.exe
-adb2
-batchMode
-noUpm
-name
AssetImportWorker0
-projectPath
C:/Users/Jacob/Desktop/Adam/Games/Brain Game Copy
-logFile
Logs/AssetImportWorker0.log
-srvPort
58015
Successfully changed project path to: C:/Users/Jacob/Desktop/Adam/Games/Brain Game Copy
C:/Users/Jacob/Desktop/Adam/Games/Brain Game Copy
Using Asset Import Pipeline V2.
Refreshing native plugins compatible for Editor in 84.12 ms, found 3 plugins.
Preloading 0 native plugins for Editor in 0.00 ms.
Initialize engine version: 2020.3.21f1 (a38c86f6690f)
[Subsystems] Discovering subsystems at path C:/Program Files/Unity/Hub/Editor/2020.3.21f1/Editor/Data/Resources/UnitySubsystems
[Subsystems] Discovering subsystems at path C:/Users/Jacob/Desktop/Adam/Games/Brain Game Copy/Assets
GfxDevice: creating device client; threaded=0
Direct3D:
    Version:  Direct3D 11.0 [level 11.1]
    Renderer: NVIDIA GeForce GTX 1660 SUPER (ID=0x21c4)
    Vendor:   
    VRAM:     5992 MB
    Driver:   30.0.15.1123
Initialize mono
Mono path[0] = 'C:/Program Files/Unity/Hub/Editor/2020.3.21f1/Editor/Data/Managed'
Mono path[1] = 'C:/Program Files/Unity/Hub/Editor/2020.3.21f1/Editor/Data/MonoBleedingEdge/lib/mono/unityjit'
Mono config path = 'C:/Program Files/Unity/Hub/Editor/2020.3.21f1/Editor/Data/MonoBleedingEdge/etc'
Using monoOptions --debugger-agent=transport=dt_socket,embedding=1,server=y,suspend=n,address=127.0.0.1:56672
Begin MonoManager ReloadAssembly
Registering precompiled unity dll's ...
Register platform support module: C:/Program Files/Unity/Hub/Editor/2020.3.21f1/Editor/Data/PlaybackEngines/WindowsStandaloneSupport/UnityEditor.WindowsStandalone.Extensions.dll
Registered in 0.001103 seconds.
Native extension for WindowsStandalone target not found
Refreshing native plugins compatible for Editor in 84.92 ms, found 3 plugins.
Preloading 0 native plugins for Editor in 0.00 ms.
Mono: successfully reloaded assembly
- Completed reload, in  1.527 seconds
Domain Reload Profiling:
	ReloadAssembly (1527ms)
		BeginReloadAssembly (38ms)
			ExecutionOrderSort (0ms)
			DisableScriptedObjects (0ms)
			BackupInstance (0ms)
			ReleaseScriptingObjects (0ms)
			CreateAndSetChildDomain (1ms)
		EndReloadAssembly (391ms)
			LoadAssemblies (37ms)
			RebuildTransferFunctionScriptingTraits (0ms)
			SetupTypeCache (115ms)
			ReleaseScriptCaches (0ms)
			RebuildScriptCaches (22ms)
			SetupLoadedEditorAssemblies (179ms)
				LogAssemblyErrors (0ms)
				InitializePlatformSupportModulesInManaged (3ms)
				SetLoadedEditorAssemblies (0ms)
				RefreshPlugins (85ms)
				BeforeProcessingInitializeOnLoad (12ms)
				ProcessInitializeOnLoadAttributes (58ms)
				ProcessInitializeOnLoadMethodAttributes (20ms)
				AfterProcessingInitializeOnLoad (0ms)
				EditorAssembliesLoaded (0ms)
			ExecutionOrderSort2 (0ms)
			AwakeInstancesAfterBackupRestoration (0ms)
Platform modules already initialized, skipping
Registering precompiled user dll's ...
Registered in 0.005635 seconds.
Begin MonoManager ReloadAssembly
Native extension for WindowsStandalone target not found
Refreshing native plugins compatible for Editor in 82.36 ms, found 3 plugins.
Preloading 0 native plugins for Editor in 0.00 ms.
Mono: successfully reloaded assembly
- Completed reload, in  1.004 seconds
Domain Reload Profiling:
	ReloadAssembly (1004ms)
		BeginReloadAssembly (108ms)
			ExecutionOrderSort (0ms)
			DisableScriptedObjects (3ms)
			BackupInstance (0ms)
			ReleaseScriptingObjects (0ms)
			CreateAndSetChildDomain (15ms)
		EndReloadAssembly (844ms)
			LoadAssemblies (70ms)
			RebuildTransferFunctionScriptingTraits (0ms)
			SetupTypeCache (263ms)
			ReleaseScriptCaches (1ms)
			RebuildScriptCaches (50ms)
			SetupLoadedEditorAssemblies (361ms)
				LogAssemblyErrors (0ms)
				InitializePlatformSupportModulesInManaged (3ms)
				SetLoadedEditorAssemblies (0ms)
				RefreshPlugins (82ms)
				BeforeProcessingInitializeOnLoad (70ms)
				ProcessInitializeOnLoadAttributes (189ms)
				ProcessInitializeOnLoadMethodAttributes (13ms)
				AfterProcessingInitializeOnLoad (4ms)
				EditorAssembliesLoaded (0ms)
			ExecutionOrderSort2 (0ms)
			AwakeInstancesAfterBackupRestoration (5ms)
Platform modules already initialized, skipping
========================================================================
Worker process is ready to serve import requests
Launched and connected shader compiler UnityShaderCompiler.exe after 0.04 seconds
Refreshing native plugins compatible for Editor in 1.09 ms, found 3 plugins.
Preloading 0 native plugins for Editor in 0.00 ms.
Unloading 3312 Unused Serialized files (Serialized files now loaded: 0)
System memory in use before: 133.8 MB.
System memory in use after: 134.0 MB.

Unloading 38 unused Assets to reduce memory usage. Loaded Objects now: 3749.
Total: 3.257300 ms (FindLiveObjects: 0.317300 ms CreateObjectMapping: 0.090400 ms MarkObjects: 2.782200 ms  DeleteObjects: 0.066200 ms)

AssetImportParameters requested are different than current active one (requested -> active):
  custom:framework-win-MediaFoundation: 216162199b28c13a410421893ffa2e32 -> 
  custom:video-decoder-ogg-theora: a1e56fd34408186e4bbccfd4996cb3dc -> 
  custom:container-muxer-webm: aa71ff27fc2769a1b78a27578f13a17b -> 
  custom:container-demuxer-webm: 4f35f7cbe854078d1ac9338744f61a02 -> 
  custom:container-demuxer-ogg: 62fdf1f143b41e24485cea50d1cbac27 -> 
  custom:video-encoder-webm-vp8: eb34c28f22e8b96e1ab97ce403110664 -> 
  custom:video-decoder-webm-vp8: 9c59270c3fd7afecdb556c50c9e8de78 -> 
  custom:audio-decoder-ogg-vorbis: bf7c407c2cedff20999df2af8eb42d56 -> 
  custom:audio-encoder-webm-vorbis: bf7c407c2cedff20999df2af8eb42d56 -> 
========================================================================
Received Import Request.
  path: Assets/Resources/Scriptable Objects/Trivia Sets/Level 2.asset
  artifactKey: Guid(56a6386a39b12f745a71f9ea6466137d) Importer(815301076,1909f56bfc062723c751e8b465ee728b)
Start importing Assets/Resources/Scriptable Objects/Trivia Sets/Level 2.asset using Guid(56a6386a39b12f745a71f9ea6466137d) Importer(815301076,1909f56bfc062723c751e8b465ee728b)  -> (artifact id: '98c7d9cbf0eb06ee8c2217a19e91fd40') in 0.032590 seconds 
  Import took 0.037375 seconds .

========================================================================
Received Import Request.
  Time since last request: 7.592020 seconds.
  path: Assets/Resources/Scriptable Objects/Trivia Sets/Level 1.asset
  artifactKey: Guid(67235b251a4c0af428b93884eb1d3387) Importer(815301076,1909f56bfc062723c751e8b465ee728b)
Start importing Assets/Resources/Scriptable Objects/Trivia Sets/Level 1.asset using Guid(67235b251a4c0af428b93884eb1d3387) Importer(815301076,1909f56bfc062723c751e8b465ee728b)  -> (artifact id: '3ab9f2ad93dc24a5281ab8742e2d693b') in 0.006346 seconds 
  Import took 0.011283 seconds .

========================================================================
Received Import Request.
  Time since last request: 2.737082 seconds.
  path: Assets/Resources/Scriptable Objects/Trivia Sets/Intro - Level 1.asset
  artifactKey: Guid(67235b251a4c0af428b93884eb1d3387) Importer(815301076,1909f56bfc062723c751e8b465ee728b)
Start importing Assets/Resources/Scriptable Objects/Trivia Sets/Intro - Level 1.asset using Guid(67235b251a4c0af428b93884eb1d3387) Importer(815301076,1909f56bfc062723c751e8b465ee728b)  -> (artifact id: 'a4b52c076e2a11e633f3459b01a0cb02') in 0.006452 seconds 
  Import took 0.011679 seconds .

========================================================================
Received Import Request.
  Time since last request: 337.903048 seconds.
  path: Assets/Resources/Scriptable Objects/Trivia Sets/Intro - Level 1.asset
  artifactKey: Guid(67235b251a4c0af428b93884eb1d3387) Importer(815301076,1909f56bfc062723c751e8b465ee728b)
Start importing Assets/Resources/Scriptable Objects/Trivia Sets/Intro - Level 1.asset using Guid(67235b251a4c0af428b93884eb1d3387) Importer(815301076,1909f56bfc062723c751e8b465ee728b)  -> (artifact id: '92beb424489cf4d0ef36c938c6e8f0f8') in 0.003019 seconds 
  Import took 0.008106 seconds .

========================================================================
Received Import Request.
  Time since last request: 52.414747 seconds.
  path: Assets/Resources/Scriptable Objects/Trivia Sets/Intro - Level 1.asset
  artifactKey: Guid(67235b251a4c0af428b93884eb1d3387) Importer(815301076,1909f56bfc062723c751e8b465ee728b)
Start importing Assets/Resources/Scriptable Objects/Trivia Sets/Intro - Level 1.asset using Guid(67235b251a4c0af428b93884eb1d3387) Importer(815301076,1909f56bfc062723c751e8b465ee728b)  -> (artifact id: '91cccf944cfbf37a2707acfc3a445e9a') in 0.002986 seconds 
  Import took 0.007951 seconds .

========================================================================
Received Import Request.
  Time since last request: 2.466521 seconds.
  path: Assets/Resources/Scriptable Objects/Trivia Sets/Intro - Level 2.asset
  artifactKey: Guid(d5f3299fcbc682f45be803d47b22cfd1) Importer(815301076,1909f56bfc062723c751e8b465ee728b)
Start importing Assets/Resources/Scriptable Objects/Trivia Sets/Intro - Level 2.asset using Guid(d5f3299fcbc682f45be803d47b22cfd1) Importer(815301076,1909f56bfc062723c751e8b465ee728b)  -> (artifact id: 'da8a0cb0fa8ac68fd6c9a33308224da4') in 0.006828 seconds 
  Import took 0.011630 seconds .

========================================================================
Received Import Request.
  Time since last request: 28.844617 seconds.
  path: Assets/Resources/Scriptable Objects/Trivia Sets/Intro - Level 2.asset
  artifactKey: Guid(d5f3299fcbc682f45be803d47b22cfd1) Importer(815301076,1909f56bfc062723c751e8b465ee728b)
Start importing Assets/Resources/Scriptable Objects/Trivia Sets/Intro - Level 2.asset using Guid(d5f3299fcbc682f45be803d47b22cfd1) Importer(815301076,1909f56bfc062723c751e8b465ee728b)  -> (artifact id: '89b83c4e00ba06c5c39553e16cf9ded5') in 0.003792 seconds 
  Import took 0.008600 seconds .

========================================================================
Received Import Request.
  Time since last request: 368.864166 seconds.
  path: Assets/Resources/Scriptable Objects/Trivia Sets/Intro - Level 2.asset
  artifactKey: Guid(d5f3299fcbc682f45be803d47b22cfd1) Importer(815301076,1909f56bfc062723c751e8b465ee728b)
Start importing Assets/Resources/Scriptable Objects/Trivia Sets/Intro - Level 2.asset using Guid(d5f3299fcbc682f45be803d47b22cfd1) Importer(815301076,1909f56bfc062723c751e8b465ee728b)  -> (artifact id: 'e41453962499c004094c1d76a5e7d65e') in 0.002935 seconds 
  Import took 0.008173 seconds .

========================================================================
Received Import Request.
  Time since last request: 334.326310 seconds.
  path: Assets/Resources/Scriptable Objects/Trivia Sets/Intro - Level 2.asset
  artifactKey: Guid(d5f3299fcbc682f45be803d47b22cfd1) Importer(815301076,1909f56bfc062723c751e8b465ee728b)
Start importing Assets/Resources/Scriptable Objects/Trivia Sets/Intro - Level 2.asset using Guid(d5f3299fcbc682f45be803d47b22cfd1) Importer(815301076,1909f56bfc062723c751e8b465ee728b)  -> (artifact id: 'df228d714a4d95637f822329aa8cfe86') in 0.002941 seconds 
  Import took 0.008280 seconds .

========================================================================
Received Import Request.
  Time since last request: 52.403417 seconds.
  path: Assets/Resources/Scriptable Objects/Trivia Sets/Intro - Level 3.asset
  artifactKey: Guid(509eb574736793546a483474d9934686) Importer(815301076,1909f56bfc062723c751e8b465ee728b)
Start importing Assets/Resources/Scriptable Objects/Trivia Sets/Intro - Level 3.asset using Guid(509eb574736793546a483474d9934686) Importer(815301076,1909f56bfc062723c751e8b465ee728b)  -> (artifact id: '0028acbd6c1df29077c4c6c32f3219d1') in 0.006274 seconds 
  Import took 0.011405 seconds .

========================================================================
Received Import Request.
  Time since last request: 16.181688 seconds.
  path: Assets/Resources/Scriptable Objects/Trivia Sets/Intro - Level 3.asset
  artifactKey: Guid(509eb574736793546a483474d9934686) Importer(815301076,1909f56bfc062723c751e8b465ee728b)
Start importing Assets/Resources/Scriptable Objects/Trivia Sets/Intro - Level 3.asset using Guid(509eb574736793546a483474d9934686) Importer(815301076,1909f56bfc062723c751e8b465ee728b)  -> (artifact id: '482167612eeb132bd81b5e1d0cfc6948') in 0.003848 seconds 
  Import took 0.008529 seconds .

========================================================================
Received Import Request.
  Time since last request: 257.107532 seconds.
  path: Assets/Resources/Scriptable Objects/Trivia Sets/Intro - Level 3.asset
  artifactKey: Guid(509eb574736793546a483474d9934686) Importer(815301076,1909f56bfc062723c751e8b465ee728b)
Start importing Assets/Resources/Scriptable Objects/Trivia Sets/Intro - Level 3.asset using Guid(509eb574736793546a483474d9934686) Importer(815301076,1909f56bfc062723c751e8b465ee728b)  -> (artifact id: 'f2384334a5ecba3e1d5c53ef9637ce99') in 0.003742 seconds 
  Import took 0.009192 seconds .

========================================================================
Received Import Request.
  Time since last request: 176.851997 seconds.
  path: Assets/Resources/Scriptable Objects/Trivia Sets/Intro - Level 3.asset
  artifactKey: Guid(509eb574736793546a483474d9934686) Importer(815301076,1909f56bfc062723c751e8b465ee728b)
Start importing Assets/Resources/Scriptable Objects/Trivia Sets/Intro - Level 3.asset using Guid(509eb574736793546a483474d9934686) Importer(815301076,1909f56bfc062723c751e8b465ee728b)  -> (artifact id: '0f83a8591d51aacb0856cf126de13d35') in 0.002961 seconds 
  Import took 0.008423 seconds .

========================================================================
Received Import Request.
  Time since last request: 38.830400 seconds.
  path: Assets/Resources/Scriptable Objects/Trivia Sets/Intro - Level 3.asset
  artifactKey: Guid(509eb574736793546a483474d9934686) Importer(815301076,1909f56bfc062723c751e8b465ee728b)
Start importing Assets/Resources/Scriptable Objects/Trivia Sets/Intro - Level 3.asset using Guid(509eb574736793546a483474d9934686) Importer(815301076,1909f56bfc062723c751e8b465ee728b)  -> (artifact id: 'dfa0f5475c1967f0fbfc1ae92b41eb56') in 0.002690 seconds 
  Import took 0.007705 seconds .

========================================================================
Received Import Request.
  Time since last request: 17.518362 seconds.
  path: Assets/Resources/Scriptable Objects/Trivia Sets/Intro - Level 3.asset
  artifactKey: Guid(509eb574736793546a483474d9934686) Importer(815301076,1909f56bfc062723c751e8b465ee728b)
Start importing Assets/Resources/Scriptable Objects/Trivia Sets/Intro - Level 3.asset using Guid(509eb574736793546a483474d9934686) Importer(815301076,1909f56bfc062723c751e8b465ee728b)  -> (artifact id: 'ee12401bb3e23e4f090fafbc6340c207') in 0.003856 seconds 
  Import took 0.008988 seconds .

========================================================================
Received Import Request.
  Time since last request: 239.419188 seconds.
  path: Assets/Resources/Scriptable Objects/Trivia Sets/Intro - Level 3.asset
  artifactKey: Guid(509eb574736793546a483474d9934686) Importer(815301076,1909f56bfc062723c751e8b465ee728b)
Start importing Assets/Resources/Scriptable Objects/Trivia Sets/Intro - Level 3.asset using Guid(509eb574736793546a483474d9934686) Importer(815301076,1909f56bfc062723c751e8b465ee728b)  -> (artifact id: '1636333f17aa09b38da8cf77d1cd5bc4') in 0.003466 seconds 
  Import took 0.008751 seconds .

========================================================================
Received Import Request.
  Time since last request: 264.847713 seconds.
  path: Assets/Art/track_crossing.png
  artifactKey: Guid(1a1f448620d72da48841679ab6585635) Importer(815301076,1909f56bfc062723c751e8b465ee728b)
Start importing Assets/Art/track_crossing.png using Guid(1a1f448620d72da48841679ab6585635) Importer(815301076,1909f56bfc062723c751e8b465ee728b)  -> (artifact id: 'c5aef08c82f8b729bfa12de756a5345e') in 0.072246 seconds 
  Import took 0.077578 seconds .

========================================================================
Received Import Request.
  Time since last request: 20.115691 seconds.
  path: Assets/Art/track_crossing.png
  artifactKey: Guid(1a1f448620d72da48841679ab6585635) Importer(815301076,1909f56bfc062723c751e8b465ee728b)
Start importing Assets/Art/track_crossing.png using Guid(1a1f448620d72da48841679ab6585635) Importer(815301076,1909f56bfc062723c751e8b465ee728b)  -> (artifact id: '936245358374c776b26d9cdf6169cf01') in 0.012809 seconds 
  Import took 0.017880 seconds .

========================================================================
Received Import Request.
  Time since last request: 101.950464 seconds.
  path: Assets/Art/track_crossing.png
  artifactKey: Guid(1a1f448620d72da48841679ab6585635) Importer(815301076,1909f56bfc062723c751e8b465ee728b)
Start importing Assets/Art/track_crossing.png using Guid(1a1f448620d72da48841679ab6585635) Importer(815301076,1909f56bfc062723c751e8b465ee728b)  -> (artifact id: '40bb822bce293802b05974cc8b08ce84') in 0.029483 seconds 
  Import took 0.034256 seconds .

========================================================================
Received Prepare
Registering precompiled user dll's ...
Registered in 0.006328 seconds.
Begin MonoManager ReloadAssembly
Native extension for WindowsStandalone target not found
Refreshing native plugins compatible for Editor in 2.13 ms, found 3 plugins.
Preloading 0 native plugins for Editor in 0.00 ms.
Mono: successfully reloaded assembly
- Completed reload, in  0.987 seconds
Domain Reload Profiling:
	ReloadAssembly (987ms)
		BeginReloadAssembly (108ms)
			ExecutionOrderSort (0ms)
			DisableScriptedObjects (5ms)
			BackupInstance (0ms)
			ReleaseScriptingObjects (0ms)
			CreateAndSetChildDomain (36ms)
		EndReloadAssembly (825ms)
			LoadAssemblies (69ms)
			RebuildTransferFunctionScriptingTraits (0ms)
			SetupTypeCache (280ms)
			ReleaseScriptCaches (1ms)
			RebuildScriptCaches (48ms)
			SetupLoadedEditorAssemblies (311ms)
				LogAssemblyErrors (0ms)
				InitializePlatformSupportModulesInManaged (8ms)
				SetLoadedEditorAssemblies (1ms)
				RefreshPlugins (2ms)
				BeforeProcessingInitializeOnLoad (98ms)
				ProcessInitializeOnLoadAttributes (190ms)
				ProcessInitializeOnLoadMethodAttributes (9ms)
				AfterProcessingInitializeOnLoad (4ms)
				EditorAssembliesLoaded (0ms)
			ExecutionOrderSort2 (0ms)
			AwakeInstancesAfterBackupRestoration (7ms)
Platform modules already initialized, skipping
Refreshing native plugins compatible for Editor in 1.11 ms, found 3 plugins.
Preloading 0 native plugins for Editor in 0.00 ms.
Unloading 3285 Unused Serialized files (Serialized files now loaded: 0)
System memory in use before: 135.0 MB.
System memory in use after: 135.2 MB.

Unloading 25 unused Assets to reduce memory usage. Loaded Objects now: 3757.
Total: 3.596300 ms (FindLiveObjects: 0.358500 ms CreateObjectMapping: 0.081200 ms MarkObjects: 3.129800 ms  DeleteObjects: 0.025500 ms)

AssetImportParameters requested are different than current active one (requested -> active):
  custom:framework-win-MediaFoundation: 216162199b28c13a410421893ffa2e32 -> 
  custom:video-decoder-ogg-theora: a1e56fd34408186e4bbccfd4996cb3dc -> 
  custom:container-muxer-webm: aa71ff27fc2769a1b78a27578f13a17b -> 
  custom:container-demuxer-webm: 4f35f7cbe854078d1ac9338744f61a02 -> 
  custom:container-demuxer-ogg: 62fdf1f143b41e24485cea50d1cbac27 -> 
  custom:video-encoder-webm-vp8: eb34c28f22e8b96e1ab97ce403110664 -> 
  custom:video-decoder-webm-vp8: 9c59270c3fd7afecdb556c50c9e8de78 -> 
  custom:audio-decoder-ogg-vorbis: bf7c407c2cedff20999df2af8eb42d56 -> 
  custom:audio-encoder-webm-vorbis: bf7c407c2cedff20999df2af8eb42d56 -> 
========================================================================
Received Prepare
Registering precompiled user dll's ...
Registered in 0.007796 seconds.
Begin MonoManager ReloadAssembly
Native extension for WindowsStandalone target not found
Refreshing native plugins compatible for Editor in 2.40 ms, found 3 plugins.
Preloading 0 native plugins for Editor in 0.00 ms.
Mono: successfully reloaded assembly
- Completed reload, in  1.062 seconds
Domain Reload Profiling:
	ReloadAssembly (1062ms)
		BeginReloadAssembly (111ms)
			ExecutionOrderSort (0ms)
			DisableScriptedObjects (5ms)
			BackupInstance (0ms)
			ReleaseScriptingObjects (0ms)
			CreateAndSetChildDomain (40ms)
		EndReloadAssembly (897ms)
			LoadAssemblies (79ms)
			RebuildTransferFunctionScriptingTraits (0ms)
			SetupTypeCache (310ms)
			ReleaseScriptCaches (2ms)
			RebuildScriptCaches (66ms)
			SetupLoadedEditorAssemblies (309ms)
				LogAssemblyErrors (0ms)
				InitializePlatformSupportModulesInManaged (4ms)
				SetLoadedEditorAssemblies (0ms)
				RefreshPlugins (2ms)
				BeforeProcessingInitializeOnLoad (99ms)
				ProcessInitializeOnLoadAttributes (190ms)
				ProcessInitializeOnLoadMethodAttributes (8ms)
				AfterProcessingInitializeOnLoad (4ms)
				EditorAssembliesLoaded (0ms)
			ExecutionOrderSort2 (0ms)
			AwakeInstancesAfterBackupRestoration (7ms)
Platform modules already initialized, skipping
Refreshing native plugins compatible for Editor in 1.19 ms, found 3 plugins.
Preloading 0 native plugins for Editor in 0.00 ms.
Unloading 3285 Unused Serialized files (Serialized files now loaded: 0)
System memory in use before: 135.0 MB.
System memory in use after: 135.3 MB.

Unloading 25 unused Assets to reduce memory usage. Loaded Objects now: 3759.
Total: 3.457500 ms (FindLiveObjects: 0.372400 ms CreateObjectMapping: 0.087000 ms MarkObjects: 2.977100 ms  DeleteObjects: 0.019600 ms)

AssetImportParameters requested are different than current active one (requested -> active):
  custom:framework-win-MediaFoundation: 216162199b28c13a410421893ffa2e32 -> 
  custom:video-decoder-ogg-theora: a1e56fd34408186e4bbccfd4996cb3dc -> 
  custom:container-muxer-webm: aa71ff27fc2769a1b78a27578f13a17b -> 
  custom:container-demuxer-webm: 4f35f7cbe854078d1ac9338744f61a02 -> 
  custom:container-demuxer-ogg: 62fdf1f143b41e24485cea50d1cbac27 -> 
  custom:video-encoder-webm-vp8: eb34c28f22e8b96e1ab97ce403110664 -> 
  custom:video-decoder-webm-vp8: 9c59270c3fd7afecdb556c50c9e8de78 -> 
  custom:audio-decoder-ogg-vorbis: bf7c407c2cedff20999df2af8eb42d56 -> 
  custom:audio-encoder-webm-vorbis: bf7c407c2cedff20999df2af8eb42d56 -> 
========================================================================
Received Prepare
Registering precompiled user dll's ...
Registered in 0.006639 seconds.
Begin MonoManager ReloadAssembly
Native extension for WindowsStandalone target not found
Refreshing native plugins compatible for Editor in 1.35 ms, found 3 plugins.
Preloading 0 native plugins for Editor in 0.00 ms.
Mono: successfully reloaded assembly
- Completed reload, in  1.046 seconds
Domain Reload Profiling:
	ReloadAssembly (1046ms)
		BeginReloadAssembly (96ms)
			ExecutionOrderSort (0ms)
			DisableScriptedObjects (5ms)
			BackupInstance (0ms)
			ReleaseScriptingObjects (0ms)
			CreateAndSetChildDomain (34ms)
		EndReloadAssembly (868ms)
			LoadAssemblies (99ms)
			RebuildTransferFunctionScriptingTraits (0ms)
			SetupTypeCache (286ms)
			ReleaseScriptCaches (1ms)
			RebuildScriptCaches (54ms)
			SetupLoadedEditorAssemblies (319ms)
				LogAssemblyErrors (0ms)
				InitializePlatformSupportModulesInManaged (4ms)
				SetLoadedEditorAssemblies (1ms)
				RefreshPlugins (1ms)
				BeforeProcessingInitializeOnLoad (71ms)
				ProcessInitializeOnLoadAttributes (228ms)
				ProcessInitializeOnLoadMethodAttributes (9ms)
				AfterProcessingInitializeOnLoad (4ms)
				EditorAssembliesLoaded (0ms)
			ExecutionOrderSort2 (0ms)
			AwakeInstancesAfterBackupRestoration (7ms)
Platform modules already initialized, skipping
Refreshing native plugins compatible for Editor in 1.25 ms, found 3 plugins.
Preloading 0 native plugins for Editor in 0.00 ms.
Unloading 3285 Unused Serialized files (Serialized files now loaded: 0)
System memory in use before: 135.1 MB.
System memory in use after: 135.3 MB.

Unloading 25 unused Assets to reduce memory usage. Loaded Objects now: 3761.
Total: 3.299100 ms (FindLiveObjects: 0.333200 ms CreateObjectMapping: 0.079500 ms MarkObjects: 2.869100 ms  DeleteObjects: 0.016100 ms)

AssetImportParameters requested are different than current active one (requested -> active):
  custom:framework-win-MediaFoundation: 216162199b28c13a410421893ffa2e32 -> 
  custom:video-decoder-ogg-theora: a1e56fd34408186e4bbccfd4996cb3dc -> 
  custom:container-muxer-webm: aa71ff27fc2769a1b78a27578f13a17b -> 
  custom:container-demuxer-webm: 4f35f7cbe854078d1ac9338744f61a02 -> 
  custom:container-demuxer-ogg: 62fdf1f143b41e24485cea50d1cbac27 -> 
  custom:video-encoder-webm-vp8: eb34c28f22e8b96e1ab97ce403110664 -> 
  custom:video-decoder-webm-vp8: 9c59270c3fd7afecdb556c50c9e8de78 -> 
  custom:audio-decoder-ogg-vorbis: bf7c407c2cedff20999df2af8eb42d56 -> 
  custom:audio-encoder-webm-vorbis: bf7c407c2cedff20999df2af8eb42d56 -> 
========================================================================
Received Prepare
Registering precompiled user dll's ...
Registered in 0.005896 seconds.
Begin MonoManager ReloadAssembly
Native extension for WindowsStandalone target not found
Refreshing native plugins compatible for Editor in 1.57 ms, found 3 plugins.
Preloading 0 native plugins for Editor in 0.00 ms.
Mono: successfully reloaded assembly
- Completed reload, in  0.874 seconds
Domain Reload Profiling:
	ReloadAssembly (875ms)
		BeginReloadAssembly (98ms)
			ExecutionOrderSort (0ms)
			DisableScriptedObjects (5ms)
			BackupInstance (0ms)
			ReleaseScriptingObjects (0ms)
			CreateAndSetChildDomain (32ms)
		EndReloadAssembly (727ms)
			LoadAssemblies (70ms)
			RebuildTransferFunctionScriptingTraits (0ms)
			SetupTypeCache (256ms)
			ReleaseScriptCaches (1ms)
			RebuildScriptCaches (42ms)
			SetupLoadedEditorAssemblies (268ms)
				LogAssemblyErrors (0ms)
				InitializePlatformSupportModulesInManaged (3ms)
				SetLoadedEditorAssemblies (0ms)
				RefreshPlugins (2ms)
				BeforeProcessingInitializeOnLoad (70ms)
				ProcessInitializeOnLoadAttributes (180ms)
				ProcessInitializeOnLoadMethodAttributes (8ms)
				AfterProcessingInitializeOnLoad (4ms)
				EditorAssembliesLoaded (0ms)
			ExecutionOrderSort2 (0ms)
			AwakeInstancesAfterBackupRestoration (7ms)
Platform modules already initialized, skipping
Refreshing native plugins compatible for Editor in 1.12 ms, found 3 plugins.
Preloading 0 native plugins for Editor in 0.00 ms.
Unloading 3285 Unused Serialized files (Serialized files now loaded: 0)
System memory in use before: 135.1 MB.
System memory in use after: 135.3 MB.

Unloading 25 unused Assets to reduce memory usage. Loaded Objects now: 3763.
Total: 3.233000 ms (FindLiveObjects: 0.329800 ms CreateObjectMapping: 0.080800 ms MarkObjects: 2.805200 ms  DeleteObjects: 0.016300 ms)

AssetImportParameters requested are different than current active one (requested -> active):
  custom:framework-win-MediaFoundation: 216162199b28c13a410421893ffa2e32 -> 
  custom:video-decoder-ogg-theora: a1e56fd34408186e4bbccfd4996cb3dc -> 
  custom:container-muxer-webm: aa71ff27fc2769a1b78a27578f13a17b -> 
  custom:container-demuxer-webm: 4f35f7cbe854078d1ac9338744f61a02 -> 
  custom:container-demuxer-ogg: 62fdf1f143b41e24485cea50d1cbac27 -> 
  custom:video-encoder-webm-vp8: eb34c28f22e8b96e1ab97ce403110664 -> 
  custom:video-decoder-webm-vp8: 9c59270c3fd7afecdb556c50c9e8de78 -> 
  custom:audio-decoder-ogg-vorbis: bf7c407c2cedff20999df2af8eb42d56 -> 
  custom:audio-encoder-webm-vorbis: bf7c407c2cedff20999df2af8eb42d56 -> 
========================================================================
Received Prepare
Registering precompiled user dll's ...
Registered in 0.006297 seconds.
Begin MonoManager ReloadAssembly
Native extension for WindowsStandalone target not found
Refreshing native plugins compatible for Editor in 1.27 ms, found 3 plugins.
Preloading 0 native plugins for Editor in 0.00 ms.
Mono: successfully reloaded assembly
- Completed reload, in  0.876 seconds
Domain Reload Profiling:
	ReloadAssembly (876ms)
		BeginReloadAssembly (96ms)
			ExecutionOrderSort (0ms)
			DisableScriptedObjects (5ms)
			BackupInstance (0ms)
			ReleaseScriptingObjects (0ms)
			CreateAndSetChildDomain (33ms)
		EndReloadAssembly (730ms)
			LoadAssemblies (76ms)
			RebuildTransferFunctionScriptingTraits (0ms)
			SetupTypeCache (255ms)
			ReleaseScriptCaches (1ms)
			RebuildScriptCaches (41ms)
			SetupLoadedEditorAssemblies (261ms)
				LogAssemblyErrors (0ms)
				InitializePlatformSupportModulesInManaged (3ms)
				SetLoadedEditorAssemblies (0ms)
				RefreshPlugins (1ms)
				BeforeProcessingInitializeOnLoad (67ms)
				ProcessInitializeOnLoadAttributes (177ms)
				ProcessInitializeOnLoadMethodAttributes (8ms)
				AfterProcessingInitializeOnLoad (4ms)
				EditorAssembliesLoaded (0ms)
			ExecutionOrderSort2 (0ms)
			AwakeInstancesAfterBackupRestoration (6ms)
Platform modules already initialized, skipping
Refreshing native plugins compatible for Editor in 1.10 ms, found 3 plugins.
Preloading 0 native plugins for Editor in 0.00 ms.
Unloading 3285 Unused Serialized files (Serialized files now loaded: 0)
System memory in use before: 135.1 MB.
System memory in use after: 135.3 MB.

Unloading 25 unused Assets to reduce memory usage. Loaded Objects now: 3765.
Total: 3.739500 ms (FindLiveObjects: 0.303800 ms CreateObjectMapping: 0.079100 ms MarkObjects: 3.330700 ms  DeleteObjects: 0.024200 ms)

AssetImportParameters requested are different than current active one (requested -> active):
  custom:framework-win-MediaFoundation: 216162199b28c13a410421893ffa2e32 -> 
  custom:video-decoder-ogg-theora: a1e56fd34408186e4bbccfd4996cb3dc -> 
  custom:container-muxer-webm: aa71ff27fc2769a1b78a27578f13a17b -> 
  custom:container-demuxer-webm: 4f35f7cbe854078d1ac9338744f61a02 -> 
  custom:container-demuxer-ogg: 62fdf1f143b41e24485cea50d1cbac27 -> 
  custom:video-encoder-webm-vp8: eb34c28f22e8b96e1ab97ce403110664 -> 
  custom:video-decoder-webm-vp8: 9c59270c3fd7afecdb556c50c9e8de78 -> 
  custom:audio-decoder-ogg-vorbis: bf7c407c2cedff20999df2af8eb42d56 -> 
  custom:audio-encoder-webm-vorbis: bf7c407c2cedff20999df2af8eb42d56 -> 
========================================================================
Received Prepare
Registering precompiled user dll's ...
Registered in 0.005875 seconds.
Begin MonoManager ReloadAssembly
Native extension for WindowsStandalone target not found
Refreshing native plugins compatible for Editor in 1.74 ms, found 3 plugins.
Preloading 0 native plugins for Editor in 0.00 ms.
Mono: successfully reloaded assembly
- Completed reload, in  0.867 seconds
Domain Reload Profiling:
	ReloadAssembly (867ms)
		BeginReloadAssembly (97ms)
			ExecutionOrderSort (0ms)
			DisableScriptedObjects (5ms)
			BackupInstance (0ms)
			ReleaseScriptingObjects (0ms)
			CreateAndSetChildDomain (30ms)
		EndReloadAssembly (722ms)
			LoadAssemblies (69ms)
			RebuildTransferFunctionScriptingTraits (0ms)
			SetupTypeCache (252ms)
			ReleaseScriptCaches (1ms)
			RebuildScriptCaches (41ms)
			SetupLoadedEditorAssemblies (266ms)
				LogAssemblyErrors (0ms)
				InitializePlatformSupportModulesInManaged (4ms)
				SetLoadedEditorAssemblies (0ms)
				RefreshPlugins (2ms)
				BeforeProcessingInitializeOnLoad (70ms)
				ProcessInitializeOnLoadAttributes (177ms)
				ProcessInitializeOnLoadMethodAttributes (8ms)
				AfterProcessingInitializeOnLoad (4ms)
				EditorAssembliesLoaded (0ms)
			ExecutionOrderSort2 (0ms)
			AwakeInstancesAfterBackupRestoration (6ms)
Platform modules already initialized, skipping
Refreshing native plugins compatible for Editor in 1.12 ms, found 3 plugins.
Preloading 0 native plugins for Editor in 0.00 ms.
Unloading 3285 Unused Serialized files (Serialized files now loaded: 0)
System memory in use before: 135.1 MB.
System memory in use after: 135.3 MB.

Unloading 25 unused Assets to reduce memory usage. Loaded Objects now: 3767.
Total: 3.295200 ms (FindLiveObjects: 0.332200 ms CreateObjectMapping: 0.080400 ms MarkObjects: 2.865100 ms  DeleteObjects: 0.016300 ms)

AssetImportParameters requested are different than current active one (requested -> active):
  custom:framework-win-MediaFoundation: 216162199b28c13a410421893ffa2e32 -> 
  custom:video-decoder-ogg-theora: a1e56fd34408186e4bbccfd4996cb3dc -> 
  custom:container-muxer-webm: aa71ff27fc2769a1b78a27578f13a17b -> 
  custom:container-demuxer-webm: 4f35f7cbe854078d1ac9338744f61a02 -> 
  custom:container-demuxer-ogg: 62fdf1f143b41e24485cea50d1cbac27 -> 
  custom:video-encoder-webm-vp8: eb34c28f22e8b96e1ab97ce403110664 -> 
  custom:video-decoder-webm-vp8: 9c59270c3fd7afecdb556c50c9e8de78 -> 
  custom:audio-decoder-ogg-vorbis: bf7c407c2cedff20999df2af8eb42d56 -> 
  custom:audio-encoder-webm-vorbis: bf7c407c2cedff20999df2af8eb42d56 -> 
========================================================================
Received Import Request.
  Time since last request: 2518.115174 seconds.
  path: Assets/Resources/Scriptable Objects/Trivia Sets/New Trivia Question Set.asset
  artifactKey: Guid(1b32e7ad7052a8845823323c096f8a8f) Importer(815301076,1909f56bfc062723c751e8b465ee728b)
Start importing Assets/Resources/Scriptable Objects/Trivia Sets/New Trivia Question Set.asset using Guid(1b32e7ad7052a8845823323c096f8a8f) Importer(815301076,1909f56bfc062723c751e8b465ee728b)  -> (artifact id: '2b247782706ce9a3da9dd35971fb4610') in 0.021543 seconds 
  Import took 0.026989 seconds .

========================================================================
Received Import Request.
  Time since last request: 11.201788 seconds.
  path: Assets/Resources/Scriptable Objects/Trivia Sets/Dogs - Level 1.asset
  artifactKey: Guid(1b32e7ad7052a8845823323c096f8a8f) Importer(815301076,1909f56bfc062723c751e8b465ee728b)
Start importing Assets/Resources/Scriptable Objects/Trivia Sets/Dogs - Level 1.asset using Guid(1b32e7ad7052a8845823323c096f8a8f) Importer(815301076,1909f56bfc062723c751e8b465ee728b)  -> (artifact id: '171edd215edcc1c758895d269d632d27') in 0.006857 seconds 
  Import took 0.011843 seconds .

========================================================================
Received Import Request.
  Time since last request: 111.390342 seconds.
  path: Assets/Resources/Scriptable Objects/Trivia Sets/Dogs - Level 1.asset
  artifactKey: Guid(1b32e7ad7052a8845823323c096f8a8f) Importer(815301076,1909f56bfc062723c751e8b465ee728b)
Start importing Assets/Resources/Scriptable Objects/Trivia Sets/Dogs - Level 1.asset using Guid(1b32e7ad7052a8845823323c096f8a8f) Importer(815301076,1909f56bfc062723c751e8b465ee728b)  -> (artifact id: '4274dda9943017bfb3855e3f48b59381') in 0.002750 seconds 
  Import took 0.007840 seconds .

========================================================================
Received Import Request.
  Time since last request: 3.687979 seconds.
  path: Assets/Resources/Scriptable Objects/Trivia Sets/Intro - Level 1.asset
  artifactKey: Guid(67235b251a4c0af428b93884eb1d3387) Importer(815301076,1909f56bfc062723c751e8b465ee728b)
Start importing Assets/Resources/Scriptable Objects/Trivia Sets/Intro - Level 1.asset using Guid(67235b251a4c0af428b93884eb1d3387) Importer(815301076,1909f56bfc062723c751e8b465ee728b)  -> (artifact id: 'eb33a7c3cf5db94b57a055ffe449b202') in 0.003900 seconds 
  Import took 0.008767 seconds .

========================================================================
Received Import Request.
  Time since last request: 0.846391 seconds.
  path: Assets/Resources/Scriptable Objects/Trivia Sets/Dogs - Level 1.asset
  artifactKey: Guid(1b32e7ad7052a8845823323c096f8a8f) Importer(815301076,1909f56bfc062723c751e8b465ee728b)
Start importing Assets/Resources/Scriptable Objects/Trivia Sets/Dogs - Level 1.asset using Guid(1b32e7ad7052a8845823323c096f8a8f) Importer(815301076,1909f56bfc062723c751e8b465ee728b)  -> (artifact id: '09d9321dedacbd2b148f1b6024799dda') in 0.003433 seconds 
  Import took 0.008579 seconds .

========================================================================
Received Import Request.
  Time since last request: 0.728993 seconds.
  path: Assets/Resources/Scriptable Objects/Trivia Sets/Dogs - Level 2.asset
  artifactKey: Guid(ac7290b48c03d434397ee6167cee6b6b) Importer(815301076,1909f56bfc062723c751e8b465ee728b)
Start importing Assets/Resources/Scriptable Objects/Trivia Sets/Dogs - Level 2.asset using Guid(ac7290b48c03d434397ee6167cee6b6b) Importer(815301076,1909f56bfc062723c751e8b465ee728b)  -> (artifact id: '09c5893a480057080b1a21760496169b') in 0.006928 seconds 
  Import took 0.011681 seconds .

========================================================================
Received Import Request.
  Time since last request: 14.762481 seconds.
  path: Assets/Resources/Scriptable Objects/Trivia Sets/Dogs - Level 2.asset
  artifactKey: Guid(ac7290b48c03d434397ee6167cee6b6b) Importer(815301076,1909f56bfc062723c751e8b465ee728b)
Start importing Assets/Resources/Scriptable Objects/Trivia Sets/Dogs - Level 2.asset using Guid(ac7290b48c03d434397ee6167cee6b6b) Importer(815301076,1909f56bfc062723c751e8b465ee728b)  -> (artifact id: 'bd25b5907b377c77ab7881c291270be5') in 0.003649 seconds 
  Import took 0.008596 seconds .

========================================================================
Received Import Request.
  Time since last request: 86.186469 seconds.
  path: Assets/Resources/Scriptable Objects/Trivia Sets/Dogs - Level 2.asset
  artifactKey: Guid(ac7290b48c03d434397ee6167cee6b6b) Importer(815301076,1909f56bfc062723c751e8b465ee728b)
Start importing Assets/Resources/Scriptable Objects/Trivia Sets/Dogs - Level 2.asset using Guid(ac7290b48c03d434397ee6167cee6b6b) Importer(815301076,1909f56bfc062723c751e8b465ee728b)  -> (artifact id: 'b5be901e1b937be479301ad2693e7863') in 0.002990 seconds 
  Import took 0.008162 seconds .

========================================================================
Received Import Request.
  Time since last request: 83.252357 seconds.
  path: Assets/Resources/Scriptable Objects/Trivia Sets/Dogs - Level 1.asset
  artifactKey: Guid(1b32e7ad7052a8845823323c096f8a8f) Importer(815301076,1909f56bfc062723c751e8b465ee728b)
Start importing Assets/Resources/Scriptable Objects/Trivia Sets/Dogs - Level 1.asset using Guid(1b32e7ad7052a8845823323c096f8a8f) Importer(815301076,1909f56bfc062723c751e8b465ee728b)  -> (artifact id: 'f13f859665a1deec6ea41e7779d06036') in 0.002987 seconds 
  Import took 0.007826 seconds .

========================================================================
Received Import Request.
  Time since last request: 5.203725 seconds.
  path: Assets/Resources/Scriptable Objects/Trivia Sets/Intro - Level 2.asset
  artifactKey: Guid(d5f3299fcbc682f45be803d47b22cfd1) Importer(815301076,1909f56bfc062723c751e8b465ee728b)
Start importing Assets/Resources/Scriptable Objects/Trivia Sets/Intro - Level 2.asset using Guid(d5f3299fcbc682f45be803d47b22cfd1) Importer(815301076,1909f56bfc062723c751e8b465ee728b)  -> (artifact id: '4011453273193eb19601baae2e1a182d') in 0.004071 seconds 
  Import took 0.008882 seconds .

========================================================================
Received Prepare
Registering precompiled user dll's ...
Registered in 0.006250 seconds.
Begin MonoManager ReloadAssembly
Native extension for WindowsStandalone target not found
Refreshing native plugins compatible for Editor in 1.15 ms, found 3 plugins.
Preloading 0 native plugins for Editor in 0.00 ms.
Mono: successfully reloaded assembly
- Completed reload, in  0.991 seconds
Domain Reload Profiling:
	ReloadAssembly (991ms)
		BeginReloadAssembly (110ms)
			ExecutionOrderSort (0ms)
			DisableScriptedObjects (5ms)
			BackupInstance (0ms)
			ReleaseScriptingObjects (0ms)
			CreateAndSetChildDomain (39ms)
		EndReloadAssembly (814ms)
			LoadAssemblies (86ms)
			RebuildTransferFunctionScriptingTraits (0ms)
			SetupTypeCache (301ms)
			ReleaseScriptCaches (1ms)
			RebuildScriptCaches (43ms)
			SetupLoadedEditorAssemblies (293ms)
				LogAssemblyErrors (0ms)
				InitializePlatformSupportModulesInManaged (3ms)
				SetLoadedEditorAssemblies (0ms)
				RefreshPlugins (1ms)
				BeforeProcessingInitializeOnLoad (94ms)
				ProcessInitializeOnLoadAttributes (182ms)
				ProcessInitializeOnLoadMethodAttributes (9ms)
				AfterProcessingInitializeOnLoad (4ms)
				EditorAssembliesLoaded (0ms)
			ExecutionOrderSort2 (0ms)
			AwakeInstancesAfterBackupRestoration (7ms)
Platform modules already initialized, skipping
Refreshing native plugins compatible for Editor in 1.14 ms, found 3 plugins.
Preloading 0 native plugins for Editor in 0.00 ms.
Unloading 3285 Unused Serialized files (Serialized files now loaded: 0)
System memory in use before: 135.1 MB.
System memory in use after: 135.3 MB.

Unloading 25 unused Assets to reduce memory usage. Loaded Objects now: 3769.
Total: 3.381300 ms (FindLiveObjects: 0.359000 ms CreateObjectMapping: 0.084300 ms MarkObjects: 2.918600 ms  DeleteObjects: 0.018500 ms)

AssetImportParameters requested are different than current active one (requested -> active):
  custom:framework-win-MediaFoundation: 216162199b28c13a410421893ffa2e32 -> 
  custom:video-decoder-ogg-theora: a1e56fd34408186e4bbccfd4996cb3dc -> 
  custom:container-muxer-webm: aa71ff27fc2769a1b78a27578f13a17b -> 
  custom:container-demuxer-webm: 4f35f7cbe854078d1ac9338744f61a02 -> 
  custom:container-demuxer-ogg: 62fdf1f143b41e24485cea50d1cbac27 -> 
  custom:video-encoder-webm-vp8: eb34c28f22e8b96e1ab97ce403110664 -> 
  custom:video-decoder-webm-vp8: 9c59270c3fd7afecdb556c50c9e8de78 -> 
  custom:audio-decoder-ogg-vorbis: bf7c407c2cedff20999df2af8eb42d56 -> 
  custom:audio-encoder-webm-vorbis: bf7c407c2cedff20999df2af8eb42d56 -> 
========================================================================
Received Prepare
Registering precompiled user dll's ...
Registered in 0.005889 seconds.
Begin MonoManager ReloadAssembly
Native extension for WindowsStandalone target not found
Refreshing native plugins compatible for Editor in 1.12 ms, found 3 plugins.
Preloading 0 native plugins for Editor in 0.00 ms.
Mono: successfully reloaded assembly
- Completed reload, in  0.866 seconds
Domain Reload Profiling:
	ReloadAssembly (867ms)
		BeginReloadAssembly (96ms)
			ExecutionOrderSort (0ms)
			DisableScriptedObjects (5ms)
			BackupInstance (0ms)
			ReleaseScriptingObjects (0ms)
			CreateAndSetChildDomain (33ms)
		EndReloadAssembly (719ms)
			LoadAssemblies (71ms)
			RebuildTransferFunctionScriptingTraits (0ms)
			SetupTypeCache (257ms)
			ReleaseScriptCaches (1ms)
			RebuildScriptCaches (44ms)
			SetupLoadedEditorAssemblies (255ms)
				LogAssemblyErrors (0ms)
				InitializePlatformSupportModulesInManaged (3ms)
				SetLoadedEditorAssemblies (0ms)
				RefreshPlugins (1ms)
				BeforeProcessingInitializeOnLoad (65ms)
				ProcessInitializeOnLoadAttributes (173ms)
				ProcessInitializeOnLoadMethodAttributes (8ms)
				AfterProcessingInitializeOnLoad (4ms)
				EditorAssembliesLoaded (0ms)
			ExecutionOrderSort2 (0ms)
			AwakeInstancesAfterBackupRestoration (7ms)
Platform modules already initialized, skipping
Refreshing native plugins compatible for Editor in 1.12 ms, found 3 plugins.
Preloading 0 native plugins for Editor in 0.00 ms.
Unloading 3285 Unused Serialized files (Serialized files now loaded: 0)
System memory in use before: 135.1 MB.
System memory in use after: 135.3 MB.

Unloading 25 unused Assets to reduce memory usage. Loaded Objects now: 3771.
Total: 3.209100 ms (FindLiveObjects: 0.335400 ms CreateObjectMapping: 0.078800 ms MarkObjects: 2.778300 ms  DeleteObjects: 0.015900 ms)

AssetImportParameters requested are different than current active one (requested -> active):
  custom:framework-win-MediaFoundation: 216162199b28c13a410421893ffa2e32 -> 
  custom:video-decoder-ogg-theora: a1e56fd34408186e4bbccfd4996cb3dc -> 
  custom:container-muxer-webm: aa71ff27fc2769a1b78a27578f13a17b -> 
  custom:container-demuxer-webm: 4f35f7cbe854078d1ac9338744f61a02 -> 
  custom:container-demuxer-ogg: 62fdf1f143b41e24485cea50d1cbac27 -> 
  custom:video-encoder-webm-vp8: eb34c28f22e8b96e1ab97ce403110664 -> 
  custom:video-decoder-webm-vp8: 9c59270c3fd7afecdb556c50c9e8de78 -> 
  custom:audio-decoder-ogg-vorbis: bf7c407c2cedff20999df2af8eb42d56 -> 
  custom:audio-encoder-webm-vorbis: bf7c407c2cedff20999df2af8eb42d56 -> 
========================================================================
Received Prepare
Registering precompiled user dll's ...
Registered in 0.005969 seconds.
Begin MonoManager ReloadAssembly
Native extension for WindowsStandalone target not found
Refreshing native plugins compatible for Editor in 1.16 ms, found 3 plugins.
Preloading 0 native plugins for Editor in 0.00 ms.
Mono: successfully reloaded assembly
- Completed reload, in  0.877 seconds
Domain Reload Profiling:
	ReloadAssembly (877ms)
		BeginReloadAssembly (99ms)
			ExecutionOrderSort (0ms)
			DisableScriptedObjects (5ms)
			BackupInstance (0ms)
			ReleaseScriptingObjects (0ms)
			CreateAndSetChildDomain (30ms)
		EndReloadAssembly (726ms)
			LoadAssemblies (73ms)
			RebuildTransferFunctionScriptingTraits (0ms)
			SetupTypeCache (261ms)
			ReleaseScriptCaches (1ms)
			RebuildScriptCaches (43ms)
			SetupLoadedEditorAssemblies (258ms)
				LogAssemblyErrors (0ms)
				InitializePlatformSupportModulesInManaged (3ms)
				SetLoadedEditorAssemblies (0ms)
				RefreshPlugins (1ms)
				BeforeProcessingInitializeOnLoad (64ms)
				ProcessInitializeOnLoadAttributes (177ms)
				ProcessInitializeOnLoadMethodAttributes (8ms)
				AfterProcessingInitializeOnLoad (4ms)
				EditorAssembliesLoaded (0ms)
			ExecutionOrderSort2 (0ms)
			AwakeInstancesAfterBackupRestoration (7ms)
Platform modules already initialized, skipping
Refreshing native plugins compatible for Editor in 1.14 ms, found 3 plugins.
Preloading 0 native plugins for Editor in 0.00 ms.
Unloading 3285 Unused Serialized files (Serialized files now loaded: 0)
System memory in use before: 135.1 MB.
System memory in use after: 135.3 MB.

Unloading 25 unused Assets to reduce memory usage. Loaded Objects now: 3773.
Total: 3.236900 ms (FindLiveObjects: 0.319100 ms CreateObjectMapping: 0.079900 ms MarkObjects: 2.819900 ms  DeleteObjects: 0.017100 ms)

AssetImportParameters requested are different than current active one (requested -> active):
  custom:framework-win-MediaFoundation: 216162199b28c13a410421893ffa2e32 -> 
  custom:video-decoder-ogg-theora: a1e56fd34408186e4bbccfd4996cb3dc -> 
  custom:container-muxer-webm: aa71ff27fc2769a1b78a27578f13a17b -> 
  custom:container-demuxer-webm: 4f35f7cbe854078d1ac9338744f61a02 -> 
  custom:container-demuxer-ogg: 62fdf1f143b41e24485cea50d1cbac27 -> 
  custom:video-encoder-webm-vp8: eb34c28f22e8b96e1ab97ce403110664 -> 
  custom:video-decoder-webm-vp8: 9c59270c3fd7afecdb556c50c9e8de78 -> 
  custom:audio-decoder-ogg-vorbis: bf7c407c2cedff20999df2af8eb42d56 -> 
  custom:audio-encoder-webm-vorbis: bf7c407c2cedff20999df2af8eb42d56 -> 
========================================================================
Received Prepare
Registering precompiled user dll's ...
Registered in 0.005970 seconds.
Begin MonoManager ReloadAssembly
Native extension for WindowsStandalone target not found
Refreshing native plugins compatible for Editor in 1.19 ms, found 3 plugins.
Preloading 0 native plugins for Editor in 0.00 ms.
Mono: successfully reloaded assembly
- Completed reload, in  0.890 seconds
Domain Reload Profiling:
	ReloadAssembly (890ms)
		BeginReloadAssembly (95ms)
			ExecutionOrderSort (0ms)
			DisableScriptedObjects (5ms)
			BackupInstance (0ms)
			ReleaseScriptingObjects (0ms)
			CreateAndSetChildDomain (30ms)
		EndReloadAssembly (746ms)
			LoadAssemblies (69ms)
			RebuildTransferFunctionScriptingTraits (0ms)
			SetupTypeCache (258ms)
			ReleaseScriptCaches (1ms)
			RebuildScriptCaches (42ms)
			SetupLoadedEditorAssemblies (279ms)
				LogAssemblyErrors (0ms)
				InitializePlatformSupportModulesInManaged (3ms)
				SetLoadedEditorAssemblies (0ms)
				RefreshPlugins (1ms)
				BeforeProcessingInitializeOnLoad (75ms)
				ProcessInitializeOnLoadAttributes (188ms)
				ProcessInitializeOnLoadMethodAttributes (8ms)
				AfterProcessingInitializeOnLoad (4ms)
				EditorAssembliesLoaded (0ms)
			ExecutionOrderSort2 (0ms)
			AwakeInstancesAfterBackupRestoration (7ms)
Platform modules already initialized, skipping
Refreshing native plugins compatible for Editor in 1.12 ms, found 3 plugins.
Preloading 0 native plugins for Editor in 0.00 ms.
Unloading 3285 Unused Serialized files (Serialized files now loaded: 0)
System memory in use before: 135.1 MB.
System memory in use after: 135.4 MB.

Unloading 25 unused Assets to reduce memory usage. Loaded Objects now: 3775.
Total: 3.848600 ms (FindLiveObjects: 0.345500 ms CreateObjectMapping: 0.127800 ms MarkObjects: 3.355400 ms  DeleteObjects: 0.018700 ms)

AssetImportParameters requested are different than current active one (requested -> active):
  custom:framework-win-MediaFoundation: 216162199b28c13a410421893ffa2e32 -> 
  custom:video-decoder-ogg-theora: a1e56fd34408186e4bbccfd4996cb3dc -> 
  custom:container-muxer-webm: aa71ff27fc2769a1b78a27578f13a17b -> 
  custom:container-demuxer-webm: 4f35f7cbe854078d1ac9338744f61a02 -> 
  custom:container-demuxer-ogg: 62fdf1f143b41e24485cea50d1cbac27 -> 
  custom:video-encoder-webm-vp8: eb34c28f22e8b96e1ab97ce403110664 -> 
  custom:video-decoder-webm-vp8: 9c59270c3fd7afecdb556c50c9e8de78 -> 
  custom:audio-decoder-ogg-vorbis: bf7c407c2cedff20999df2af8eb42d56 -> 
  custom:audio-encoder-webm-vorbis: bf7c407c2cedff20999df2af8eb42d56 -> 
========================================================================
Received Prepare
Registering precompiled user dll's ...
Registered in 0.005857 seconds.
Begin MonoManager ReloadAssembly
Native extension for WindowsStandalone target not found
Refreshing native plugins compatible for Editor in 1.33 ms, found 3 plugins.
Preloading 0 native plugins for Editor in 0.00 ms.
Mono: successfully reloaded assembly
- Completed reload, in  0.871 seconds
Domain Reload Profiling:
	ReloadAssembly (871ms)
		BeginReloadAssembly (95ms)
			ExecutionOrderSort (0ms)
			DisableScriptedObjects (4ms)
			BackupInstance (0ms)
			ReleaseScriptingObjects (0ms)
			CreateAndSetChildDomain (31ms)
		EndReloadAssembly (728ms)
			LoadAssemblies (69ms)
			RebuildTransferFunctionScriptingTraits (0ms)
			SetupTypeCache (252ms)
			ReleaseScriptCaches (1ms)
			RebuildScriptCaches (49ms)
			SetupLoadedEditorAssemblies (261ms)
				LogAssemblyErrors (0ms)
				InitializePlatformSupportModulesInManaged (3ms)
				SetLoadedEditorAssemblies (0ms)
				RefreshPlugins (1ms)
				BeforeProcessingInitializeOnLoad (67ms)
				ProcessInitializeOnLoadAttributes (178ms)
				ProcessInitializeOnLoadMethodAttributes (8ms)
				AfterProcessingInitializeOnLoad (4ms)
				EditorAssembliesLoaded (0ms)
			ExecutionOrderSort2 (0ms)
			AwakeInstancesAfterBackupRestoration (6ms)
Platform modules already initialized, skipping
Refreshing native plugins compatible for Editor in 1.22 ms, found 3 plugins.
Preloading 0 native plugins for Editor in 0.00 ms.
Unloading 3285 Unused Serialized files (Serialized files now loaded: 0)
System memory in use before: 135.1 MB.
System memory in use after: 135.4 MB.

Unloading 25 unused Assets to reduce memory usage. Loaded Objects now: 3777.
Total: 3.364200 ms (FindLiveObjects: 0.340700 ms CreateObjectMapping: 0.089200 ms MarkObjects: 2.912800 ms  DeleteObjects: 0.020500 ms)

AssetImportParameters requested are different than current active one (requested -> active):
  custom:framework-win-MediaFoundation: 216162199b28c13a410421893ffa2e32 -> 
  custom:video-decoder-ogg-theora: a1e56fd34408186e4bbccfd4996cb3dc -> 
  custom:container-muxer-webm: aa71ff27fc2769a1b78a27578f13a17b -> 
  custom:container-demuxer-webm: 4f35f7cbe854078d1ac9338744f61a02 -> 
  custom:container-demuxer-ogg: 62fdf1f143b41e24485cea50d1cbac27 -> 
  custom:video-encoder-webm-vp8: eb34c28f22e8b96e1ab97ce403110664 -> 
  custom:video-decoder-webm-vp8: 9c59270c3fd7afecdb556c50c9e8de78 -> 
  custom:audio-decoder-ogg-vorbis: bf7c407c2cedff20999df2af8eb42d56 -> 
  custom:audio-encoder-webm-vorbis: bf7c407c2cedff20999df2af8eb42d56 -> 
========================================================================
Received Import Request.
  Time since last request: 282.092686 seconds.
  path: Assets/Resources/Scriptable Objects/Trivia Sets/Dogs - Level 1.asset
  artifactKey: Guid(1b32e7ad7052a8845823323c096f8a8f) Importer(815301076,1909f56bfc062723c751e8b465ee728b)
Start importing Assets/Resources/Scriptable Objects/Trivia Sets/Dogs - Level 1.asset using Guid(1b32e7ad7052a8845823323c096f8a8f) Importer(815301076,1909f56bfc062723c751e8b465ee728b)  -> (artifact id: 'a901d06d4cdd783c77857f4cc8db09d9') in 0.016633 seconds 
  Import took 0.021272 seconds .

AssetImportWorkerClient::OnTransportError - code=2 error=End of file
